vbe: Initialising...
vbe: Version: 3.0
vbe: OEM: SeaBIOS VBE(C) 2011
vbe: Graphics vendor: SeaBIOS Developers
vbe: Product name: SeaBIOS VBE Adapter
vbe: Product revision: Rev. 1
edid: Success.
vbe: EDID detected screen resolution of 1280x800
vbe: Found matching mode 0x17a, attempting to set...
vbe: Framebuffer address: 0xfd000000
edid: Success.
[2J[H
[2;27H[36mLimine 11.4.0 (x86-64, BIOS)[0m



[13;1H                                   [7m tobyOS [27m
[4;1H    [32mARROWS[0m Select    [32mENTER[0m Boot    [32mE[0m Edit[4;64H[32mB[0m Blank Entry[14;1H

[24;1H[2K[32mBooting automatically in [92m3[32m, press any key to stop the countdown...[0m[24;1H[2K[32mBooting automatically in [92m2[32m, press any key to stop the countdown...[0m[24;1H[2K[32mBooting automatically in [92m1[32m, press any key to stop the countdown...[0m[2J[Hlimine: Loading executable `boot():/boot/tobyos.bin`...
limine: Physical base:   0x1fe63000
limine: Virtual base:    0xffffffff80000000
limine: Slide:           0x0
limine: ELF entry point: 0xffffffff80001000
limine: Base revision:   3
limine: Requests count:  6
limine: Top of HHDM:     0x40000000
acpi: Found RSDP at 0xf52e0
limine: Loading module `boot():/boot/initrd.tar`...
limine: Loading module `boot():/boot/install.img`...
vbe: Initialising...
vbe: Version: 3.0
vbe: OEM: SeaBIOS VBE(C) 2011
vbe: Graphics vendor: SeaBIOS Developers
vbe: Product name: SeaBIOS VBE Adapter
vbe: Product revision: Rev. 1
edid: Success.
vbe: EDID detected screen resolution of 1280x800
vbe: Found matching mode 0x17a, attempting to set...
vbe: Mode was already set, perfect!
vbe: Framebuffer address: 0xfd000000
edid: Success.
paging: 1GiB pages are not supported!
acpi: Found RSDP at 0xf52e0
acpi: "DMAR" not found
acpi: Found RSDP at 0xf52e0
acpi: "IVRS" not found
[boot] serial up
[boot] framebuffer: 1280x800 pitch=5120 bpp=32 addr=0xffff8000fd000000
[boot] console up
[gdt] loaded: base=0xffffffff80056500 limit=55 entries=7
[gdt] CS=0x08 DS=0x10 (expected CS=0x08 DS=0x10)
[gdt] user CS=0x23 DS=0x1b  TSS sel=0x28 (TSS slot empty until tss_init)
[idt] loaded: base=0xffffffff80056550 limit=4095 (256 gates wired)
[boot] firing int3 to exercise IDT round-trip...
[isr] breakpoint hit at rip=0xffffffff8000107b (rflags=0x82)
[boot] int3 returned cleanly, IDT round-trip OK
[pit] channel 0 -> 100 Hz (divisor=11931)
[kbd] PS/2 driver up (IRQ1 unmasked)
[boot] interrupts enabled (IRQ0 timer + IRQ1 keyboard, via legacy PIC for early boot)
[perf] TSC calibrated: 4384 MHz (219248013 cycles in 50000000 ns)
[boot] HHDM offset = 0xffff800000000000
[pmm] Limine memmap (19 entries):
  0x0000000000001000..0x0000000000061000       384 KiB  bootloader
  0x0000000000061000..0x000000000009f000       248 KiB  usable
  0x000000000009fc00..0x00000000000a0000         1 KiB  reserved
  0x00000000000f0000..0x0000000000100000        64 KiB  reserved
  0x0000000000100000..0x000000001f9e7000    517020 KiB  usable
  0x000000001f9e7000..0x000000001fde7000      4096 KiB  kernel
  0x000000001fde7000..0x000000001fde8000         4 KiB  bootloader
  0x000000001fde8000..0x000000001fe59000       452 KiB  kernel
  0x000000001fe59000..0x000000001fe5a000         4 KiB  bootloader
  0x000000001fe5a000..0x000000001fe5d000        12 KiB  usable
  0x000000001fe5d000..0x000000001fe63000        24 KiB  bootloader
  0x000000001fe63000..0x000000001fee7000       528 KiB  kernel
  0x000000001fee7000..0x000000001ff4f000       416 KiB  bootloader
  0x000000001ff4f000..0x000000001ff6a000       108 KiB  usable
  0x000000001ff6a000..0x000000001ffe0000       472 KiB  bootloader
  0x000000001ffe0000..0x0000000020000000       128 KiB  reserved
  0x00000000fd000000..0x00000000fd3e8000      4000 KiB  framebuffer
  0x00000000fffc0000..0x0000000100000000       256 KiB  reserved
  0x000000fd00000000..0x0000010000000000  12582912 KiB  reserved
[pmm] managed:  130922 pages (511 MiB) up to 0x000000001ff6a000
[pmm] usable:   517388 KiB across 19 regions
[pmm] bitmap:   16366 bytes at phys 0x0000000000061000 (virt 0xffff800000061000), 4 pages
[pmm] free:     129343 pages (505 MiB) -- used: 1579 pages
[pmm] test: allocated 0x0000000000065000 0x0000000000066000 0x0000000000067000 0x0000000000068000 (free now=129339)
[pmm] test: read-back a=0xdeadbeefcafebabe d=0x1122334455667788
[pmm] test: alloc/free balanced (free=129343 before & after)
[boot] reserved AP trampoline page at phys 0x0000000000070000
[vmm] kernel image: virt 0xffffffff80000000..0xffffffff80084000 -> phys 0x000000001fe63000 (528 KiB)
[vmm] hhdm mirror:  516 MiB across memmap, top phys 0x00000000fd400000, 2M pages
[vmm] new PML4 at phys 0x0000000000065000, switching CR3...
[vmm] CR3 switched. Running on tobyOS page tables.
[vmm] test: __text_start 0xffffffff80001000 -> phys 0x000000001fe64000
[vmm] test: __data_start 0xffffffff80056000 -> phys 0x000000001feb9000
[vmm] test: HHDM r/w through new PML4 at phys 0x000000000006c000 OK
[vmm] test: new mapping at 0xffffc00000000000 <-> phys 0x000000000006c000 verified
[vmm] test: unmap clears translation, scratch page freed
[vmm] test: ok
[heap] up: initial arena 17 pages (67 KiB)
[heap] start: arenas=1 total=69600 used=0 free=69600  brk=0xffffd00000011000 (region 0xffffd00000000000..0xffffd10000000000)
[heap] after 8 allocs: arenas=2 used=85616 free=65872 allocs=8
[heap] after 8 frees: arenas=2 used=0 free=151488 frees=8
[heap] test: ok (region OK, fragmented 80 KiB alloc OK, round-trip balanced, kcalloc zero-verified)
[heap] brk now 0xffffd00000025000 (148 KiB virt consumed)
[tss] installed: tss=0xffffffff8005d490 rsp0=0xffffffff8005d490 (irq stack 16 KiB)
[sys] EFER.SCE on, STAR=0x0010000800000000, LSTAR=0xffffffff800408f0, FMASK=0x700
[sys] kernel syscall rsp = 0xffffffff8005d490
[sys] available syscalls: 0=exit  1=write  2=read  3=pipe  4=close  5=yield
[sys]                     6=socket 7=bind 8=sendto 9=recvfrom
[sys]                     10=gui_create 11=gui_fill 12=gui_text 13=gui_flip 14=gui_poll_event
[sys]                     15=term_open 16=term_write 17=term_read 18=fs_readdir 19=fs_readfile 20=exec
[sys]                     21=setting_get 22=setting_set 23=login 24=logout 25=session_info
[sys]                     26=getuid 27=getgid 28=username 29=chmod 30=chown
[sys]   M25A: 31=getpid 32=getppid 33=spawn 34=waitpid 35=open 36=lseek 37=stat 38=fstat
[sys]         39=dup 40=dup2 41=unlink 42=mkdir 43=brk 44=getcwd 45=chdir 46=getenv
[sys]         47=nanosleep 48=clock_ms 49=abi_version (ABI v1)
[acpi] using RSDT @ 0x000000001ffe2335 (entries=4)
[acpi] MADT: lapic_phys (32-bit field) = 0x00000000fee00000, legacy_pic=yes
[acpi]   CPU0: acpi_id=0 apic_id=0 flags=0x1 enabled 
[acpi]   IOAPIC 0: mmio=0x00000000fec00000 gsi_base=0
[acpi]   ISO: ISA IRQ0 -> GSI 2 (flags=0x0)
[acpi]   ISO: ISA IRQ5 -> GSI 5 (flags=0xd)
[acpi]   ISO: ISA IRQ9 -> GSI 9 (flags=0xd)
[acpi]   ISO: ISA IRQ10 -> GSI 10 (flags=0xd)
[acpi]   ISO: ISA IRQ11 -> GSI 11 (flags=0xd)
[acpi]   LAPIC NMI: acpi_proc=255 lint=1 flags=0x0
[acpi] enumerated 1 CPU(s) (uniprocessor), 1 IO APIC(s), 5 override(s), 1 NMI source(s)
[acpi] FADT: pm1a_cnt=0x604 pm1b_cnt=0x0 smi_cmd=0xb2 acpi_enable=0xf1 sci_int=9
[acpi] FADT: reset_reg not supported (flags=0x80a5)
[acpi] DSDT _S5_: SLP_TYPa=0 SLP_TYPb=0 (DSDT 8617 bytes)
[apic] BSP local APIC: phys=0x00000000fee00000 virt=0xffffd20000000000 id=0 ver=0x14
[apic] SVR=0x1ff  spurious_vec=0xff  timer_vec=0x40 (masked)
[apic] timer calibrated: ~3150100 ticks/10ms (~315010 kHz, ~315010000 Hz/sec)
[ioapic] chip 0: phys=0x00000000fec00000 virt=0xffffd20000010000 gsi=[0..23] ver=0x20 entries=24
[irq]   re-route ISA IRQ 0 -> GSI 2 vec=0x20 edge/ahigh
[irq]   re-route ISA IRQ 1 (identity, edge/ahigh) -> vec=0x21
[irq] facade: switched to IO APIC mode (2 IRQs re-routed)
[pci] enumerating bus 0...
[pci] 6 device(s):
[pci] 00:00.0  8086:1237  bridge.host       
[pci] 00:01.0  8086:7000  bridge.isa        
[pci] 00:01.1  8086:7010  storage.ide         BAR4 io 16
[pci] 00:01.3  8086:7113  bridge              IRQ 9
[pci] 00:02.0  1234:1111  display.vga         BAR0 mem 16384K  BAR2 mem 4K
[pci] 00:03.0  8086:100e  network.ethernet    IRQ 11  BAR0 mem 128K  BAR1 io 64
[ata] primary master: 32768 sectors (16384 KiB) -- PIO LBA28 (PCI 00:01.1)
[blk] registered 'ide0:master' [disk] (32768 sectors, 16384 KiB)
[pci] driver blk_ata  bound to 00:01.1  (8086:7010)
[e1000] probing 00:03.0  (vid:did 8086:100e)
[e1000] MMIO BAR0 phys=0x00000000febc0000 virt=0xffff8000febc0000 (128 KiB UC)
[e1000] no MSI cap -- staying polled (vec 0x50 is now idle)
[net] +nic e1000:00:03.0 mac=52:54:00:12:34:56 (slot 0)
[pci] driver e1000    bound to 00:03.0  (8086:100e)
[pci] bind complete -- 2 of 6 device(s) bound  (2 newly this pass)
[blk] 1 device(s) registered:
  [0] ide0:master          disk    32768 sectors ( 16384 KiB)
[net] 1 nic(s) registered:
  [0] e1000:00:03.0 mac=52:54:00:12:34:56
[boot] Limine modules (2):
  [0] /boot/initrd.tar  size=460800  addr=0xffff80001fde8000
  [1] /boot/install.img  size=4194304  addr=0xffff80001f9e7000
[initrd] using '/boot/initrd.tar' (size=460800, addr=0xffff80001fde8000)
[ramfs] mounted: 28 entries from 460800-byte tar at 0xffff80001fde8000
  - bin/hello                         8848 B  data@0xffff80001fde8200
  - bin/bad                           8800 B  data@0xffff80001fdea800
  - bin/echo                          13032 B  data@0xffff80001fdece00
  - bin/cat                           8864 B  data@0xffff80001fdf0400
  - bin/long_task                     8864 B  data@0xffff80001fdf2a00
  - bin/netecho                       17232 B  data@0xffff80001fdf5000
  - bin/gui_demo                      13080 B  data@0xffff80001fdf9600
  - bin/gui_clock                     13032 B  data@0xffff80001fdfcc00
  - bin/gui_widgets                   13672 B  data@0xffff80001fe00200
  - bin/gui_about                     13632 B  data@0xffff80001fe03a00
  - bin/gui_term                      13232 B  data@0xffff80001fe07200
  - bin/gui_files                     13624 B  data@0xffff80001fe0a800
  - bin/gui_viewer                    13304 B  data@0xffff80001fe0e000
  - bin/login                         13664 B  data@0xffff80001fe11600
  - bin/gui_settings                  13760 B  data@0xffff80001fe14e00
  - bin/abi_test                      13064 B  data@0xffff80001fe18600
  - bin/c_hello                       29648 B  data@0xffff80001fe1bc00
  - bin/c_args                        29648 B  data@0xffff80001fe23200
  - bin/c_filedemo                    33744 B  data@0xffff80001fe2a800
  - bin/c_alloctest                   33744 B  data@0xffff80001fe32e00
  - bin/c_envtest                     34104 B  data@0xffff80001fe3b400
  - bin/c_dynhello                    3328 B  data@0xffff80001fe43c00
  - lib/ld-toby.so                    5672 B  data@0xffff80001fe44c00
  - lib/libtoby.so                    31776 B  data@0xffff80001fe46600
  - repo/helloapp.tpkg                13977 B  data@0xffff80001fe4e600
  - repo/helloapp_v2.tpkg             14034 B  data@0xffff80001fe52000
  - etc/motd                          297 B  data@0xffff80001fe55a00
  - readme.txt                        922 B  data@0xffff80001fe55e00
[tobyfs] mounted '/data' on ide0:master: 1/255 inodes, 0/1013 data blocks (4052 KiB free)
[boot] mounted /data on whole disk 'ide0:master' (legacy LBA-0 layout)
[boot] no FAT32 partition discovered -- /fat unmounted
[boot] no FAT32-on-USB discovered -- /usb unmounted
[boot] no ext4 partition discovered -- /ext unmounted
[installer] live install image registered: 4194304 bytes @ 0xffff80001f9e7000
[vfs] mount table (2 entries):
  /            -> ops=0xffffffff80052cb8 mnt=0xffffffff8005ea70
  /data        -> ops=0xffffffff80053260 mnt=0xffffd000000120e0
[proc] table initialised (16 slots), pid 0 = 'kernel_main' RUNNING
[sched] per-CPU round-robin scheduler ready (BSP cur=pid 0)
[signal] subsystem up (SIGINT=2, SIGTERM=15)
[boot] spawning first userspace process from /bin/hello...
[elf] phdr[0] LOAD vaddr=0x0000000000400000 memsz=0x34 filesz=0x34 flags=R-X U -> pages [0x0000000000400000..0x0000000000401000)
[elf] phdr[1] LOAD vaddr=0x0000000000401000 memsz=0x45 filesz=0x45 flags=R-- U -> pages [0x0000000000401000..0x0000000000402000)
[elf] load OK (user): type=ET_EXEC, 2 segment(s), base=0x0000000000000000, entry=0x0000000000400000, phdr=0x0000000000000000 (2 entries)
[proc] created pid=1 ppid=0 'hello-boot' entry=0x0000000000400000 rsp=0x00007fffffffff50 cr3=0x13f000 kstack=0xffffd0000001c300 argc=0 envc=0 cwd='/'
[watch] enter syscall: num=1 pid=1 magic CHANGED 0xdeadbeef -> 0xc0defeed
hello from user mode
user_hello: about to SYS_EXIT(0x55)
[sys_exit] user requested exit, code=85 (0x55)
[proc] pid=1 'hello-boot' exit code=85 (0x55) cpu=0 ms syscalls=3
[proc] reaped pid=1, slot recycled
[boot] /bin/hello (pid=1) finished, exit code=85 (0x55)
[kmalloc-watch] seq=33 size=104 watch_magic=0xc0defeed
[kmalloc-watch] seq=34 size=104 watch_magic=0xc0defeed
[kmalloc-watch] seq=35 size=104 watch_magic=0xc0defeed
[kmalloc-watch] seq=36 size=13065 watch_magic=0xc0defeed
[elf] phdr[0] LOAD vaddr=0x0000000000400000 memsz=0xd22 filesz=0xd22 flags=R-X U -> pages [0x0000000000400000..0x0000000000401000)
[elf] phdr[1] LOAD vaddr=0x0000000000401000 memsz=0x374 filesz=0x374 flags=R-- U -> pages [0x0000000000401000..0x0000000000402000)
[elf] phdr[2] LOAD vaddr=0x0000000000402000 memsz=0x18 filesz=0x18 flags=RW- U -> pages [0x0000000000402000..0x0000000000403000)
[elf] load OK (user): type=ET_EXEC, 3 segment(s), base=0x0000000000000000, entry=0x0000000000400000, phdr=0x0000000000000000 (3 entries)
[kfree-watch] seq=37 ptr=0xffffd00000014300 watch_magic=0xc0defeed
[kmalloc-watch] seq=38 size=32768 watch_magic=0xc0defeed
[proc] created pid=1 ppid=0 'abi-test-boot' entry=0x0000000000400000 rsp=0x00007fffffffff50 cr3=0x13f000 kstack=0xffffd0000001c300 argc=0 envc=0 cwd='/'
[abi-test] starting Milestone 25A ABI surface check
[abi-test] argc = 0
[abi-test] abi_version = 1
[abi-test] pid = 1
[abi-test] ppid = 0
[abi-test] clock_ms_delta = 1
[abi-test] cwd_len = 1
[abi-test] cwd = /
[abi-test] brk_initial = 268435456
[proc-brk-debug] pid=1 va=0x0000000010000000 phys=0x000000000014d000 hhdm_v=0xffff80000014d000
[proc-brk-debug] pid=1 va=0x0000000010001000 phys=0x000000000014f000 hhdm_v=0xffff80000014f000
[proc-brk-debug] pid=1 va=0x0000000010002000 phys=0x0000000000150000 hhdm_v=0xffff800000150000
[proc-brk-debug] pid=1 va=0x0000000010003000 phys=0x0000000000151000 hhdm_v=0xffff800000151000
[abi-test] brk_after_grow = 268451840
[abi-test] heap pages writable + zero-initialised OK
[kmalloc-watch] seq=39 size=104 watch_magic=0xc0defeed
[kmalloc-watch] seq=40 size=4 watch_magic=0xc0defeed
[kmalloc-watch] seq=41 size=132 watch_magic=0xc0defeed
[abi-test] open_fd = 3
[abi-test] write_bytes = 10
[abi-test] lseek_set = 0
[abi-test] read_bytes = 10
[abi-test] fstat_rc = 0
[abi-test] fstat_size = 10
[abi-test] fstat_mode = 33188
[abi-test] stat_rc = 0
[abi-test] stat_size = 10
[kmalloc-watch] seq=42 size=104 watch_magic=0xc0defeed
[abi-test] dup_fd = 4
[kmalloc-watch] seq=43 size=104 watch_magic=0xc0defeed
[abi-test] dup2_fd = 9
[kfree-watch] seq=44 ptr=0xffffd0000001c310 watch_magic=0xc0defeed
[kfree-watch] seq=45 ptr=0xffffd0000001c450 watch_magic=0xc0defeed
[kfree-watch] seq=46 ptr=0xffffd0000001c3b0 watch_magic=0xc0defeed
[kfree-watch] seq=47 ptr=0xffffd0000001c390 watch_magic=0xc0defeed
[kfree-watch] seq=48 ptr=0xffffd0000001c4d0 watch_magic=0xc0defeed
[abi-test] unlink_rc = 0
[abi-test] chdir_rc = 0
[abi-test] new cwd = /data/abi_test_dir
[abi-test] getenv_PATH_rc = 0
[abi-test] ALL OK
[sys_exit] user requested exit, code=0 (0x0)
[kfree-watch] seq=49 ptr=0xffffd00000014180 watch_magic=0xc0defeed
[kfree-watch] seq=50 ptr=0xffffd00000014200 watch_magic=0xc0defeed
[proc] pid=1 'abi-test-boot' exit code=0 (0x0) cpu=0 ms syscalls=152
[proc] reaped pid=1, slot recycled
[boot] M25A: /bin/abi_test (pid=1) finished, exit code=0 (PASS)
[elf] phdr[0] LOAD vaddr=0x0000000000400000 memsz=0x3ed6 filesz=0x3ed6 flags=R-X U -> pages [0x0000000000400000..0x0000000000404000)
[elf] phdr[1] LOAD vaddr=0x0000000000404000 memsz=0x7d0 filesz=0x7d0 flags=R-- U -> pages [0x0000000000404000..0x0000000000405000)
[elf] phdr[2] LOAD vaddr=0x0000000000405000 memsz=0x1cc filesz=0x80 flags=RW- U -> pages [0x0000000000405000..0x0000000000406000)
[elf] load OK (user): type=ET_EXEC, 3 segment(s), base=0x0000000000000000, entry=0x0000000000400000, phdr=0x0000000000000000 (3 entries)
[proc] created pid=1 ppid=0 'c_hello-boot' entry=0x0000000000400000 rsp=0x00007fffffffff50 cr3=0x13f000 kstack=0xffffd0000001c300 argc=0 envc=0 cwd='/'
[c_hello] hello from libtoby (argc=0)
[c_hello] ALL OK
[_exit] code=0 caller=0x0000000000400124
[sys_exit] user requested exit, code=0 (0x0)
[proc] pid=1 'c_hello-boot' exit code=0 (0x0) cpu=0 ms syscalls=6
[proc] reaped pid=1, slot recycled
[boot] M25B: /bin/c_hello (pid=1) exit=0 (PASS)
[elf] phdr[0] LOAD vaddr=0x0000000000400000 memsz=0x3fe6 filesz=0x3fe6 flags=R-X U -> pages [0x0000000000400000..0x0000000000404000)
[elf] phdr[1] LOAD vaddr=0x0000000000404000 memsz=0x860 filesz=0x860 flags=R-- U -> pages [0x0000000000404000..0x0000000000405000)
[elf] phdr[2] LOAD vaddr=0x0000000000405000 memsz=0x1cc filesz=0x80 flags=RW- U -> pages [0x0000000000405000..0x0000000000406000)
[elf] load OK (user): type=ET_EXEC, 3 segment(s), base=0x0000000000000000, entry=0x0000000000400000, phdr=0x0000000000000000 (3 entries)
[proc] created pid=1 ppid=0 'c_args-boot' entry=0x0000000000400000 rsp=0x00007fffffffff50 cr3=0x13f000 kstack=0xffffd0000001c300 argc=0 envc=0 cwd='/'
[c_args] argc=0
[c_args] envc=0
[c_args] getenv("HOME") = (unset)
[c_args] __toby_argc=0 __toby_argv=0x7fffffffff58 __toby_envp=0x7fffffffff60
[c_args] ALL OK
[_exit] code=0 caller=0x0000000000400234
[sys_exit] user requested exit, code=0 (0x0)
[proc] pid=1 'c_args-boot' exit code=0 (0x0) cpu=0 ms syscalls=21
[proc] reaped pid=1, slot recycled
[boot] M25B: /bin/c_args (pid=1) exit=0 (PASS)
[elf] phdr[0] LOAD vaddr=0x0000000000400000 memsz=0x41a6 filesz=0x41a6 flags=R-X U -> pages [0x0000000000400000..0x0000000000405000)
[elf] phdr[1] LOAD vaddr=0x0000000000405000 memsz=0xa30 filesz=0xa30 flags=R-- U -> pages [0x0000000000405000..0x0000000000406000)
[elf] phdr[2] LOAD vaddr=0x0000000000406000 memsz=0x1d8 filesz=0x80 flags=RW- U -> pages [0x0000000000406000..0x0000000000407000)
[elf] load OK (user): type=ET_EXEC, 3 segment(s), base=0x0000000000000000, entry=0x0000000000400000, phdr=0x0000000000000000 (3 entries)
[proc] created pid=1 ppid=0 'c_filedemo-boot' entry=0x0000000000400000 rsp=0x00007fffffffff50 cr3=0x13f000 kstack=0xffffd0000001c300 argc=0 envc=0 cwd='/'
[proc-brk-debug] pid=1 va=0x0000000010000000 phys=0x0000000000151000 hhdm_v=0xffff800000151000
[proc-brk-debug] pid=1 va=0x0000000010001000 phys=0x0000000000153000 hhdm_v=0xffff800000153000
[proc-brk-debug] pid=1 va=0x0000000010002000 phys=0x0000000000154000 hhdm_v=0xffff800000154000
[proc-brk-debug] pid=1 va=0x0000000010003000 phys=0x0000000000155000 hhdm_v=0xffff800000155000
[c_filedemo] file size = 45 bytes (expected 45)
[c_filedemo] readback first 45 chars: hello from c_filedemo
second lin...
[c_filedemo] ALL OK
[_exit] code=0 caller=0x0000000000400b64
[sys_exit] user requested exit, code=0 (0x0)
[proc] pid=1 'c_filedemo-boot' exit code=0 (0x0) cpu=0 ms syscalls=31
[proc] reaped pid=1, slot recycled
[boot] M25B: /bin/c_filedemo (pid=1) exit=0 (PASS)
[elf] phdr[0] LOAD vaddr=0x0000000000400000 memsz=0x43f6 filesz=0x43f6 flags=R-X U -> pages [0x0000000000400000..0x0000000000405000)
[elf] phdr[1] LOAD vaddr=0x0000000000405000 memsz=0x910 filesz=0x910 flags=R-- U -> pages [0x0000000000405000..0x0000000000406000)
[elf] phdr[2] LOAD vaddr=0x0000000000406000 memsz=0x1cc filesz=0x80 flags=RW- U -> pages [0x0000000000406000..0x0000000000407000)
[elf] load OK (user): type=ET_EXEC, 3 segment(s), base=0x0000000000000000, entry=0x0000000000400000, phdr=0x0000000000000000 (3 entries)
[proc] created pid=1 ppid=0 'c_alloctest-boot' entry=0x0000000000400000 rsp=0x00007fffffffff50 cr3=0x13f000 kstack=0xffffd0000001c300 argc=0 envc=0 cwd='/'
[proc-brk-debug] pid=1 va=0x0000000010000000 phys=0x0000000000151000 hhdm_v=0xffff800000151000
[proc-brk-debug] pid=1 va=0x0000000010001000 phys=0x0000000000153000 hhdm_v=0xffff800000153000
[proc-brk-debug] pid=1 va=0x0000000010002000 phys=0x0000000000154000 hhdm_v=0xffff800000154000
[proc-brk-debug] pid=1 va=0x0000000010003000 phys=0x0000000000155000 hhdm_v=0xffff800000155000
[proc-brk-debug] pid=1 va=0x0000000010004000 phys=0x0000000000156000 hhdm_v=0xffff800000156000
[proc-brk-debug] pid=1 va=0x0000000010005000 phys=0x0000000000157000 hhdm_v=0xffff800000157000
[proc-brk-debug] pid=1 va=0x0000000010006000 phys=0x0000000000158000 hhdm_v=0xffff800000158000
[proc-brk-debug] pid=1 va=0x0000000010007000 phys=0x0000000000159000 hhdm_v=0xffff800000159000
[proc-brk-debug] pid=1 va=0x0000000010008000 phys=0x000000000015a000 hhdm_v=0xffff80000015a000
[proc-brk-debug] pid=1 va=0x0000000010009000 phys=0x000000000015b000 hhdm_v=0xffff80000015b000
[proc-brk-debug] pid=1 va=0x000000001000a000 phys=0x000000000015c000 hhdm_v=0xffff80000015c000
[proc-brk-debug] pid=1 va=0x000000001000b000 phys=0x000000000015d000 hhdm_v=0xffff80000015d000
[proc-brk-debug] pid=1 va=0x000000001000c000 phys=0x000000000015e000 hhdm_v=0xffff80000015e000
[proc-brk-debug] pid=1 va=0x000000001000d000 phys=0x000000000015f000 hhdm_v=0xffff80000015f000
[proc-brk-debug] pid=1 va=0x000000001000e000 phys=0x0000000000160000 hhdm_v=0xffff800000160000
[proc-brk-debug] pid=1 va=0x000000001000f000 phys=0x0000000000161000 hhdm_v=0xffff800000161000
[proc-brk-debug] pid=1 va=0x0000000010010000 phys=0x0000000000162000 hhdm_v=0xffff800000162000
[proc-brk-debug] pid=1 va=0x0000000010011000 phys=0x0000000000163000 hhdm_v=0xffff800000163000
[proc-brk-debug] pid=1 va=0x0000000010012000 phys=0x0000000000164000 hhdm_v=0xffff800000164000
[proc-brk-debug] pid=1 va=0x0000000010013000 phys=0x0000000000165000 hhdm_v=0xffff800000165000
[proc-brk-debug] pid=1 va=0x0000000010014000 phys=0x0000000000166000 hhdm_v=0xffff800000166000
[proc-brk-debug] pid=1 va=0x0000000010015000 phys=0x0000000000167000 hhdm_v=0xffff800000167000
[proc-brk-debug] pid=1 va=0x0000000010016000 phys=0x0000000000168000 hhdm_v=0xffff800000168000
[proc-brk-debug] pid=1 va=0x0000000010017000 phys=0x0000000000169000 hhdm_v=0xffff800000169000
[proc-brk-debug] pid=1 va=0x0000000010018000 phys=0x000000000016a000 hhdm_v=0xffff80000016a000
[c_alloctest] ALL OK
[_exit] code=0 caller=0x0000000000400db4
[sys_exit] user requested exit, code=0 (0x0)
[proc] pid=1 'c_alloctest-boot' exit code=0 (0x0) cpu=0 ms syscalls=9
[proc] reaped pid=1, slot recycled
[boot] M25B: /bin/c_alloctest (pid=1) exit=0 (PASS)
[boot] M25B: libtoby demos 4/4 PASS
[elf] phdr[0] LOAD vaddr=0x0000000000400000 memsz=0x3fe6 filesz=0x3fe6 flags=R-X U -> pages [0x0000000000400000..0x0000000000404000)
[elf] phdr[1] LOAD vaddr=0x0000000000404000 memsz=0x860 filesz=0x860 flags=R-- U -> pages [0x0000000000404000..0x0000000000405000)
[elf] phdr[2] LOAD vaddr=0x0000000000405000 memsz=0x1cc filesz=0x80 flags=RW- U -> pages [0x0000000000405000..0x0000000000406000)
[elf] load OK (user): type=ET_EXEC, 3 segment(s), base=0x0000000000000000, entry=0x0000000000400000, phdr=0x0000000000000000 (3 entries)
[proc] created pid=1 ppid=0 'c_args-spec' entry=0x0000000000400000 rsp=0x00007ffffffffee0 cr3=0x13f000 kstack=0xffffd0000001c300 argc=4 envc=3 cwd='/'
[c_args] argc=4
[c_args]   argv[0] = "c_args"
[c_args]   argv[1] = "alpha"
[c_args]   argv[2] = "beta"
[c_args]   argv[3] = "gamma"
[c_args] envc=3
[c_args]   envp[0] = "PATH=/bin"
[c_args]   envp[1] = "TEST_PHASE=25C"
[c_args]   envp[2] = "BUILD=ok"
[c_args] getenv("HOME") = (unset)
[c_args] __toby_argc=4 __toby_argv=0x7ffffffffee8 __toby_envp=0x7fffffffff10
[c_args] ALL OK
[_exit] code=0 caller=0x0000000000400234
[sys_exit] user requested exit, code=0 (0x0)
[proc] pid=1 'c_args-spec' exit code=0 (0x0) cpu=0 ms syscalls=56
[proc] reaped pid=1, slot recycled
[boot] M25C: /bin/c_args (pid=1, argc=4 envc=3) exit=0 (PASS)
[elf] phdr[0] LOAD vaddr=0x0000000000400000 memsz=0x4ae6 filesz=0x4ae6 flags=R-X U -> pages [0x0000000000400000..0x0000000000405000)
[elf] phdr[1] LOAD vaddr=0x0000000000405000 memsz=0xde0 filesz=0xde0 flags=R-- U -> pages [0x0000000000405000..0x0000000000406000)
[elf] phdr[2] LOAD vaddr=0x0000000000406000 memsz=0x1f8 filesz=0xa0 flags=RW- U -> pages [0x0000000000406000..0x0000000000407000)
[elf] load OK (user): type=ET_EXEC, 3 segment(s), base=0x0000000000000000, entry=0x0000000000400000, phdr=0x0000000000000000 (3 entries)
[proc] created pid=1 ppid=0 'c_envtest-boot' entry=0x0000000000400000 rsp=0x00007fffffffff00 cr3=0x13f000 kstack=0xffffd0000001c300 argc=1 envc=3 cwd='/'
[c_envtest][build] M25C-debug-rev3 alive
[c_envtest] argc=1 argv[0]='c_envtest'
[c_envtest] environ has 3 initial entries
[c_envtest] getenv(PATH) = /bin
[proc-brk-debug] pid=1 va=0x0000000010000000 phys=0x0000000000151000 hhdm_v=0xffff800000151000
[proc-brk-debug] pid=1 va=0x0000000010001000 phys=0x0000000000153000 hhdm_v=0xffff800000153000
[proc-brk-debug] pid=1 va=0x0000000010002000 phys=0x0000000000154000 hhdm_v=0xffff800000154000
[proc-brk-debug] pid=1 va=0x0000000010003000 phys=0x0000000000155000 hhdm_v=0xffff800000155000
[c_envtest][diag] BEFORE system
[c_envtest] system("c_hello") starting...
[elf] phdr[0] LOAD vaddr=0x0000000000400000 memsz=0x3ed6 filesz=0x3ed6 flags=R-X U -> pages [0x0000000000400000..0x0000000000404000)
[elf] phdr[1] LOAD vaddr=0x0000000000404000 memsz=0x7d0 filesz=0x7d0 flags=R-- U -> pages [0x0000000000404000..0x0000000000405000)
[elf] phdr[2] LOAD vaddr=0x0000000000405000 memsz=0x1cc filesz=0x80 flags=RW- U -> pages [0x0000000000405000..0x0000000000406000)
[elf] load OK (user): type=ET_EXEC, 3 segment(s), base=0x0000000000000000, entry=0x0000000000400000, phdr=0x0000000000000000 (3 entries)
[proc] created pid=2 ppid=1 'c_hello' entry=0x0000000000400000 rsp=0x00007fffffffff30 cr3=0x156000 kstack=0xffffd00000024690 argc=1 envc=1 cwd='/'
[c_hello] hello from libtoby (argc=1)
[c_hello] ALL OK
[_exit] code=0 caller=0x0000000000400124
[sys_exit] user requested exit, code=0 (0x0)
[proc] pid=2 'c_hello' exit code=0 (0x0) cpu=0 ms syscalls=6
[proc] reaped pid=2, slot recycled
[c_envtest][diag] AFTER system, sr=0
[c_envtest] system("c_hello") raw status=0x0
[c_envtest][diag] AFTER printf raw status
[c_envtest][diag] AFTER system EXPECTs
[c_envtest] recursive execvp test starting...
[elf] phdr[0] LOAD vaddr=0x0000000000400000 memsz=0x4ae6 filesz=0x4ae6 flags=R-X U -> pages [0x0000000000400000..0x0000000000405000)
[elf] phdr[1] LOAD vaddr=0x0000000000405000 memsz=0xde0 filesz=0xde0 flags=R-- U -> pages [0x0000000000405000..0x0000000000406000)
[elf] phdr[2] LOAD vaddr=0x0000000000406000 memsz=0x1f8 filesz=0xa0 flags=RW- U -> pages [0x0000000000406000..0x0000000000407000)
[elf] load OK (user): type=ET_EXEC, 3 segment(s), base=0x0000000000000000, entry=0x0000000000400000, phdr=0x0000000000000000 (3 entries)
[proc] created pid=2 ppid=1 'c_envtest' entry=0x0000000000400000 rsp=0x00007fffffffff00 cr3=0x156000 kstack=0xffffd00000024870 argc=3 envc=1 cwd='/'
[c_envtest][build] M25C-debug-rev3 alive
[c_envtest] (child) execvp -> 'c_hello'
[elf] phdr[0] LOAD vaddr=0x0000000000400000 memsz=0x3ed6 filesz=0x3ed6 flags=R-X U -> pages [0x0000000000400000..0x0000000000404000)
[elf] phdr[1] LOAD vaddr=0x0000000000404000 memsz=0x7d0 filesz=0x7d0 flags=R-- U -> pages [0x0000000000404000..0x0000000000405000)
[elf] phdr[2] LOAD vaddr=0x0000000000405000 memsz=0x1cc filesz=0x80 flags=RW- U -> pages [0x0000000000405000..0x0000000000406000)
[elf] load OK (user): type=ET_EXEC, 3 segment(s), base=0x0000000000000000, entry=0x0000000000400000, phdr=0x0000000000000000 (3 entries)
[proc] created pid=3 ppid=2 'c_hello' entry=0x0000000000400000 rsp=0x00007fffffffff30 cr3=0x168000 kstack=0xffffd00000008030 argc=1 envc=1 cwd='/'
[c_hello] hello from libtoby (argc=1)
[c_hello] ALL OK
[_exit] code=0 caller=0x0000000000400124
[sys_exit] user requested exit, code=0 (0x0)
[proc] pid=3 'c_hello' exit code=0 (0x0) cpu=0 ms syscalls=6
[proc] reaped pid=3, slot recycled
[_exit] code=0 caller=0x0000000000402e0b
[sys_exit] user requested exit, code=0 (0x0)
[proc] pid=2 'c_envtest' exit code=0 (0x0) cpu=27 ms syscalls=9
[proc] reaped pid=2, slot recycled
[c_envtest] recursive child pid=2 status=0x0
[c_envtest] ALL OK
[_exit] code=0 caller=0x0000000000400f44
[sys_exit] user requested exit, code=0 (0x0)
[proc] pid=1 'c_envtest-boot' exit code=0 (0x0) cpu=94 ms syscalls=38
[proc] reaped pid=1, slot recycled
[boot] M25C: /bin/c_envtest (pid=1) exit=0 (PASS)
[elf] phdr[2] LOAD vaddr=0x0000000000500000 memsz=0x3a8 filesz=0x3a8 flags=R-- U -> pages [0x0000000000500000..0x0000000000501000)
[elf] phdr[3] LOAD vaddr=0x00000000005013b0 memsz=0xd0 filesz=0xd0 flags=R-X U -> pages [0x0000000000501000..0x0000000000502000)
[elf] phdr[4] LOAD vaddr=0x0000000000502480 memsz=0xb80 filesz=0x120 flags=RW- U -> pages [0x0000000000502000..0x0000000000503000)
[elf] phdr[5] LOAD vaddr=0x00000000005035a0 memsz=0x18 filesz=0x18 flags=RW- U -> pages [0x0000000000503000..0x0000000000504000)
[elf] load OK (user): type=ET_DYN, 4 segment(s), base=0x0000000000500000, entry=0x00000000005013b0, phdr=0x0000000000500040 (9 entries), PT_INTERP
[elf] phdr[1] LOAD vaddr=0x0000000040000000 memsz=0x499 filesz=0x499 flags=R-- U -> pages [0x0000000040000000..0x0000000040001000)
[elf] phdr[2] LOAD vaddr=0x00000000400014a0 memsz=0x9ba filesz=0x9ba flags=R-X U -> pages [0x0000000040001000..0x0000000040002000)
[elf] phdr[3] LOAD vaddr=0x0000000040002e60 memsz=0x1a0 filesz=0xa0 flags=RW- U -> pages [0x0000000040002000..0x0000000040003000)
[elf] phdr[4] LOAD vaddr=0x0000000040003f00 memsz=0x390 filesz=0x0 flags=RW- U -> pages [0x0000000040003000..0x0000000040005000)
[elf] load OK (user): type=ET_DYN, 4 segment(s), base=0x0000000040000000, entry=0x00000000400014a0, phdr=0x0000000040000040 (8 entries)
[proc] loaded interpreter '/lib/ld-toby.so' base=0x0000000040000000 entry=0x00000000400014a0
[proc] created pid=1 ppid=0 'c_dynhello-boot' entry=0x00000000400014a0 rsp=0x00007fffffffff30 cr3=0x13f000 kstack=0xffffd0000001c300 argc=1 envc=1 cwd='/'
[elf] phdr[1] LOAD vaddr=0x0000000060000000 memsz=0x1c98 filesz=0x1c98 flags=R-- U -> pages [0x0000000060000000..0x0000000060002000)
[elf] phdr[2] LOAD vaddr=0x0000000060002ca0 memsz=0x4606 filesz=0x4606 flags=R-X U -> pages [0x0000000060002000..0x0000000060008000)
[elf] phdr[3] LOAD vaddr=0x00000000600082a8 memsz=0xd58 filesz=0xe0 flags=RW- U -> pages [0x0000000060008000..0x0000000060009000)
[elf] phdr[4] LOAD vaddr=0x0000000060009388 memsz=0x1d0 filesz=0x70 flags=RW- U -> pages [0x0000000060009000..0x000000006000a000)
[elf] load OK (user): type=ET_DYN, 4 segment(s), base=0x0000000060000000, entry=0x0000000060000000, phdr=0x0000000060000040 (8 entries)
[c_dynhello] hello from DYNAMIC libtoby (argc=1)
[c_dynhello] ALL OK
[_exit] code=0 caller=0x00000000600035c4
[sys_exit] user requested exit, code=0 (0x0)
[proc] pid=1 'c_dynhello-boot' exit code=0 (0x0) cpu=0 ms syscalls=7
[proc] reaped pid=1, slot recycled
[boot] M25D: /bin/c_dynhello (pid=1) exit=0 (PASS)
[boot] BSP LAPIC timer @ 100 Hz live (vec=0x40)
[smp] 1 CPU(s) total: BSP apic_id=0
[smp]   cpu0: apic_id=0 (BSP)
CPU 0 online
  apic_id=0 (BSP)  stack=bootloader-provided
[smp] uniprocessor -- nothing to wake
[net] nic=e1000:00:03.0 mac=52:54:00:12:34:56 -- starting up
[dhcp] DISCOVER xid=0xcc500c72
[dhcp] OFFER  yiaddr=10.0.2.15 server=10.0.2.2
[dhcp] REQUEST requested=10.0.2.15
[dhcp] ACK    bound: ip=10.0.2.15 mask=255.255.255.0 gw=10.0.2.2 dns=10.0.2.3 lease=86400s (server=10.0.2.2)
[net] DHCP lease applied: ip=10.0.2.15 mask=255.255.255.0 gw=10.0.2.2 dns=10.0.2.3
[net] up: nic=e1000:00:03.0 ip=10.0.2.15 gw=10.0.2.2 mac=52:54:00:12:34:56
[net] gateway 10.0.2.2 -> 52:55:0a:00:02:02 (cached)
[net] dns     10.0.2.3 -> 52:55:0a:00:02:03 (cached)
[dns-test] >>> resolving example.com (boot smoke test)
[dns] query  id=0xc708 example.com @ 10.0.2.3 (qbytes=29)
[dns] reply  id=0xc708 example.com -> 104.20.23.154 (ttl=50s)
[dns-test]     example.com -> 104.20.23.154 (ttl=50s)
[dns-test] >>> resolving tobyos.invalid (NXDOMAIN probe)
[dns] query  id=0x0563 tobyos.invalid @ 10.0.2.3 (qbytes=32)
[dns] reply id=0x0563 rcode=3 (NXDOMAIN)
[dns] 'tobyos.invalid' failed: rcode=3 (NXDOMAIN)
[dns-test]     tobyos.invalid: failed as expected
[dns-test] <<< done
[tcp-test] >>> opening TCP connection to example.com:80
[dns] query  id=0x567b example.com @ 10.0.2.3 (qbytes=29)
[dns] reply  id=0x567b example.com -> 172.66.147.243 (ttl=50s)
[tcp] connect 172.66.147.243:80  lp=49152 isn=0x1c65967b
[tcp] ESTABLISHED  lp=49152 rp=80
[tcp-test]     handshake OK -- sending HTTP/1.0 probe
[tcp-test]     tcp_send returned 80
[tcp-test]     first bytes: "HTTP/1.1 200 OK 
Date: Fri, 24 Apr 2026 04:54:02 GMT 
Content-Type: text/html 
C"
[tcp-test]     server FIN; total bytes=797
[tcp] CLOSED       lp=49152 rp=80  (final state=CLOSED)
[tcp-test]     teardown OK.
[tcp-test] <<< done
[http-test] >>> GET http://example.com/
[dns] query  id=0xd1a6 example.com @ 10.0.2.3 (qbytes=29)
[dns] reply  id=0xd1a6 example.com -> 104.20.23.154 (ttl=50s)
[http] example.com -> 104.20.23.154:80/
[tcp] connect 104.20.23.154:80  lp=49153 isn=0xeacea5e8
[tcp] ESTABLISHED  lp=49153 rp=80
[tcp] CLOSED       lp=49153 rp=80  (final state=CLOSED)
[http] 200 OK; body=528 bytes; type="text/html"
[http-test]     status=200 reason="OK" type="text/html" body=528 bytes
[http-test]     body[0..80]: "<!doctype html><html lang="en"><head><title>Example Domain</title><meta name="vi"
[http-test] <<< done
[gfx] back buffer 1280x800 (4000 KiB) ready, fb_pitch=1280 px, backend=limine-fb
[mouse] PS/2 driver up (IRQ12 routed via IO APIC)
[gui] window manager ready (max 8 windows, 18-px title bar)
[term] session pool ready (4 sessions, 4096-byte rings)
Welcome to tobyOS
milestone 14: services + settings + login. Boot drops into the GUI desktop with /bin/login.

[settings] /data/settings.conf not found (no such file or directory) -- writing defaults
[settings] saved 209 entries to /data/settings.conf (209 bytes)
[settings] cache:
  desktop.bg=0x00204060
  desktop.title=tobyOS
  desktop.greeting=Welcome to tobyOS
  user.last=toby
  user.greeting=Hello, friend!
  session.autostart=
[users] /data/users not found (no such file or directory) -- writing defaults
[users] saved 3 entries to /data/users (86 bytes)
[users] cache (3 entries):
  root             uid=0 gid=0
  toby             uid=1000 gid=1000
  guest            uid=1001 gid=1001
[svc] service manager up (max 8 services)
[svc] registered builtin 'input'
[svc] registered builtin 'network'
[svc] registered builtin 'desktop'
[svc] registered builtin 'session'
[trace] level 0 -> 1
[gui] auto-enabled trace (level=1) for desktop session
[trace t=324 pid=0] gui_set_desktop_mode: off -> on
[gui] entering graphical mode
[session] init: last user='toby' (will be pre-filled at login)
[svc] registered program 'login' -> /bin/login (autorestart=1)
[trace t=325 pid=0] launch_enqueue '/bin/login' sandbox='' (head=1 tail=0)
[svc] 'login' enqueued (restart #1)
[svc] 5 services registered
  name         kind    state   auto pid rcnt  path
  input        builtin running 0    0   0     (builtin)
  network      builtin running 0    0   0     (builtin)
  desktop      builtin running 0    0   0     (builtin)
  session      builtin running 0    0   0     (builtin)
  login        program running 1    0   1     /bin/login
[pkg] package manager ready (apps=/data/apps db=/data/packages repo=/data/repo,/repo)
type 'help' to list commands.
tobyOS> [boot] M25C: driving shell with synthetic command lines
[shell-test] $ env
PATH=/bin
HOME=/
USER=admin
PWD=/
SHELL=tobysh
[shell-test] $ setenv M25C_FROM_SHELL yes
[shell-test] $ env
PATH=/bin
HOME=/
USER=admin
PWD=/
SHELL=tobysh
M25C_FROM_SHELL=yes
[shell-test] $ c_args from-shell PATH-resolved
[elf] phdr[0] LOAD vaddr=0x0000000000400000 memsz=0x3fe6 filesz=0x3fe6 flags=R-X U -> pages [0x0000000000400000..0x0000000000404000)
[elf] phdr[1] LOAD vaddr=0x0000000000404000 memsz=0x860 filesz=0x860 flags=R-- U -> pages [0x0000000000404000..0x0000000000405000)
[elf] phdr[2] LOAD vaddr=0x0000000000405000 memsz=0x1cc filesz=0x80 flags=RW- U -> pages [0x0000000000405000..0x0000000000406000)
[elf] load OK (user): type=ET_EXEC, 3 segment(s), base=0x0000000000000000, entry=0x0000000000400000, phdr=0x0000000000000000 (3 entries)
[proc] created pid=1 ppid=0 'c_args' entry=0x0000000000400000 rsp=0x00007ffffffffea0 cr3=0x553000 kstack=0xffffd000004162d0 argc=3 envc=6 cwd='/'
[c_args] argc=3
[c_args]   argv[0] = "c_args"
[c_args]   argv[1] = "from-shell"
[c_args]   argv[2] = "PATH-resolved"
[c_args] envc=6
[c_args]   envp[0] = "PATH=/bin"
[c_args]   envp[1] = "HOME=/"
[c_args]   envp[2] = "USER=admin"
[c_args]   envp[3] = "PWD=/"
[c_args] getenv("HOME") = /
[c_args] __toby_argc=3 __toby_argv=0x7ffffffffea8 __toby_envp=0x7ffffffffec8
[c_args] ALL OK
[_exit] code=0 caller=0x0000000000400234
[sys_exit] user requested exit, code=0 (0x0)
[proc] pid=1 'c_args' exit code=0 (0x0) cpu=0 ms syscalls=56
[proc] reaped pid=1, slot recycled
'c_args' (pid=1) returned 0 (0x0)
[shell-test] $ unsetenv M25C_FROM_SHELL
[boot] M25C: shell smoketest done
[trace t=334 pid=0] drain_launch_queue: spawning '/bin/login' sandbox='default'
[elf] phdr[0] LOAD vaddr=0x0000000000400000 memsz=0xe11 filesz=0xe11 flags=R-X U -> pages [0x0000000000400000..0x0000000000401000)
[elf] phdr[1] LOAD vaddr=0x0000000000401000 memsz=0x194 filesz=0x194 flags=R-- U -> pages [0x0000000000401000..0x0000000000402000)
[elf] phdr[2] LOAD vaddr=0x0000000000402000 memsz=0x30 filesz=0x18 flags=RW- U -> pages [0x0000000000402000..0x0000000000403000)
[elf] load OK (user): type=ET_EXEC, 3 segment(s), base=0x0000000000000000, entry=0x0000000000400000, phdr=0x0000000000000000 (3 entries)
[proc] created pid=1 ppid=0 'login' entry=0x0000000000400000 rsp=0x00007fffffffff50 cr3=0x553000 kstack=0xffffd00000416270 argc=0 envc=0 cwd='/'
[cap] pid=1 'login' sandbox='default' caps=FILE_READ,FILE_WRITE,EXEC,NET,GUI,TERM,SETTINGS_WRITE root=(none)
[trace t=335 pid=0] track_pid pid=1 slot=0
[gui] launched /bin/login as pid 1 (session=0)
[trace t=335 pid=0] drain_launch_queue: spawned '/bin/login' as pid=1 session=0
[svc] 'login' pid=1 (backfilled)
[trace t=336 pid=0] heartbeat windows=0 apps_alive=1 cursor=(640,400) btn=0x00 dirty=1 menu=0 desktop=1
[trace t=336 pid=1] window_create wid=1 owner_pid=1 size=380x220 pos=(60,40) title='tobyOS login'
[trace t=436 pid=0] heartbeat windows=1 apps_alive=1 cursor=(640,400) btn=0x00 dirty=0 menu=0 desktop=1
[trace t=536 pid=0] heartbeat windows=1 apps_alive=1 cursor=(640,400) btn=0x00 dirty=0 menu=0 desktop=1
[trace t=636 pid=0] heartbeat windows=1 apps_alive=1 cursor=(640,400) btn=0x00 dirty=0 menu=0 desktop=1
[trace t=736 pid=0] heartbeat windows=1 apps_alive=1 cursor=(640,400) btn=0x00 dirty=0 menu=0 desktop=1
[trace t=836 pid=0] heartbeat windows=1 apps_alive=1 cursor=(640,400) btn=0x00 dirty=0 menu=0 desktop=1
[trace t=936 pid=0] heartbeat windows=1 apps_alive=1 cursor=(640,400) btn=0x00 dirty=0 menu=0 desktop=1
[trace t=1036 pid=0] heartbeat windows=1 apps_alive=1 cursor=(640,400) btn=0x00 dirty=0 menu=0 desktop=1
[trace t=1136 pid=0] heartbeat windows=1 apps_alive=1 cursor=(640,400) btn=0x00 dirty=0 menu=0 desktop=1
[trace t=1236 pid=0] heartbeat windows=1 apps_alive=1 cursor=(640,400) btn=0x00 dirty=0 menu=0 desktop=1
[trace t=1336 pid=0] heartbeat windows=1 apps_alive=1 cursor=(640,400) btn=0x00 dirty=0 menu=0 desktop=1
[trace t=1436 pid=0] heartbeat windows=1 apps_alive=1 cursor=(640,400) btn=0x00 dirty=0 menu=0 desktop=1
[trace t=1536 pid=0] heartbeat windows=1 apps_alive=1 cursor=(640,400) btn=0x00 dirty=0 menu=0 desktop=1
[trace t=1636 pid=0] heartbeat windows=1 apps_alive=1 cursor=(640,400) btn=0x00 dirty=0 menu=0 desktop=1
[trace t=1736 pid=0] heartbeat windows=1 apps_alive=1 cursor=(640,400) btn=0x00 dirty=0 menu=0 desktop=1
[trace t=1836 pid=0] heartbeat windows=1 apps_alive=1 cursor=(640,400) btn=0x00 dirty=0 menu=0 desktop=1
[trace t=1936 pid=0] heartbeat windows=1 apps_alive=1 cursor=(640,400) btn=0x00 dirty=0 menu=0 desktop=1
[trace t=2036 pid=0] heartbeat windows=1 apps_alive=1 cursor=(640,400) btn=0x00 dirty=0 menu=0 desktop=1
[trace t=2136 pid=0] heartbeat windows=1 apps_alive=1 cursor=(640,400) btn=0x00 dirty=0 menu=0 desktop=1
[trace t=2236 pid=0] heartbeat windows=1 apps_alive=1 cursor=(640,400) btn=0x00 dirty=0 menu=0 desktop=1
[trace t=2336 pid=0] heartbeat windows=1 apps_alive=1 cursor=(640,400) btn=0x00 dirty=0 menu=0 desktop=1
[trace t=2436 pid=0] heartbeat windows=1 apps_alive=1 cursor=(640,400) btn=0x00 dirty=0 menu=0 desktop=1
[trace t=2536 pid=0] heartbeat windows=1 apps_alive=1 cursor=(640,400) btn=0x00 dirty=0 menu=0 desktop=1
[trace t=2636 pid=0] heartbeat windows=1 apps_alive=1 cursor=(640,400) btn=0x00 dirty=0 menu=0 desktop=1
[trace t=2736 pid=0] heartbeat windows=1 apps_alive=1 cursor=(640,400) btn=0x00 dirty=0 menu=0 desktop=1
[trace t=2836 pid=0] heartbeat windows=1 apps_alive=1 cursor=(640,400) btn=0x00 dirty=0 menu=0 desktop=1
[trace t=2936 pid=0] heartbeat windows=1 apps_alive=1 cursor=(640,400) btn=0x00 dirty=0 menu=0 desktop=1
[trace t=3036 pid=0] heartbeat windows=1 apps_alive=1 cursor=(640,400) btn=0x00 dirty=0 menu=0 desktop=1
[trace t=3136 pid=0] heartbeat windows=1 apps_alive=1 cursor=(640,400) btn=0x00 dirty=0 menu=0 desktop=1
[trace t=3236 pid=0] heartbeat windows=1 apps_alive=1 cursor=(640,400) btn=0x00 dirty=0 menu=0 desktop=1
[trace t=3336 pid=0] heartbeat windows=1 apps_alive=1 cursor=(640,400) btn=0x00 dirty=0 menu=0 desktop=1
[trace t=3436 pid=0] heartbeat windows=1 apps_alive=1 cursor=(640,400) btn=0x00 dirty=0 menu=0 desktop=1
[trace t=3536 pid=0] heartbeat windows=1 apps_alive=1 cursor=(640,400) btn=0x00 dirty=0 menu=0 desktop=1
[trace t=3636 pid=0] heartbeat windows=1 apps_alive=1 cursor=(640,400) btn=0x00 dirty=0 menu=0 desktop=1
[trace t=3736 pid=0] heartbeat windows=1 apps_alive=1 cursor=(640,400) btn=0x00 dirty=0 menu=0 desktop=1
[trace t=3836 pid=0] heartbeat windows=1 apps_alive=1 cursor=(640,400) btn=0x00 dirty=0 menu=0 desktop=1
[trace t=3936 pid=0] heartbeat windows=1 apps_alive=1 cursor=(640,400) btn=0x00 dirty=0 menu=0 desktop=1
[trace t=4036 pid=0] heartbeat windows=1 apps_alive=1 cursor=(640,400) btn=0x00 dirty=0 menu=0 desktop=1
[trace t=4136 pid=0] heartbeat windows=1 apps_alive=1 cursor=(640,400) btn=0x00 dirty=0 menu=0 desktop=1
[trace t=4236 pid=0] heartbeat windows=1 apps_alive=1 cursor=(640,400) btn=0x00 dirty=0 menu=0 desktop=1
[trace t=4336 pid=0] heartbeat windows=1 apps_alive=1 cursor=(640,400) btn=0x00 dirty=0 menu=0 desktop=1
[trace t=4436 pid=0] heartbeat windows=1 apps_alive=1 cursor=(640,400) btn=0x00 dirty=0 menu=0 desktop=1
[trace t=4536 pid=0] heartbeat windows=1 apps_alive=1 cursor=(640,400) btn=0x00 dirty=0 menu=0 desktop=1
[trace t=4636 pid=0] heartbeat windows=1 apps_alive=1 cursor=(640,400) btn=0x00 dirty=0 menu=0 desktop=1
[trace t=4736 pid=0] heartbeat windows=1 apps_alive=1 cursor=(640,400) btn=0x00 dirty=0 menu=0 desktop=1
[trace t=4836 pid=0] heartbeat windows=1 apps_alive=1 cursor=(640,400) btn=0x00 dirty=0 menu=0 desktop=1
[trace t=4936 pid=0] heartbeat windows=1 apps_alive=1 cursor=(640,400) btn=0x00 dirty=0 menu=0 desktop=1
[trace t=5036 pid=0] heartbeat windows=1 apps_alive=1 cursor=(640,400) btn=0x00 dirty=0 menu=0 desktop=1
[trace t=5136 pid=0] heartbeat windows=1 apps_alive=1 cursor=(640,400) btn=0x00 dirty=0 menu=0 desktop=1
[trace t=5236 pid=0] heartbeat windows=1 apps_alive=1 cursor=(640,400) btn=0x00 dirty=0 menu=0 desktop=1
[trace t=5336 pid=0] heartbeat windows=1 apps_alive=1 cursor=(640,400) btn=0x00 dirty=0 menu=0 desktop=1
[trace t=5436 pid=0] heartbeat windows=1 apps_alive=1 cursor=(640,400) btn=0x00 dirty=0 menu=0 desktop=1
[trace t=5536 pid=0] heartbeat windows=1 apps_alive=1 cursor=(640,400) btn=0x00 dirty=0 menu=0 desktop=1
[trace t=5636 pid=0] heartbeat windows=1 apps_alive=1 cursor=(640,400) btn=0x00 dirty=0 menu=0 desktop=1
[trace t=5736 pid=0] heartbeat windows=1 apps_alive=1 cursor=(640,400) btn=0x00 dirty=0 menu=0 desktop=1
[trace t=5836 pid=0] heartbeat windows=1 apps_alive=1 cursor=(640,400) btn=0x00 dirty=0 menu=0 desktop=1
[trace t=5936 pid=0] heartbeat windows=1 apps_alive=1 cursor=(640,400) btn=0x00 dirty=0 menu=0 desktop=1
[trace t=6036 pid=0] heartbeat windows=1 apps_alive=1 cursor=(640,400) btn=0x00 dirty=0 menu=0 desktop=1
[trace t=6136 pid=0] heartbeat windows=1 apps_alive=1 cursor=(640,400) btn=0x00 dirty=0 menu=0 desktop=1
