vbe: Initialising...
vbe: Version: 3.0
vbe: OEM: SeaBIOS VBE(C) 2011
vbe: Graphics vendor: SeaBIOS Developers
vbe: Product name: SeaBIOS VBE Adapter
vbe: Product revision: Rev. 1
edid: Success.
vbe: EDID detected screen resolution of 1280x800
vbe: Found matching mode 0x17a, attempting to set...
vbe: Framebuffer address: 0xfd000000
edid: Success.
[2J[H
[2;27H[36mLimine 11.4.0 (x86-64, BIOS)[0m



[13;1H                                   [7m tobyOS [27m
[4;1H    [32mARROWS[0m Select    [32mENTER[0m Boot    [32mE[0m Edit[4;64H[32mB[0m Blank Entry[14;1H

[24;1H[2K[32mBooting automatically in [92m3[32m, press any key to stop the countdown...[0m[24;1H[2K[32mBooting automatically in [92m2[32m, press any key to stop the countdown...[0m[24;1H[2K[32mBooting automatically in [92m1[32m, press any key to stop the countdown...[0m[2J[Hlimine: Loading executable `boot():/boot/tobyos.bin`...
limine: Physical base:   0x7d9a000
limine: Virtual base:    0xffffffff80000000
limine: Slide:           0x0
limine: ELF entry point: 0xffffffff80001000
limine: Base revision:   3
limine: Requests count:  6
limine: Top of HHDM:     0x40000000
acpi: Found RSDP at 0xf52d0
limine: Loading module `boot():/boot/initrd.tar`...
limine: Loading module `boot():/boot/install.img`...
vbe: Initialising...
vbe: Version: 3.0
vbe: OEM: SeaBIOS VBE(C) 2011
vbe: Graphics vendor: SeaBIOS Developers
vbe: Product name: SeaBIOS VBE Adapter
vbe: Product revision: Rev. 1
edid: Success.
vbe: EDID detected screen resolution of 1280x800
vbe: Found matching mode 0x17a, attempting to set...
vbe: Mode was already set, perfect!
vbe: Framebuffer address: 0xfd000000
edid: Success.
paging: 1GiB pages are not supported!
acpi: Found RSDP at 0xf52d0
acpi: "DMAR" not found
acpi: Found RSDP at 0xf52d0
acpi: "IVRS" not found
[boot] serial up
[0] INFO  slog    : slog ready (depth=256, persist=/data/system.log)
[0] INFO  boot    : tobyOS boot sequence started
[boot] framebuffer: 1280x800 pitch=5120 bpp=32 addr=0xffff8000fd000000
[boot] console up
[gdt] loaded: base=0xffffffff800725b0 limit=55 entries=7
[gdt] CS=0x08 DS=0x10 (expected CS=0x08 DS=0x10)
[gdt] user CS=0x23 DS=0x1b  TSS sel=0x28 (TSS slot empty until tss_init)
[idt] loaded: base=0xffffffff80072600 limit=4095 (256 gates wired)
[boot] firing int3 to exercise IDT round-trip...
[isr] breakpoint hit at rip=0xffffffff8000109a (rflags=0x86)
[boot] int3 returned cleanly, IDT round-trip OK
[0] INFO  wdog    : watchdog ready (timeout=10000 ms)
[pit] channel 0 -> 100 Hz (divisor=11931)
[kbd] PS/2 driver up (IRQ1 unmasked)
[boot] interrupts enabled (IRQ0 timer + IRQ1 keyboard, via legacy PIC for early boot)
[perf] TSC calibrated: 4300 MHz (215019479 cycles in 50000000 ns)
[boot] HHDM offset = 0xffff800000000000
[pmm] Limine memmap (19 entries):
  0x0000000000001000..0x0000000000061000       384 KiB  bootloader
  0x0000000000061000..0x000000000009f000       248 KiB  usable
  0x000000000009fc00..0x00000000000a0000         1 KiB  reserved
  0x00000000000f0000..0x0000000000100000        64 KiB  reserved
  0x0000000000100000..0x0000000007856000    122200 KiB  usable
  0x0000000007856000..0x0000000007c56000      4096 KiB  kernel
  0x0000000007c56000..0x0000000007c57000         4 KiB  bootloader
  0x0000000007c57000..0x0000000007d90000      1252 KiB  kernel
  0x0000000007d90000..0x0000000007d91000         4 KiB  bootloader
  0x0000000007d91000..0x0000000007d94000        12 KiB  usable
  0x0000000007d94000..0x0000000007d9a000        24 KiB  bootloader
  0x0000000007d9a000..0x0000000007ec3000      1188 KiB  kernel
  0x0000000007ec3000..0x0000000007f49000       536 KiB  bootloader
  0x0000000007f49000..0x0000000007f64000       108 KiB  usable
  0x0000000007f64000..0x0000000007fde000       488 KiB  bootloader
  0x0000000007fde000..0x0000000008000000       136 KiB  reserved
  0x00000000fd000000..0x00000000fd3e8000      4000 KiB  framebuffer
  0x00000000fffc0000..0x0000000100000000       256 KiB  reserved
  0x000000fd00000000..0x0000010000000000  12582912 KiB  reserved
[pmm] managed:  32612 pages (127 MiB) up to 0x0000000007f64000
[pmm] usable:   122568 KiB across 19 regions
[pmm] bitmap:   4077 bytes at phys 0x0000000000061000 (virt 0xffff800000061000), 1 pages
[pmm] free:     30641 pages (119 MiB) -- used: 1971 pages
[pmm] test: allocated 0x0000000000062000 0x0000000000063000 0x0000000000064000 0x0000000000065000 (free now=30637)
[pmm] test: read-back a=0xdeadbeefcafebabe d=0x1122334455667788
[pmm] test: alloc/free balanced (free=30641 before & after)
[boot] reserved AP trampoline page at phys 0x0000000000070000
[vmm] kernel image: virt 0xffffffff80000000..0xffffffff80129000 -> phys 0x0000000007d9a000 (1188 KiB)
[vmm] hhdm mirror:  132 MiB across memmap, top phys 0x00000000fd400000, 2M pages
[vmm] new PML4 at phys 0x0000000000062000, switching CR3...
[vmm] CR3 switched. Running on tobyOS page tables.
[vmm] test: __text_start 0xffffffff80001000 -> phys 0x0000000007d9b000
[vmm] test: __data_start 0xffffffff80071000 -> phys 0x0000000007e0b000
[vmm] test: HHDM r/w through new PML4 at phys 0x0000000000069000 OK
[vmm] test: new mapping at 0xffffc00000000000 <-> phys 0x0000000000069000 verified
[vmm] test: unmap clears translation, scratch page freed
[vmm] test: ok
[heap] up: initial arena 17 pages (67 KiB)
[heap] start: arenas=1 total=69600 used=0 free=69600  brk=0xffffd00000011000 (region 0xffffd00000000000..0xffffd10000000000)
[heap] after 8 allocs: arenas=2 used=85616 free=65872 allocs=8
[heap] after 8 frees: arenas=2 used=0 free=151488 frees=8
[heap] test: ok (region OK, fragmented 80 KiB alloc OK, round-trip balanced, kcalloc zero-verified)
[heap] brk now 0xffffd00000025000 (148 KiB virt consumed)
[tss] installed: tss=0xffffffff800793c0 rsp0=0xffffffff800793c0 (irq stack 16 KiB)
[sys] EFER.SCE on, STAR=0x0010000800000000, LSTAR=0xffffffff8005515c, FMASK=0x700
[sys] kernel syscall rsp = 0xffffffff800793c0
[sys] available syscalls: 0=exit  1=write  2=read  3=pipe  4=close  5=yield
[sys]                     6=socket 7=bind 8=sendto 9=recvfrom
[sys]                     10=gui_create 11=gui_fill 12=gui_text 13=gui_flip 14=gui_poll_event
[sys]                     15=term_open 16=term_write 17=term_read 18=fs_readdir 19=fs_readfile 20=exec
[sys]                     21=setting_get 22=setting_set 23=login 24=logout 25=session_info
[sys]                     26=getuid 27=getgid 28=username 29=chmod 30=chown
[sys]   M25A: 31=getpid 32=getppid 33=spawn 34=waitpid 35=open 36=lseek 37=stat 38=fstat
[sys]         39=dup 40=dup2 41=unlink 42=mkdir 43=brk 44=getcwd 45=chdir 46=getenv
[sys]         47=nanosleep 48=clock_ms 49=abi_version (ABI v1)
[acpi] using RSDT @ 0x0000000007fe2452 (entries=4)
[acpi] MADT: lapic_phys (32-bit field) = 0x00000000fee00000, legacy_pic=yes
[acpi]   CPU0: acpi_id=0 apic_id=0 flags=0x1 enabled 
[acpi]   CPU1: acpi_id=1 apic_id=1 flags=0x1 enabled 
[acpi]   CPU2: acpi_id=2 apic_id=2 flags=0x1 enabled 
[acpi]   CPU3: acpi_id=3 apic_id=3 flags=0x1 enabled 
[acpi]   IOAPIC 0: mmio=0x00000000fec00000 gsi_base=0
[acpi]   ISO: ISA IRQ0 -> GSI 2 (flags=0x0)
[acpi]   ISO: ISA IRQ5 -> GSI 5 (flags=0xd)
[acpi]   ISO: ISA IRQ9 -> GSI 9 (flags=0xd)
[acpi]   ISO: ISA IRQ10 -> GSI 10 (flags=0xd)
[acpi]   ISO: ISA IRQ11 -> GSI 11 (flags=0xd)
[acpi]   LAPIC NMI: acpi_proc=255 lint=1 flags=0x0
[acpi] enumerated 4 CPU(s) (SMP), 1 IO APIC(s), 5 override(s), 1 NMI source(s)
[acpi] FADT: pm1a_cnt=0x604 pm1b_cnt=0x0 smi_cmd=0xb2 acpi_enable=0xf1 sci_int=9
[acpi] FADT: reset_reg not supported (flags=0x80a5)
[acpi] DSDT _S5_: SLP_TYPa=0 SLP_TYPb=0 (DSDT 8878 bytes)
[acpi] AML inventory: dsdt=8842 bytes, 0 SSDT(s)
[apic] BSP local APIC: phys=0x00000000fee00000 virt=0xffffd20000000000 id=0 ver=0x14
[apic] SVR=0x1ff  spurious_vec=0xff  timer_vec=0x40 (masked)
[apic] timer calibrated: ~3390300 ticks/10ms (~339030 kHz, ~339030000 Hz/sec)
[ioapic] chip 0: phys=0x00000000fec00000 virt=0xffffd20000010000 gsi=[0..23] ver=0x20 entries=24
[irq]   re-route ISA IRQ 0 -> GSI 2 vec=0x20 edge/ahigh
[irq]   re-route ISA IRQ 1 (identity, edge/ahigh) -> vec=0x21
[irq] facade: switched to IO APIC mode (2 IRQs re-routed)
[pci] enumerating bus 0...
[pci] 7 device(s):
[pci] 00:00.0  8086:1237  bridge.host       
[pci] 00:01.0  8086:7000  bridge.isa        
[pci] 00:01.1  8086:7010  storage.ide         BAR4 io 16
[pci] 00:01.3  8086:7113  bridge              IRQ 9
[pci] 00:02.0  1234:1111  display.vga         BAR0 mem 16384K  BAR2 mem 4K
[pci] 00:03.0  8086:100e  network.ethernet    IRQ 11  BAR0 mem 128K  BAR1 io 64
[pci] 00:04.0  1b36:000d  serial.usb          IRQ 11  BAR0 mem 16K
[ata] primary master: 32768 sectors (16384 KiB) -- PIO LBA28 (PCI 00:01.1)
[blk] registered 'ide0:master' [disk] (32768 sectors, 16384 KiB)
[pci] driver blk_ata  bound to 00:01.1  (8086:7010)
[e1000] probing 00:03.0  (vid:did 8086:100e)
[e1000] MMIO BAR0 phys=0x00000000febc0000 virt=0xffff8000febc0000 (128 KiB UC)
[e1000] no MSI cap -- staying polled (vec 0x50 is now idle)
[net] +nic e1000:00:03.0 mac=52:54:00:12:34:56 (slot 0)
[pci] driver e1000    bound to 00:03.0  (8086:100e)
[xhci] probing 00:04.0  (vid:did 1b36:000d  class 0c:03:30)
[xhci] MMIO BAR0 phys=0x00000000febf0000 virt=0xffff8000febf0000
[xhci] HCIVERSION=0x0100  CAPLENGTH=0x40  CSZ=0  AC64=1
[xhci] MaxSlots=64  MaxIntrs=16  MaxPorts=8  Scratch=0
[xhci] op_regs=+0x40  rt_regs=+0x1000  db_regs=+0x2000  xECP=+0x20
[xhci] controller online -- enumerating 8 root-hub port(s)
[xhci] port 5: connected, speed=3 (PORTSC=0x00020e03)
[xhci] dev slot=1 addr=1  vid=0627 pid=0001  class=00
[usb-hid] boot keyboard on slot 1 iface 0 ep 0x81 mps 8  (port 5)
[xhci] port 6: connected, speed=3 (PORTSC=0x00020e03)
[xhci] dev slot=2 addr=2  vid=0627 pid=0001  class=00
[usb-hid] boot mouse on slot 2 iface 0 ep 0x81 mps 4  (port 6)
[pci] 00:04.0: MSI-X enabled (cap=0x90, BAR0@+0x3000, 1/16 vecs, base=0x51 lapic=0)
[xhci] IRQ live on vec 0x51  (IR0.IE + USBCMD.INTE set)
[pci] driver xhci     bound to 00:04.0  (1b36:000d)
[pci] bind complete -- 3 of 7 device(s) bound  (3 newly this pass)
[blk] 1 device(s) registered:
  [0] ide0:master          disk    32768 sectors ( 16384 KiB)
[net] 1 nic(s) registered:
  [0] e1000:00:03.0 mac=52:54:00:12:34:56
[boot] Limine modules (2):
  [0] /boot/initrd.tar  size=1280000  addr=0xffff800007c57000
  [1] /boot/install.img  size=4194304  addr=0xffff800007856000
[initrd] using '/boot/initrd.tar' (size=1280000, addr=0xffff800007c57000)
[ramfs] mounted: 52 entries from 1280000-byte tar at 0xffff800007c57000
  - bin/hello                         8848 B  data@0xffff800007c57200
  - bin/bad                           8800 B  data@0xffff800007c59800
  - bin/echo                          13032 B  data@0xffff800007c5be00
  - bin/cat                           8864 B  data@0xffff800007c5f400
  - bin/long_task                     8864 B  data@0xffff800007c61a00
  - bin/netecho                       17232 B  data@0xffff800007c64000
  - bin/gui_demo                      13080 B  data@0xffff800007c68600
  - bin/gui_clock                     13032 B  data@0xffff800007c6bc00
  - bin/gui_widgets                   13672 B  data@0xffff800007c6f200
  - bin/gui_about                     13632 B  data@0xffff800007c72a00
  - bin/gui_term                      13232 B  data@0xffff800007c76200
  - bin/gui_files                     13624 B  data@0xffff800007c79800
  - bin/gui_viewer                    13304 B  data@0xffff800007c7d000
  - bin/login                         13664 B  data@0xffff800007c80600
  - bin/gui_settings                  13760 B  data@0xffff800007c83e00
  - bin/abi_test                      13064 B  data@0xffff800007c87600
  - bin/c_hello                       29648 B  data@0xffff800007c8ac00
  - bin/c_args                        29648 B  data@0xffff800007c92200
  - bin/c_filedemo                    33744 B  data@0xffff800007c99800
  - bin/c_alloctest                   33744 B  data@0xffff800007ca1e00
  - bin/c_envtest                     34104 B  data@0xffff800007caa400
  - bin/c_dynhello                    3328 B  data@0xffff800007cb2c00
  - bin/devlist                       34328 B  data@0xffff800007cb3c00
  - bin/drvtest                       34328 B  data@0xffff800007cbc600
  - bin/usbtest                       38808 B  data@0xffff800007cc5000
  - bin/audiotest                     34328 B  data@0xffff800007ccea00
  - bin/batterytest                   34328 B  data@0xffff800007cd7400
  - bin/displayinfo                   34328 B  data@0xffff800007cdfe00
  - bin/drawtest                      34472 B  data@0xffff800007ce8800
  - bin/rendertest                    42984 B  data@0xffff800007cf1200
  - bin/fonttest                      33808 B  data@0xffff800007cfbc00
  - bin/logview                       34168 B  data@0xffff800007d04400
  - bin/crashinfo                     33776 B  data@0xffff800007d0cc00
  - bin/wdogtest                      33864 B  data@0xffff800007d15200
  - bin/safesh                        34256 B  data@0xffff800007d1da00
  - bin/fscheck                       33864 B  data@0xffff800007d26200
  - bin/services                      33936 B  data@0xffff800007d2ea00
  - bin/svc_crasher                   29648 B  data@0xffff800007d37200
  - bin/stabilitytest                 33992 B  data@0xffff800007d3e800
  - bin/p_echo                        34112 B  data@0xffff800007d47000
  - bin/p_cat                         34112 B  data@0xffff800007d4f800
  - bin/p_wc                          34472 B  data@0xffff800007d58000
  - bin/p_head                        34456 B  data@0xffff800007d60a00
  - bin/p_ls                          34704 B  data@0xffff800007d69400
  - bin/p_grep                        34600 B  data@0xffff800007d71e00
  - lib/ld-toby.so                    5672 B  data@0xffff800007d7a800
  - lib/libtoby.so                    42464 B  data@0xffff800007d7c200
  - repo/helloapp.tpkg                13977 B  data@0xffff800007d86a00
  - repo/helloapp_v2.tpkg             14034 B  data@0xffff800007d8a400
  - etc/motd                          297 B  data@0xffff800007d8de00
  - readme.txt                        922 B  data@0xffff800007d8e200
  - etc/safemode_now                  2 B  data@0xffff800007d8e800
[safe] /etc/safemode_now present -- SAFE MODE ACTIVE
[760] INFO  safe    : boot mode = SAFE
[tobyfs] mount of '/data' clean: inodes=10/256 blocks=6/1013
[800] INFO  fs      : mount /data clean (i=10/256 b=6/1013)
[tobyfs] mounted '/data' on ide0:master: 10/255 inodes, 6/1013 data blocks (4028 KiB free)
[boot] mounted /data on whole disk 'ide0:master' (legacy LBA-0 layout)
[boot] no FAT32 partition discovered -- /fat unmounted
[boot] no FAT32-on-USB discovered -- /usb unmounted
[boot] no ext4 partition discovered -- /ext unmounted
[installer] live install image registered: 4194304 bytes @ 0xffff800007856000
[vfs] mount table (2 entries):
  /            -> ops=0xffffffff8006e040 mnt=0xffffffff8008ded0
  /data        -> ops=0xffffffff8006e5f0 mnt=0xffffd00000012f20
[proc] table initialised (16 slots), pid 0 = 'kernel_main' RUNNING
[sched] per-CPU round-robin scheduler ready (BSP cur=pid 0)
[signal] subsystem up (SIGINT=2, SIGTERM=15)
[boot] spawning first userspace process from /bin/hello...
[elf] phdr[0] LOAD vaddr=0x0000000000400000 memsz=0x34 filesz=0x34 flags=R-X U -> pages [0x0000000000400000..0x0000000000401000)
[elf] phdr[1] LOAD vaddr=0x0000000000401000 memsz=0x45 filesz=0x45 flags=R-- U -> pages [0x0000000000401000..0x0000000000402000)
[elf] load OK (user): type=ET_EXEC, 2 segment(s), base=0x0000000000000000, entry=0x0000000000400000, phdr=0x0000000000000000 (2 entries)
[proc] created pid=1 ppid=0 'hello-boot' entry=0x0000000000400000 rsp=0x00007fffffffff50 cr3=0x14b000 kstack=0xffffd0000001d140 argc=0 envc=0 cwd='/'
hello from user mode
user_hello: about to SYS_EXIT(0x55)
[sys_exit] user requested exit, code=85 (0x55)
[proc] pid=1 'hello-boot' exit code=85 (0x55) cpu=0 ms syscalls=3
[proc] reaped pid=1, slot recycled
[boot] /bin/hello (pid=1) finished, exit code=85 (0x55)
[elf] phdr[0] LOAD vaddr=0x0000000000400000 memsz=0xd22 filesz=0xd22 flags=R-X U -> pages [0x0000000000400000..0x0000000000401000)
[elf] phdr[1] LOAD vaddr=0x0000000000401000 memsz=0x374 filesz=0x374 flags=R-- U -> pages [0x0000000000401000..0x0000000000402000)
[elf] phdr[2] LOAD vaddr=0x0000000000402000 memsz=0x18 filesz=0x18 flags=RW- U -> pages [0x0000000000402000..0x0000000000403000)
[elf] load OK (user): type=ET_EXEC, 3 segment(s), base=0x0000000000000000, entry=0x0000000000400000, phdr=0x0000000000000000 (3 entries)
[proc] created pid=1 ppid=0 'abi-test-boot' entry=0x0000000000400000 rsp=0x00007fffffffff50 cr3=0x14b000 kstack=0xffffd0000001d140 argc=0 envc=0 cwd='/'
[abi-test] starting Milestone 25A ABI surface check
[abi-test] argc = 0
[abi-test] abi_version = 1
[abi-test] pid = 1
[abi-test] ppid = 0
[abi-test] clock_ms_delta = 1
[abi-test] cwd_len = 1
[abi-test] cwd = /
[abi-test] brk_initial = 268435456
[abi-test] brk_after_grow = 268451840
[abi-test] heap pages writable + zero-initialised OK
[abi-test] open_fd = 3
[abi-test] write_bytes = 10
[abi-test] lseek_set = 0
[abi-test] read_bytes = 10
[abi-test] fstat_rc = 0
[abi-test] fstat_size = 10
[abi-test] fstat_mode = 33188
[abi-test] stat_rc = 0
[abi-test] stat_size = 10
[abi-test] dup_fd = 4
[abi-test] dup2_fd = 9
[abi-test] unlink_rc = 0
[abi-test] chdir_rc = 0
[abi-test] new cwd = /data/abi_test_dir
[abi-test] getenv_PATH_rc = 0
[abi-test] ALL OK
[sys_exit] user requested exit, code=0 (0x0)
[proc] pid=1 'abi-test-boot' exit code=0 (0x0) cpu=0 ms syscalls=152
[proc] reaped pid=1, slot recycled
[boot] M25A: /bin/abi_test (pid=1) finished, exit code=0 (PASS)
[elf] phdr[0] LOAD vaddr=0x0000000000400000 memsz=0x3ed6 filesz=0x3ed6 flags=R-X U -> pages [0x0000000000400000..0x0000000000404000)
[elf] phdr[1] LOAD vaddr=0x0000000000404000 memsz=0x7d0 filesz=0x7d0 flags=R-- U -> pages [0x0000000000404000..0x0000000000405000)
[elf] phdr[2] LOAD vaddr=0x0000000000405000 memsz=0x1cc filesz=0x80 flags=RW- U -> pages [0x0000000000405000..0x0000000000406000)
[elf] load OK (user): type=ET_EXEC, 3 segment(s), base=0x0000000000000000, entry=0x0000000000400000, phdr=0x0000000000000000 (3 entries)
[proc] created pid=1 ppid=0 'c_hello-boot' entry=0x0000000000400000 rsp=0x00007fffffffff50 cr3=0x14b000 kstack=0xffffd0000001d140 argc=0 envc=0 cwd='/'
[c_hello] hello from libtoby (argc=0)
[c_hello] ALL OK
[_exit] code=0 caller=0x0000000000400124
[sys_exit] user requested exit, code=0 (0x0)
[proc] pid=1 'c_hello-boot' exit code=0 (0x0) cpu=0 ms syscalls=6
[proc] reaped pid=1, slot recycled
[boot] M25B: /bin/c_hello (pid=1) exit=0 (PASS)
[elf] phdr[0] LOAD vaddr=0x0000000000400000 memsz=0x3fe6 filesz=0x3fe6 flags=R-X U -> pages [0x0000000000400000..0x0000000000404000)
[elf] phdr[1] LOAD vaddr=0x0000000000404000 memsz=0x860 filesz=0x860 flags=R-- U -> pages [0x0000000000404000..0x0000000000405000)
[elf] phdr[2] LOAD vaddr=0x0000000000405000 memsz=0x1cc filesz=0x80 flags=RW- U -> pages [0x0000000000405000..0x0000000000406000)
[elf] load OK (user): type=ET_EXEC, 3 segment(s), base=0x0000000000000000, entry=0x0000000000400000, phdr=0x0000000000000000 (3 entries)
[proc] created pid=1 ppid=0 'c_args-boot' entry=0x0000000000400000 rsp=0x00007fffffffff50 cr3=0x14b000 kstack=0xffffd0000001d140 argc=0 envc=0 cwd='/'
[c_args] argc=0
[c_args] envc=0
[c_args] getenv("HOME") = (unset)
[c_args] __toby_argc=0 __toby_argv=0x7fffffffff58 __toby_envp=0x7fffffffff60
[c_args] ALL OK
[_exit] code=0 caller=0x0000000000400234
[sys_exit] user requested exit, code=0 (0x0)
[proc] pid=1 'c_args-boot' exit code=0 (0x0) cpu=0 ms syscalls=21
[proc] reaped pid=1, slot recycled
[boot] M25B: /bin/c_args (pid=1) exit=0 (PASS)
[elf] phdr[0] LOAD vaddr=0x0000000000400000 memsz=0x41a6 filesz=0x41a6 flags=R-X U -> pages [0x0000000000400000..0x0000000000405000)
[elf] phdr[1] LOAD vaddr=0x0000000000405000 memsz=0xa30 filesz=0xa30 flags=R-- U -> pages [0x0000000000405000..0x0000000000406000)
[elf] phdr[2] LOAD vaddr=0x0000000000406000 memsz=0x1d8 filesz=0x80 flags=RW- U -> pages [0x0000000000406000..0x0000000000407000)
[elf] load OK (user): type=ET_EXEC, 3 segment(s), base=0x0000000000000000, entry=0x0000000000400000, phdr=0x0000000000000000 (3 entries)
[proc] created pid=1 ppid=0 'c_filedemo-boot' entry=0x0000000000400000 rsp=0x00007fffffffff50 cr3=0x14b000 kstack=0xffffd0000001d140 argc=0 envc=0 cwd='/'
[c_filedemo] file size = 45 bytes (expected 45)
[c_filedemo] readback first 45 chars: hello from c_filedemo
second lin...
[c_filedemo] ALL OK
[_exit] code=0 caller=0x0000000000400b64
[sys_exit] user requested exit, code=0 (0x0)
[proc] pid=1 'c_filedemo-boot' exit code=0 (0x0) cpu=0 ms syscalls=31
[proc] reaped pid=1, slot recycled
[boot] M25B: /bin/c_filedemo (pid=1) exit=0 (PASS)
[elf] phdr[0] LOAD vaddr=0x0000000000400000 memsz=0x43f6 filesz=0x43f6 flags=R-X U -> pages [0x0000000000400000..0x0000000000405000)
[elf] phdr[1] LOAD vaddr=0x0000000000405000 memsz=0x910 filesz=0x910 flags=R-- U -> pages [0x0000000000405000..0x0000000000406000)
[elf] phdr[2] LOAD vaddr=0x0000000000406000 memsz=0x1cc filesz=0x80 flags=RW- U -> pages [0x0000000000406000..0x0000000000407000)
[elf] load OK (user): type=ET_EXEC, 3 segment(s), base=0x0000000000000000, entry=0x0000000000400000, phdr=0x0000000000000000 (3 entries)
[proc] created pid=1 ppid=0 'c_alloctest-boot' entry=0x0000000000400000 rsp=0x00007fffffffff50 cr3=0x14b000 kstack=0xffffd0000001d140 argc=0 envc=0 cwd='/'
[c_alloctest] ALL OK
[_exit] code=0 caller=0x0000000000400db4
[sys_exit] user requested exit, code=0 (0x0)
[proc] pid=1 'c_alloctest-boot' exit code=0 (0x0) cpu=0 ms syscalls=9
[proc] reaped pid=1, slot recycled
[boot] M25B: /bin/c_alloctest (pid=1) exit=0 (PASS)
[boot] M25B: libtoby demos 4/4 PASS
[elf] phdr[0] LOAD vaddr=0x0000000000400000 memsz=0x3fe6 filesz=0x3fe6 flags=R-X U -> pages [0x0000000000400000..0x0000000000404000)
[elf] phdr[1] LOAD vaddr=0x0000000000404000 memsz=0x860 filesz=0x860 flags=R-- U -> pages [0x0000000000404000..0x0000000000405000)
[elf] phdr[2] LOAD vaddr=0x0000000000405000 memsz=0x1cc filesz=0x80 flags=RW- U -> pages [0x0000000000405000..0x0000000000406000)
[elf] load OK (user): type=ET_EXEC, 3 segment(s), base=0x0000000000000000, entry=0x0000000000400000, phdr=0x0000000000000000 (3 entries)
[proc] created pid=1 ppid=0 'c_args-spec' entry=0x0000000000400000 rsp=0x00007ffffffffee0 cr3=0x14b000 kstack=0xffffd0000001d140 argc=4 envc=3 cwd='/'
[c_args] argc=4
[c_args]   argv[0] = "c_args"
[c_args]   argv[1] = "alpha"
[c_args]   argv[2] = "beta"
[c_args]   argv[3] = "gamma"
[c_args] envc=3
[c_args]   envp[0] = "PATH=/bin"
[c_args]   envp[1] = "TEST_PHASE=25C"
[c_args]   envp[2] = "BUILD=ok"
[c_args] getenv("HOME") = (unset)
[c_args] __toby_argc=4 __toby_argv=0x7ffffffffee8 __toby_envp=0x7fffffffff10
[c_args] ALL OK
[_exit] code=0 caller=0x0000000000400234
[sys_exit] user requested exit, code=0 (0x0)
[proc] pid=1 'c_args-spec' exit code=0 (0x0) cpu=0 ms syscalls=56
[proc] reaped pid=1, slot recycled
[boot] M25C: /bin/c_args (pid=1, argc=4 envc=3) exit=0 (PASS)
[elf] phdr[0] LOAD vaddr=0x0000000000400000 memsz=0x4ae6 filesz=0x4ae6 flags=R-X U -> pages [0x0000000000400000..0x0000000000405000)
[elf] phdr[1] LOAD vaddr=0x0000000000405000 memsz=0xde0 filesz=0xde0 flags=R-- U -> pages [0x0000000000405000..0x0000000000406000)
[elf] phdr[2] LOAD vaddr=0x0000000000406000 memsz=0x1f8 filesz=0xa0 flags=RW- U -> pages [0x0000000000406000..0x0000000000407000)
[elf] load OK (user): type=ET_EXEC, 3 segment(s), base=0x0000000000000000, entry=0x0000000000400000, phdr=0x0000000000000000 (3 entries)
[proc] created pid=1 ppid=0 'c_envtest-boot' entry=0x0000000000400000 rsp=0x00007fffffffff00 cr3=0x14b000 kstack=0xffffd0000001d140 argc=1 envc=3 cwd='/'
[c_envtest][build] M25C-debug-rev3 alive
[c_envtest] argc=1 argv[0]='c_envtest'
[c_envtest] environ has 3 initial entries
[c_envtest] getenv(PATH) = /bin
[c_envtest][diag] BEFORE system
[c_envtest] system("c_hello") starting...
[elf] phdr[0] LOAD vaddr=0x0000000000400000 memsz=0x3ed6 filesz=0x3ed6 flags=R-X U -> pages [0x0000000000400000..0x0000000000404000)
[elf] phdr[1] LOAD vaddr=0x0000000000404000 memsz=0x7d0 filesz=0x7d0 flags=R-- U -> pages [0x0000000000404000..0x0000000000405000)
[elf] phdr[2] LOAD vaddr=0x0000000000405000 memsz=0x1cc filesz=0x80 flags=RW- U -> pages [0x0000000000405000..0x0000000000406000)
[elf] load OK (user): type=ET_EXEC, 3 segment(s), base=0x0000000000000000, entry=0x0000000000400000, phdr=0x0000000000000000 (3 entries)
[proc] created pid=2 ppid=1 'c_hello' entry=0x0000000000400000 rsp=0x00007fffffffff30 cr3=0x162000 kstack=0xffffd00000008030 argc=1 envc=1 cwd='/'
[c_hello] hello from libtoby (argc=1)
[c_hello] ALL OK
[_exit] code=0 caller=0x0000000000400124
[sys_exit] user requested exit, code=0 (0x0)
[proc] pid=2 'c_hello' exit code=0 (0x0) cpu=0 ms syscalls=6
[proc] reaped pid=2, slot recycled
[c_envtest][diag] AFTER system, sr=0
[c_envtest] system("c_hello") raw status=0x0
[c_envtest][diag] AFTER printf raw status
[c_envtest][diag] AFTER system EXPECTs
[c_envtest] recursive execvp test starting...
[elf] phdr[0] LOAD vaddr=0x0000000000400000 memsz=0x4ae6 filesz=0x4ae6 flags=R-X U -> pages [0x0000000000400000..0x0000000000405000)
[elf] phdr[1] LOAD vaddr=0x0000000000405000 memsz=0xde0 filesz=0xde0 flags=R-- U -> pages [0x0000000000405000..0x0000000000406000)
[elf] phdr[2] LOAD vaddr=0x0000000000406000 memsz=0x1f8 filesz=0xa0 flags=RW- U -> pages [0x0000000000406000..0x0000000000407000)
[elf] load OK (user): type=ET_EXEC, 3 segment(s), base=0x0000000000000000, entry=0x0000000000400000, phdr=0x0000000000000000 (3 entries)
[proc] created pid=2 ppid=1 'c_envtest' entry=0x0000000000400000 rsp=0x00007fffffffff00 cr3=0x162000 kstack=0xffffd00000008030 argc=3 envc=1 cwd='/'
[c_envtest][build] M25C-debug-rev3 alive
[c_envtest] (child) execvp -> 'c_hello'
[elf] phdr[0] LOAD vaddr=0x0000000000400000 memsz=0x3ed6 filesz=0x3ed6 flags=R-X U -> pages [0x0000000000400000..0x0000000000404000)
[elf] phdr[1] LOAD vaddr=0x0000000000404000 memsz=0x7d0 filesz=0x7d0 flags=R-- U -> pages [0x0000000000404000..0x0000000000405000)
[elf] phdr[2] LOAD vaddr=0x0000000000405000 memsz=0x1cc filesz=0x80 flags=RW- U -> pages [0x0000000000405000..0x0000000000406000)
[elf] load OK (user): type=ET_EXEC, 3 segment(s), base=0x0000000000000000, entry=0x0000000000400000, phdr=0x0000000000000000 (3 entries)
[proc] created pid=3 ppid=2 'c_hello' entry=0x0000000000400000 rsp=0x00007fffffffff30 cr3=0x174000 kstack=0xffffd00000010040 argc=1 envc=1 cwd='/'
[c_hello] hello from libtoby (argc=1)
[c_hello] ALL OK
[_exit] code=0 caller=0x0000000000400124
[sys_exit] user requested exit, code=0 (0x0)
[proc] pid=3 'c_hello' exit code=0 (0x0) cpu=0 ms syscalls=6
[proc] reaped pid=3, slot recycled
[_exit] code=0 caller=0x0000000000402e0b
[sys_exit] user requested exit, code=0 (0x0)
[proc] pid=2 'c_envtest' exit code=0 (0x0) cpu=27 ms syscalls=9
[proc] reaped pid=2, slot recycled
[c_envtest] recursive child pid=2 status=0x0
[c_envtest] ALL OK
[_exit] code=0 caller=0x0000000000400f44
[sys_exit] user requested exit, code=0 (0x0)
[proc] pid=1 'c_envtest-boot' exit code=0 (0x0) cpu=84 ms syscalls=38
[proc] reaped pid=1, slot recycled
[boot] M25C: /bin/c_envtest (pid=1) exit=0 (PASS)
[elf] phdr[2] LOAD vaddr=0x0000000000500000 memsz=0x3a8 filesz=0x3a8 flags=R-- U -> pages [0x0000000000500000..0x0000000000501000)
[elf] phdr[3] LOAD vaddr=0x00000000005013b0 memsz=0xd0 filesz=0xd0 flags=R-X U -> pages [0x0000000000501000..0x0000000000502000)
[elf] phdr[4] LOAD vaddr=0x0000000000502480 memsz=0xb80 filesz=0x120 flags=RW- U -> pages [0x0000000000502000..0x0000000000503000)
[elf] phdr[5] LOAD vaddr=0x00000000005035a0 memsz=0x18 filesz=0x18 flags=RW- U -> pages [0x0000000000503000..0x0000000000504000)
[elf] load OK (user): type=ET_DYN, 4 segment(s), base=0x0000000000500000, entry=0x00000000005013b0, phdr=0x0000000000500040 (9 entries), PT_INTERP
[elf] phdr[1] LOAD vaddr=0x0000000040000000 memsz=0x499 filesz=0x499 flags=R-- U -> pages [0x0000000040000000..0x0000000040001000)
[elf] phdr[2] LOAD vaddr=0x00000000400014a0 memsz=0x9ba filesz=0x9ba flags=R-X U -> pages [0x0000000040001000..0x0000000040002000)
[elf] phdr[3] LOAD vaddr=0x0000000040002e60 memsz=0x1a0 filesz=0xa0 flags=RW- U -> pages [0x0000000040002000..0x0000000040003000)
[elf] phdr[4] LOAD vaddr=0x0000000040003f00 memsz=0x390 filesz=0x0 flags=RW- U -> pages [0x0000000040003000..0x0000000040005000)
[elf] load OK (user): type=ET_DYN, 4 segment(s), base=0x0000000040000000, entry=0x00000000400014a0, phdr=0x0000000040000040 (8 entries)
[proc] loaded interpreter '/lib/ld-toby.so' base=0x0000000040000000 entry=0x00000000400014a0
[proc] created pid=1 ppid=0 'c_dynhello-boot' entry=0x00000000400014a0 rsp=0x00007fffffffff30 cr3=0x14b000 kstack=0xffffd0000001d140 argc=1 envc=1 cwd='/'
[elf] phdr[1] LOAD vaddr=0x0000000060000000 memsz=0x2a50 filesz=0x2a50 flags=R-- U -> pages [0x0000000060000000..0x0000000060003000)
[elf] phdr[2] LOAD vaddr=0x0000000060003a50 memsz=0x59a7 filesz=0x59a7 flags=R-X U -> pages [0x0000000060003000..0x000000006000a000)
[elf] phdr[3] LOAD vaddr=0x000000006000a3f8 memsz=0xc08 filesz=0x1a0 flags=RW- U -> pages [0x000000006000a000..0x000000006000b000)
[elf] phdr[4] LOAD vaddr=0x000000006000b598 memsz=0x1f0 filesz=0x7c flags=RW- U -> pages [0x000000006000b000..0x000000006000c000)
[elf] load OK (user): type=ET_DYN, 4 segment(s), base=0x0000000060000000, entry=0x0000000060000000, phdr=0x0000000060000040 (8 entries)
[c_dynhello] hello from DYNAMIC libtoby (argc=1)
[c_dynhello] ALL OK
[_exit] code=0 caller=0x0000000060004374
[sys_exit] user requested exit, code=0 (0x0)
[proc] pid=1 'c_dynhello-boot' exit code=0 (0x0) cpu=0 ms syscalls=7
[proc] reaped pid=1, slot recycled
[boot] M25D: /bin/c_dynhello (pid=1) exit=0 (PASS)
[elf] phdr[0] LOAD vaddr=0x0000000000400000 memsz=0x4246 filesz=0x4246 flags=R-X U -> pages [0x0000000000400000..0x0000000000405000)
[elf] phdr[1] LOAD vaddr=0x0000000000405000 memsz=0x7e0 filesz=0x7e0 flags=R-- U -> pages [0x0000000000405000..0x0000000000406000)
[elf] phdr[2] LOAD vaddr=0x0000000000406000 memsz=0x1e8 filesz=0x88 flags=RW- U -> pages [0x0000000000406000..0x0000000000407000)
[elf] load OK (user): type=ET_EXEC, 3 segment(s), base=0x0000000000000000, entry=0x0000000000400000, phdr=0x0000000000000000 (3 entries)
[proc] created pid=1 ppid=0 'p_echo-boot' entry=0x0000000000400000 rsp=0x00007fffffffff10 cr3=0x14b000 kstack=0xffffd0000001d140 argc=3 envc=1 cwd='/'
hello from-port-echo
[_exit] code=0 caller=0x0000000000400c04
[sys_exit] user requested exit, code=0 (0x0)
[proc] pid=1 'p_echo-boot' exit code=0 (0x0) cpu=0 ms syscalls=6
[proc] reaped pid=1, slot recycled
[boot] M25E: /bin/p_echo (pid=1) exit=0 (PASS)
[elf] phdr[0] LOAD vaddr=0x0000000000400000 memsz=0x4276 filesz=0x4276 flags=R-X U -> pages [0x0000000000400000..0x0000000000405000)
[elf] phdr[1] LOAD vaddr=0x0000000000405000 memsz=0x7d0 filesz=0x7d0 flags=R-- U -> pages [0x0000000000405000..0x0000000000406000)
[elf] phdr[2] LOAD vaddr=0x0000000000406000 memsz=0x1e8 filesz=0x88 flags=RW- U -> pages [0x0000000000406000..0x0000000000407000)
[elf] load OK (user): type=ET_EXEC, 3 segment(s), base=0x0000000000000000, entry=0x0000000000400000, phdr=0x0000000000000000 (3 entries)
[proc] created pid=1 ppid=0 'p_cat-boot' entry=0x0000000000400000 rsp=0x00007fffffffff20 cr3=0x14b000 kstack=0xffffd0000001d140 argc=2 envc=1 cwd='/'
==============================================
  Welcome to tobyOS -- milestone 4
==============================================

The kernel mounted this file from /etc/motd
on a read-only ramfs backed by a USTAR initrd.

Try:
    ls
    ls /bin
    cat /readme.txt
    run /bin/hello
[_exit] code=0 caller=0x0000000000400c34
[sys_exit] user requested exit, code=0 (0x0)
[proc] pid=1 'p_cat-boot' exit code=0 (0x0) cpu=0 ms syscalls=7
[proc] reaped pid=1, slot recycled
[boot] M25E: /bin/p_cat (pid=1) exit=0 (PASS)
[elf] phdr[0] LOAD vaddr=0x0000000000400000 memsz=0x4aca filesz=0x4aca flags=R-X U -> pages [0x0000000000400000..0x0000000000405000)
[elf] phdr[1] LOAD vaddr=0x0000000000405000 memsz=0x840 filesz=0x840 flags=R-- U -> pages [0x0000000000405000..0x0000000000406000)
[elf] phdr[2] LOAD vaddr=0x0000000000406000 memsz=0x208 filesz=0x94 flags=RW- U -> pages [0x0000000000406000..0x0000000000407000)
[elf] load OK (user): type=ET_EXEC, 3 segment(s), base=0x0000000000000000, entry=0x0000000000400000, phdr=0x0000000000000000 (3 entries)
[proc] created pid=1 ppid=0 'p_wc-boot' entry=0x0000000000400000 rsp=0x00007fffffffff20 cr3=0x14b000 kstack=0xffffd0000001d140 argc=2 envc=1 cwd='/'
      12      32     297 /etc/motd
[_exit] code=0 caller=0x00000000004011f4
[sys_exit] user requested exit, code=0 (0x0)
[proc] pid=1 'p_wc-boot' exit code=0 (0x0) cpu=0 ms syscalls=29
[proc] reaped pid=1, slot recycled
[boot] M25E: /bin/p_wc (pid=1) exit=0 (PASS)
[elf] phdr[0] LOAD vaddr=0x0000000000400000 memsz=0x46ba filesz=0x46ba flags=R-X U -> pages [0x0000000000400000..0x0000000000405000)
[elf] phdr[1] LOAD vaddr=0x0000000000405000 memsz=0x840 filesz=0x840 flags=R-- U -> pages [0x0000000000405000..0x0000000000406000)
[elf] phdr[2] LOAD vaddr=0x0000000000406000 memsz=0x208 filesz=0x9c flags=RW- U -> pages [0x0000000000406000..0x0000000000407000)
[elf] load OK (user): type=ET_EXEC, 3 segment(s), base=0x0000000000000000, entry=0x0000000000400000, phdr=0x0000000000000000 (3 entries)
[proc] created pid=1 ppid=0 'p_head-boot' entry=0x0000000000400000 rsp=0x00007fffffffff10 cr3=0x14b000 kstack=0xffffd0000001d140 argc=4 envc=1 cwd='/'
==============================================
  Welcome to tobyOS -- milestone 4
[_exit] code=0 caller=0x0000000000400de4
[sys_exit] user requested exit, code=0 (0x0)
[proc] pid=1 'p_head-boot' exit code=0 (0x0) cpu=0 ms syscalls=7
[proc] reaped pid=1, slot recycled
[boot] M25E: /bin/p_head (pid=1) exit=0 (PASS)
[elf] phdr[0] LOAD vaddr=0x0000000000400000 memsz=0x4d5a filesz=0x4d5a flags=R-X U -> pages [0x0000000000400000..0x0000000000405000)
[elf] phdr[1] LOAD vaddr=0x0000000000405000 memsz=0x850 filesz=0x850 flags=R-- U -> pages [0x0000000000405000..0x0000000000406000)
[elf] phdr[2] LOAD vaddr=0x0000000000406000 memsz=0x208 filesz=0x94 flags=RW- U -> pages [0x0000000000406000..0x0000000000407000)
[elf] load OK (user): type=ET_EXEC, 3 segment(s), base=0x0000000000000000, entry=0x0000000000400000, phdr=0x0000000000000000 (3 entries)
[proc] created pid=1 ppid=0 'p_ls-boot' entry=0x0000000000400000 rsp=0x00007fffffffff20 cr3=0x14b000 kstack=0xffffd0000001d140 argc=2 envc=1 cwd='/'
abi_test
audiotest
bad
batterytest
c_alloctest
c_args
c_dynhello
c_envtest
c_filedemo
c_hello
cat
crashinfo
devlist
displayinfo
drawtest
drvtest
echo
fonttest
fscheck
gui_about
gui_clock
gui_demo
gui_files
gui_settings
gui_term
gui_viewer
gui_widgets
hello
login
logview
long_task
netecho
p_cat
p_echo
p_grep
p_head
p_ls
p_wc
rendertest
safesh
services
stabilitytest
svc_crasher
usbtest
wdogtest
[_exit] code=0 caller=0x0000000000401194
[sys_exit] user requested exit, code=0 (0x0)
[proc] pid=1 'p_ls-boot' exit code=0 (0x0) cpu=0 ms syscalls=144
[proc] reaped pid=1, slot recycled
[boot] M25E: /bin/p_ls (pid=1) exit=0 (PASS)
[elf] phdr[0] LOAD vaddr=0x0000000000400000 memsz=0x480a filesz=0x480a flags=R-X U -> pages [0x0000000000400000..0x0000000000405000)
[elf] phdr[1] LOAD vaddr=0x0000000000405000 memsz=0x8e0 filesz=0x8e0 flags=R-- U -> pages [0x0000000000405000..0x0000000000406000)
[elf] phdr[2] LOAD vaddr=0x0000000000406000 memsz=0x228 filesz=0x94 flags=RW- U -> pages [0x0000000000406000..0x0000000000407000)
[elf] load OK (user): type=ET_EXEC, 3 segment(s), base=0x0000000000000000, entry=0x0000000000400000, phdr=0x0000000000000000 (3 entries)
[proc] created pid=1 ppid=0 'p_grep-boot' entry=0x0000000000400000 rsp=0x00007fffffffff10 cr3=0x14b000 kstack=0xffffd0000001d140 argc=3 envc=1 cwd='/'
  Welcome to tobyOS -- milestone 4
[_exit] code=0 caller=0x0000000000400f34
[sys_exit] user requested exit, code=0 (0x0)
[proc] pid=1 'p_grep-boot' exit code=0 (0x0) cpu=0 ms syscalls=305
[proc] reaped pid=1, slot recycled
[boot] M25E: /bin/p_grep (pid=1) exit=0 (PASS)
[boot] M25E: ports 6/6 PASS
[boot] BSP LAPIC timer @ 100 Hz live (vec=0x40)
[smp] 4 CPU(s) total: BSP apic_id=0
[smp]   cpu0: apic_id=0 (BSP)
[smp]   cpu1: apic_id=1
[smp]   cpu2: apic_id=2
[smp]   cpu3: apic_id=3
CPU 0 online
  apic_id=0 (BSP)  stack=bootloader-provided
[smp] trampoline installed: phys=0x0000000000070000 virt=0xffff800000070000 len=1024 bytes
[smp] cpu1: INIT-SIPI-SIPI to apic_id=1 (tramp_vector=0x70, stack=0xffffd00000018fc0)
CPU 1 online
  apic_id=1 (acpi said 1)  stack_top=0xffffd00000018fc0
  cpu1: LAPIC timer @ 100 Hz live (vec=0x40)
[smp] cpu2: INIT-SIPI-SIPI to apic_id=2 (tramp_vector=0x70, stack=0xffffd0000001cfd0)
CPU 2 online
  apic_id=2 (acpi said 2)  stack_top=0xffffd0000001cfd0
  cpu2: LAPIC timer @ 100 Hz live (vec=0x40)
[smp] cpu3: INIT-SIPI-SIPI to apic_id=3 (tramp_vector=0x70, stack=0xffffd00000021830)
CPU 3 online
  apic_id=3 (acpi said 3)  stack_top=0xffffd00000021830
  cpu3: LAPIC timer @ 100 Hz live (vec=0x40)
[smp] 3/3 APs online (total 4 CPUs)
[safe] skipping net_init (NIC + DHCP + DNS) in safe mode
[safe] skipping gfx/mouse/gui/term/m14_init in safe mode
Welcome to tobyOS
milestone 14: services + settings + login. Boot drops into the GUI desktop with /bin/login.

[safe] skipping pkg_init + selftests + devtest harnesses (non-essential)
[boot] M28A: driving logging harness (slog ring + logview)
[3800] INFO  kernel   pid=0: M28A_TAG kernel info trace
[3810] WARN  fs       pid=0: M28A_TAG fs warn trace
[3820] ERROR net      pid=0: M28A_TAG net error trace
[3830] INFO  gui      pid=0: M28A_TAG gui info trace
[3830] INFO  driver   pid=0: M28A_TAG driver info trace
[3840] INFO  display  pid=0: M28A_TAG display info trace
[3850] INFO  audio    pid=0: M28A_TAG audio info trace
[3860] WARN  svc      pid=0: M28A_TAG svc warn trace
[3860] ERROR panic    pid=0: M28A_TAG panic-test (synthetic, no halt)
[boot] M28A: slog persist PASS path=/data/system.log
[boot] M28A: slog stats emitted=15 dropped=0 in_use=15 depth=256 err=2 warn=2 info=10 debug=1
[elf] phdr[0] LOAD vaddr=0x0000000000400000 memsz=0x4bff filesz=0x4bff flags=R-X U -> pages [0x0000000000400000..0x0000000000405000)
[elf] phdr[1] LOAD vaddr=0x0000000000405000 memsz=0xc70 filesz=0xc70 flags=R-- U -> pages [0x0000000000405000..0x0000000000406000)
[elf] phdr[2] LOAD vaddr=0x0000000000406000 memsz=0x101d8 filesz=0x80 flags=RW- U -> pages [0x0000000000406000..0x0000000000417000)
[elf] load OK (user): type=ET_EXEC, 3 segment(s), base=0x0000000000000000, entry=0x0000000000400000, phdr=0x0000000000000000 (3 entries)
[proc] created pid=1 ppid=0 'logview-boot' entry=0x0000000000400000 rsp=0x00007fffffffff20 cr3=0x14e000 kstack=0xffffd00000008030 argc=2 envc=1 cwd='/'
M28A_LOGVIEW: ring=15 tags=10 kernel=1 fs=1 net=1 gui=1 emitted=15 dropped=0 in_use=15 depth=256
SEQ     TIME(ms)   LEVEL SUB        PID   MESSAGE
-----   --------   ----- ---        ---   -------
6       3800       INFO  kernel     0     M28A_TAG kernel info trace
7       3810       WARN  fs         0     M28A_TAG fs warn trace
8       3820       ERROR net        0     M28A_TAG net error trace
9       3830       INFO  gui        0     M28A_TAG gui info trace
10      3830       INFO  driver     0     M28A_TAG driver info trace
11      3840       DEBUG proc       0     M28A_TAG proc debug trace (gated)
12      3840       INFO  display    0     M28A_TAG display info trace
13      3850       INFO  audio      0     M28A_TAG audio info trace
14      3860       WARN  svc        0     M28A_TAG svc warn trace
15      3860       ERROR panic      0     M28A_TAG panic-test (synthetic, no halt)
[4060] INFO  user     pid=1: M28A_TAG logview boot write
M28A_LOGVIEW: PASS
[_exit] code=0 caller=0x00000000004011d4
[sys_exit] user requested exit, code=0 (0x0)
[proc] pid=1 'logview-boot' exit code=0 (0x0) cpu=0 ms syscalls=416
[proc] reaped pid=1, slot recycled
[boot] M28A: /bin/logview (pid=1) exit=0 (PASS)
[boot] M28A: logging harness complete
[boot] M28B: crash dump present (1782 bytes) -- running crashinfo
[elf] phdr[0] LOAD vaddr=0x0000000000400000 memsz=0x4536 filesz=0x4536 flags=R-X U -> pages [0x0000000000400000..0x0000000000405000)
[elf] phdr[1] LOAD vaddr=0x0000000000405000 memsz=0xb70 filesz=0xb70 flags=R-- U -> pages [0x0000000000405000..0x0000000000406000)
[elf] phdr[2] LOAD vaddr=0x0000000000406000 memsz=0x401d8 filesz=0x80 flags=RW- U -> pages [0x0000000000406000..0x0000000000447000)
[elf] load OK (user): type=ET_EXEC, 3 segment(s), base=0x0000000000000000, entry=0x0000000000400000, phdr=0x0000000000000000 (3 entries)
[proc] created pid=1 ppid=0 'crashinfo-boot' entry=0x0000000000400000 rsp=0x00007fffffffff20 cr3=0x14e000 kstack=0xffffd00000008030 argc=2 envc=1 cwd='/'
M28B_CRASHINFO: header.magic=0x48535243 version=1 body_bytes=1590 boot_seq=1 pid=0
M28B_CRASHINFO: reason="crashtest: direct kpanic_self_test('kpanic')"
M28B_CRASHINFO: body_preview_begin
tobyOS crash dump
  panic at: src/panic.c:401
  reason  : crashtest: direct kpanic_self_test('kpanic')
  pid     : 0 (kernel_main)
  regs:
  rax=0000000000000000 rbx=ffffffff8005e828 rcx=ffffffff8005e828 rdx=ffffffff8006b845
  rsi=0000000000000191 rdi=ffffffff8005ea41 rbp=ffff800007f8cbc0 rsp=ffff800007f8b970
  r8 =ffffd00000483000 r9 =0000000000000000 r10=0000000000000008 r11=00000000000ee81a
  r12=ffffffff8006c900 r13=0000000000000001 r14=ffffffff8005ea41 r15=0000000000000191
  rip=ffffffff8000805d rfl=0000000000000097
  cr0=0000000080010011 cr2=0000000000000000 cr3=0000000000062000 cr4=0000
M28B_CRASHINFO: body_preview_end
M28B_CRASHINFO: heuristics regs=1 slog=1
M28B_CRASHINFO: PASS
[_exit] code=0 caller=0x0000000000400ef4
[sys_exit] user requested exit, code=0 (0x0)
[proc] pid=1 'crashinfo-boot' exit code=0 (0x0) cpu=0 ms syscalls=628
[proc] reaped pid=1, slot recycled
[boot] M28B: /bin/crashinfo (pid=1) exit=0 (PASS)
[boot] M28E: /data mounted -- spawning /bin/fscheck --boot
[elf] phdr[0] LOAD vaddr=0x0000000000400000 memsz=0x44f9 filesz=0x44f9 flags=R-X U -> pages [0x0000000000400000..0x0000000000405000)
[elf] phdr[1] LOAD vaddr=0x0000000000405000 memsz=0xb80 filesz=0xb80 flags=R-- U -> pages [0x0000000000405000..0x0000000000406000)
[elf] phdr[2] LOAD vaddr=0x0000000000406000 memsz=0x1d8 filesz=0x80 flags=RW- U -> pages [0x0000000000406000..0x0000000000407000)
[elf] load OK (user): type=ET_EXEC, 3 segment(s), base=0x0000000000000000, entry=0x0000000000400000, phdr=0x0000000000000000 (3 entries)
[proc] created pid=1 ppid=0 'fscheck-boot' entry=0x0000000000400000 rsp=0x00007fffffffff10 cr3=0x14e000 kstack=0xffffd00000008030 argc=3 envc=1 cwd='/'
M28E_FSCHECK: path=/data fs_type=tobyfs status=OK errors_found=0 errors_repaired=0 total_bytes=4194304 free_bytes=4124672
M28E_FSCHECK: detail=""
M28E_FSCHECK: PASS
[_exit] code=0 caller=0x0000000000400e34
[sys_exit] user requested exit, code=0 (0x0)
[proc] pid=1 'fscheck-boot' exit code=0 (0x0) cpu=0 ms syscalls=21
[proc] reaped pid=1, slot recycled
[boot] M28E: /bin/fscheck (pid=1) exit=0 (PASS)
[elf] phdr[0] LOAD vaddr=0x0000000000400000 memsz=0x45b2 filesz=0x45b2 flags=R-X U -> pages [0x0000000000400000..0x0000000000405000)
[elf] phdr[1] LOAD vaddr=0x0000000000405000 memsz=0xd38 filesz=0xd38 flags=R-- U -> pages [0x0000000000405000..0x0000000000406000)
[elf] phdr[2] LOAD vaddr=0x0000000000406000 memsz=0x1d8 filesz=0x80 flags=RW- U -> pages [0x0000000000406000..0x0000000000407000)
[elf] load OK (user): type=ET_EXEC, 3 segment(s), base=0x0000000000000000, entry=0x0000000000400000, phdr=0x0000000000000000 (3 entries)
[proc] created pid=1 ppid=0 'services-boot' entry=0x0000000000400000 rsp=0x00007fffffffff20 cr3=0x14e000 kstack=0xffffd00000008030 argc=2 envc=1 cwd='/'
M28F_SERVICES: FAIL no records returned by SVC_LIST
[_exit] code=1 caller=0x0000000000400ed4
[sys_exit] user requested exit, code=1 (0x1)
[proc] pid=1 'services-boot' exit code=1 (0x1) cpu=0 ms syscalls=4
[proc] reaped pid=1, slot recycled
[boot] M28F: /bin/services (pid=1) exit=1 (FAIL)
[elf] phdr[0] LOAD vaddr=0x0000000000400000 memsz=0x4987 filesz=0x4987 flags=R-X U -> pages [0x0000000000400000..0x0000000000405000)
[elf] phdr[1] LOAD vaddr=0x0000000000405000 memsz=0xdf0 filesz=0xdf0 flags=R-- U -> pages [0x0000000000405000..0x0000000000406000)
[elf] phdr[2] LOAD vaddr=0x0000000000406000 memsz=0x1d8 filesz=0x80 flags=RW- U -> pages [0x0000000000406000..0x0000000000407000)
[elf] load OK (user): type=ET_EXEC, 3 segment(s), base=0x0000000000000000, entry=0x0000000000400000, phdr=0x0000000000000000 (3 entries)
[proc] created pid=1 ppid=0 'stabilitytest-boot' entry=0x0000000000400000 rsp=0x00007fffffffff20 cr3=0x14e000 kstack=0xffffd00000008030 argc=2 envc=1 cwd='/'
[term] session pool ready (4 sessions, 4096-byte rings)
M28G_STAB: probe=boot verdict=PASS
M28G_STAB: probe=log verdict=PASS
M28G_STAB: probe=panic verdict=PASS
M28G_STAB: probe=watchdog verdict=PASS
M28G_STAB: probe=filesystem verdict=PASS
M28G_STAB: probe=services verdict=FAIL
M28G_STAB: probe=gui verdict=PASS
M28G_STAB: probe=terminal verdict=PASS
M28G_STAB: probe=network verdict=PASS
M28G_STAB: probe=input verdict=FAIL
M28G_STAB: probe=safe_mode verdict=PASS
M28G_STAB: probe=display verdict=PASS
M28G_STAB: detail=boot:safe log:emit=16 drop=0 panic:ready wdog:age=0/to=10000 fs:ok i=10/256 b=6/1013 svc:n=0 bad=0 gui:headless term:ok net:down input:missing safe:on disp:0 
M28G_STAB: stress=skipped safe_mode=1 boot_ms=2302
M28G_STAB: FAIL pass=10 fail=2 stress_fails=0
[_exit] code=1 caller=0x00000000004011d4
[sys_exit] user requested exit, code=1 (0x1)
[proc] pid=1 'stabilitytest-boot' exit code=1 (0x1) cpu=0 ms syscalls=80
[proc] reaped pid=1, slot recycled
[boot] M28G: /bin/stabilitytest --boot pid=1 exit=1 (FAIL)
[4810] WARN  kernel   pid=0: M28G stability self-test FAIL (pid=1 rc=1)
[boot] M28D: SAFE MODE -- spawning /bin/safesh
[4830] INFO  safe     pid=0: spawning safesh
[elf] phdr[0] LOAD vaddr=0x0000000000400000 memsz=0x484a filesz=0x484a flags=R-X U -> pages [0x0000000000400000..0x0000000000405000)
[elf] phdr[1] LOAD vaddr=0x0000000000405000 memsz=0xd18 filesz=0xd18 flags=R-- U -> pages [0x0000000000405000..0x0000000000406000)
[elf] phdr[2] LOAD vaddr=0x0000000000406000 memsz=0x101d8 filesz=0x80 flags=RW- U -> pages [0x0000000000406000..0x0000000000417000)
[elf] load OK (user): type=ET_EXEC, 3 segment(s), base=0x0000000000000000, entry=0x0000000000400000, phdr=0x0000000000000000 (3 entries)
[proc] created pid=1 ppid=0 'safesh' entry=0x0000000000400000 rsp=0x00007fffffffff20 cr3=0x14e000 kstack=0xffffd00000008030 argc=2 envc=1 cwd='/'
M28D_SAFESH: starting (safe-mode shell harness)
SEQ     TIME(ms)   LEVEL SUB        PID   MESSAGE
-----   --------   ----- ---        ---   -------
11      3840       DEBUG proc       0     M28A_TAG proc debug trace (gated)
12      3840       INFO  display    0     M28A_TAG display info trace
13      3850       INFO  audio      0     M28A_TAG audio info trace
14      3860       WARN  svc        0     M28A_TAG svc warn trace
15      3860       ERROR panic      0     M28A_TAG panic-test (synthetic, no halt)
16      4060       INFO  user       1     M28A_TAG logview boot write
17      4810       WARN  kernel     0     M28G stability self-test FAIL (pid=1 rc=1)
18      4830       INFO  safe       0     spawning safesh
[safesh] logs: shown=8 total=18
M28D_SAFESH: slog_read=ok records=18
[safesh] wdog: enabled=1 timeout_ms=10000 kernel_hb=498 sched_hb=7843 syscall_hb=2318 events=0
M28D_SAFESH: wdog_alive=1
[4990] INFO  user     pid=1: M28D_TAG safesh boot write
M28D_SAFESH: slog_write=ok
M28D_SAFESH: PASS
[_exit] code=0 caller=0x0000000000400dd4
[sys_exit] user requested exit, code=0 (0x0)
[proc] pid=1 'safesh' exit code=0 (0x0) cpu=0 ms syscalls=347
[proc] reaped pid=1, slot recycled
[boot] M28D: /bin/safesh (pid=1) exit=0 (PASS)
[boot] M28D: safe-mode harness complete
