[boot] serial up
[0] INFO  slog    : slog ready (depth=256, persist=/data/system.log)
[0] INFO  boot    : tobyOS boot sequence started
[boot] framebuffer: 1280x800 pitch=5120 bpp=32 addr=0xffff8000fd000000
[boot] console up
[gdt] loaded: base=0xffffffff800725b0 limit=55 entries=7
[gdt] CS=0x08 DS=0x10 (expected CS=0x08 DS=0x10)
[gdt] user CS=0x23 DS=0x1b  TSS sel=0x28 (TSS slot empty until tss_init)
[idt] loaded: base=0xffffffff80072600 limit=4095 (256 gates wired)
[boot] firing int3 to exercise IDT round-trip...
[isr] breakpoint hit at rip=0xffffffff8000109a (rflags=0x86)
[boot] int3 returned cleanly, IDT round-trip OK
[0] INFO  wdog    : watchdog ready (timeout=10000 ms)
[pit] channel 0 -> 100 Hz (divisor=11931)
[kbd] PS/2 driver up (IRQ1 unmasked)
[boot] interrupts enabled (IRQ0 timer + IRQ1 keyboard, via legacy PIC for early boot)
[perf] TSC calibrated: 4387 MHz (219382774 cycles in 50000000 ns)
[boot] HHDM offset = 0xffff800000000000
[pmm] Limine memmap (19 entries):
  0x0000000000001000..0x0000000000061000       384 KiB  bootloader
  0x0000000000061000..0x000000000009f000       248 KiB  usable
  0x000000000009fc00..0x00000000000a0000         1 KiB  reserved
  0x00000000000f0000..0x0000000000100000        64 KiB  reserved
  0x0000000000100000..0x0000000007856000    122200 KiB  usable
  0x0000000007856000..0x0000000007c56000      4096 KiB  kernel
  0x0000000007c56000..0x0000000007c57000         4 KiB  bootloader
  0x0000000007c57000..0x0000000007d90000      1252 KiB  kernel
  0x0000000007d90000..0x0000000007d91000         4 KiB  bootloader
  0x0000000007d91000..0x0000000007d94000        12 KiB  usable
  0x0000000007d94000..0x0000000007d9a000        24 KiB  bootloader
  0x0000000007d9a000..0x0000000007ec3000      1188 KiB  kernel
  0x0000000007ec3000..0x0000000007f49000       536 KiB  bootloader
  0x0000000007f49000..0x0000000007f64000       108 KiB  usable
  0x0000000007f64000..0x0000000007fde000       488 KiB  bootloader
  0x0000000007fde000..0x0000000008000000       136 KiB  reserved
  0x00000000fd000000..0x00000000fd3e8000      4000 KiB  framebuffer
  0x00000000fffc0000..0x0000000100000000       256 KiB  reserved
  0x000000fd00000000..0x0000010000000000  12582912 KiB  reserved
[pmm] managed:  32612 pages (127 MiB) up to 0x0000000007f64000
[pmm] usable:   122568 KiB across 19 regions
[pmm] bitmap:   4077 bytes at phys 0x0000000000061000 (virt 0xffff800000061000), 1 pages
[pmm] free:     30641 pages (119 MiB) -- used: 1971 pages
[pmm] test: allocated 0x0000000000062000 0x0000000000063000 0x0000000000064000 0x0000000000065000 (free now=30637)
[pmm] test: read-back a=0xdeadbeefcafebabe d=0x1122334455667788
[pmm] test: alloc/free balanced (free=30641 before & after)
[boot] reserved AP trampoline page at phys 0x0000000000070000
[vmm] kernel image: virt 0xffffffff80000000..0xffffffff80129000 -> phys 0x0000000007d9a000 (1188 KiB)
[vmm] hhdm mirror:  132 MiB across memmap, top phys 0x00000000fd400000, 2M pages
[vmm] new PML4 at phys 0x0000000000062000, switching CR3...
[vmm] CR3 switched. Running on tobyOS page tables.
[vmm] test: __text_start 0xffffffff80001000 -> phys 0x0000000007d9b000
[vmm] test: __data_start 0xffffffff80071000 -> phys 0x0000000007e0b000
[vmm] test: HHDM r/w through new PML4 at phys 0x0000000000069000 OK
[vmm] test: new mapping at 0xffffc00000000000 <-> phys 0x0000000000069000 verified
[vmm] test: unmap clears translation, scratch page freed
[vmm] test: ok
[heap] up: initial arena 17 pages (67 KiB)
[heap] start: arenas=1 total=69600 used=0 free=69600  brk=0xffffd00000011000 (region 0xffffd00000000000..0xffffd10000000000)
[heap] after 8 allocs: arenas=2 used=85616 free=65872 allocs=8
[heap] after 8 frees: arenas=2 used=0 free=151488 frees=8
[heap] test: ok (region OK, fragmented 80 KiB alloc OK, round-trip balanced, kcalloc zero-verified)
[heap] brk now 0xffffd00000025000 (148 KiB virt consumed)
[tss] installed: tss=0xffffffff800793c0 rsp0=0xffffffff800793c0 (irq stack 16 KiB)
[sys] EFER.SCE on, STAR=0x0010000800000000, LSTAR=0xffffffff8005515c, FMASK=0x700
[sys] kernel syscall rsp = 0xffffffff800793c0
[sys] available syscalls: 0=exit  1=write  2=read  3=pipe  4=close  5=yield
[sys]                     6=socket 7=bind 8=sendto 9=recvfrom
[sys]                     10=gui_create 11=gui_fill 12=gui_text 13=gui_flip 14=gui_poll_event
[sys]                     15=term_open 16=term_write 17=term_read 18=fs_readdir 19=fs_readfile 20=exec
[sys]                     21=setting_get 22=setting_set 23=login 24=logout 25=session_info
[sys]                     26=getuid 27=getgid 28=username 29=chmod 30=chown
[sys]   M25A: 31=getpid 32=getppid 33=spawn 34=waitpid 35=open 36=lseek 37=stat 38=fstat
[sys]         39=dup 40=dup2 41=unlink 42=mkdir 43=brk 44=getcwd 45=chdir 46=getenv
[sys]         47=nanosleep 48=clock_ms 49=abi_version (ABI v1)
[acpi] using RSDT @ 0x0000000007fe2452 (entries=4)
[acpi] MADT: lapic_phys (32-bit field) = 0x00000000fee00000, legacy_pic=yes
[acpi]   CPU0: acpi_id=0 apic_id=0 flags=0x1 enabled 
[acpi]   CPU1: acpi_id=1 apic_id=1 flags=0x1 enabled 
[acpi]   CPU2: acpi_id=2 apic_id=2 flags=0x1 enabled 
[acpi]   CPU3: acpi_id=3 apic_id=3 flags=0x1 enabled 
[acpi]   IOAPIC 0: mmio=0x00000000fec00000 gsi_base=0
[acpi]   ISO: ISA IRQ0 -> GSI 2 (flags=0x0)
[acpi]   ISO: ISA IRQ5 -> GSI 5 (flags=0xd)
[acpi]   ISO: ISA IRQ9 -> GSI 9 (flags=0xd)
[acpi]   ISO: ISA IRQ10 -> GSI 10 (flags=0xd)
[acpi]   ISO: ISA IRQ11 -> GSI 11 (flags=0xd)
[acpi]   LAPIC NMI: acpi_proc=255 lint=1 flags=0x0
[acpi] enumerated 4 CPU(s) (SMP), 1 IO APIC(s), 5 override(s), 1 NMI source(s)
[acpi] FADT: pm1a_cnt=0x604 pm1b_cnt=0x0 smi_cmd=0xb2 acpi_enable=0xf1 sci_int=9
[acpi] FADT: reset_reg not supported (flags=0x80a5)
[acpi] DSDT _S5_: SLP_TYPa=0 SLP_TYPb=0 (DSDT 8878 bytes)
[acpi] AML inventory: dsdt=8842 bytes, 0 SSDT(s)
[apic] BSP local APIC: phys=0x00000000fee00000 virt=0xffffd20000000000 id=0 ver=0x14
[apic] SVR=0x1ff  spurious_vec=0xff  timer_vec=0x40 (masked)
[apic] timer calibrated: ~2739300 ticks/10ms (~273930 kHz, ~273930000 Hz/sec)
[ioapic] chip 0: phys=0x00000000fec00000 virt=0xffffd20000010000 gsi=[0..23] ver=0x20 entries=24
[irq]   re-route ISA IRQ 0 -> GSI 2 vec=0x20 edge/ahigh
[irq]   re-route ISA IRQ 1 (identity, edge/ahigh) -> vec=0x21
[irq] facade: switched to IO APIC mode (2 IRQs re-routed)
[pci] enumerating bus 0...
[pci] 7 device(s):
[pci] 00:00.0  8086:1237  bridge.host       
[pci] 00:01.0  8086:7000  bridge.isa        
[pci] 00:01.1  8086:7010  storage.ide         BAR4 io 16
[pci] 00:01.3  8086:7113  bridge              IRQ 9
[pci] 00:02.0  1234:1111  display.vga         BAR0 mem 16384K  BAR2 mem 4K
[pci] 00:03.0  8086:100e  network.ethernet    IRQ 11  BAR0 mem 128K  BAR1 io 64
[pci] 00:04.0  1b36:000d  serial.usb          IRQ 11  BAR0 mem 16K
[ata] primary master: 32768 sectors (16384 KiB) -- PIO LBA28 (PCI 00:01.1)
[blk] registered 'ide0:master' [disk] (32768 sectors, 16384 KiB)
[pci] driver blk_ata  bound to 00:01.1  (8086:7010)
[e1000] probing 00:03.0  (vid:did 8086:100e)
[e1000] MMIO BAR0 phys=0x00000000febc0000 virt=0xffff8000febc0000 (128 KiB UC)
[e1000] no MSI cap -- staying polled (vec 0x50 is now idle)
[net] +nic e1000:00:03.0 mac=52:54:00:12:34:56 (slot 0)
[pci] driver e1000    bound to 00:03.0  (8086:100e)
[xhci] probing 00:04.0  (vid:did 1b36:000d  class 0c:03:30)
[xhci] MMIO BAR0 phys=0x00000000febf0000 virt=0xffff8000febf0000
[xhci] HCIVERSION=0x0100  CAPLENGTH=0x40  CSZ=0  AC64=1
[xhci] MaxSlots=64  MaxIntrs=16  MaxPorts=8  Scratch=0
[xhci] op_regs=+0x40  rt_regs=+0x1000  db_regs=+0x2000  xECP=+0x20
[xhci] controller online -- enumerating 8 root-hub port(s)
[xhci] port 5: connected, speed=3 (PORTSC=0x00020e03)
[xhci] dev slot=1 addr=1  vid=0627 pid=0001  class=00
[usb-hid] boot keyboard on slot 1 iface 0 ep 0x81 mps 8  (port 5)
[xhci] port 6: connected, speed=3 (PORTSC=0x00020e03)
[xhci] dev slot=2 addr=2  vid=0627 pid=0001  class=00
[usb-hid] boot mouse on slot 2 iface 0 ep 0x81 mps 4  (port 6)
[pci] 00:04.0: MSI-X enabled (cap=0x90, BAR0@+0x3000, 1/16 vecs, base=0x51 lapic=0)
[xhci] IRQ live on vec 0x51  (IR0.IE + USBCMD.INTE set)
[pci] driver xhci     bound to 00:04.0  (1b36:000d)
[pci] bind complete -- 3 of 7 device(s) bound  (3 newly this pass)
[blk] 1 device(s) registered:
  [0] ide0:master          disk    32768 sectors ( 16384 KiB)
[net] 1 nic(s) registered:
  [0] e1000:00:03.0 mac=52:54:00:12:34:56
[boot] Limine modules (2):
  [0] /boot/initrd.tar  size=1280000  addr=0xffff800007c57000
  [1] /boot/install.img  size=4194304  addr=0xffff800007856000
[initrd] using '/boot/initrd.tar' (size=1280000, addr=0xffff800007c57000)
[ramfs] mounted: 51 entries from 1280000-byte tar at 0xffff800007c57000
  - bin/hello                         8848 B  data@0xffff800007c57200
  - bin/bad                           8800 B  data@0xffff800007c59800
  - bin/echo                          13032 B  data@0xffff800007c5be00
  - bin/cat                           8864 B  data@0xffff800007c5f400
  - bin/long_task                     8864 B  data@0xffff800007c61a00
  - bin/netecho                       17232 B  data@0xffff800007c64000
  - bin/gui_demo                      13080 B  data@0xffff800007c68600
  - bin/gui_clock                     13032 B  data@0xffff800007c6bc00
  - bin/gui_widgets                   13672 B  data@0xffff800007c6f200
  - bin/gui_about                     13632 B  data@0xffff800007c72a00
  - bin/gui_term                      13232 B  data@0xffff800007c76200
  - bin/gui_files                     13624 B  data@0xffff800007c79800
  - bin/gui_viewer                    13304 B  data@0xffff800007c7d000
  - bin/login                         13664 B  data@0xffff800007c80600
  - bin/gui_settings                  13760 B  data@0xffff800007c83e00
  - bin/abi_test                      13064 B  data@0xffff800007c87600
  - bin/c_hello                       29648 B  data@0xffff800007c8ac00
  - bin/c_args                        29648 B  data@0xffff800007c92200
  - bin/c_filedemo                    33744 B  data@0xffff800007c99800
  - bin/c_alloctest                   33744 B  data@0xffff800007ca1e00
  - bin/c_envtest                     34104 B  data@0xffff800007caa400
  - bin/c_dynhello                    3328 B  data@0xffff800007cb2c00
  - bin/devlist                       34328 B  data@0xffff800007cb3c00
  - bin/drvtest                       34328 B  data@0xffff800007cbc600
  - bin/usbtest                       38808 B  data@0xffff800007cc5000
  - bin/audiotest                     34328 B  data@0xffff800007ccea00
  - bin/batterytest                   34328 B  data@0xffff800007cd7400
  - bin/displayinfo                   34328 B  data@0xffff800007cdfe00
  - bin/drawtest                      34472 B  data@0xffff800007ce8800
  - bin/rendertest                    42984 B  data@0xffff800007cf1200
  - bin/fonttest                      33808 B  data@0xffff800007cfbc00
  - bin/logview                       34168 B  data@0xffff800007d04400
  - bin/crashinfo                     33776 B  data@0xffff800007d0cc00
  - bin/wdogtest                      33864 B  data@0xffff800007d15200
  - bin/safesh                        34256 B  data@0xffff800007d1da00
  - bin/fscheck                       33864 B  data@0xffff800007d26200
  - bin/services                      33936 B  data@0xffff800007d2ea00
  - bin/svc_crasher                   29648 B  data@0xffff800007d37200
  - bin/stabilitytest                 33992 B  data@0xffff800007d3e800
  - bin/p_echo                        34112 B  data@0xffff800007d47000
  - bin/p_cat                         34112 B  data@0xffff800007d4f800
  - bin/p_wc                          34472 B  data@0xffff800007d58000
  - bin/p_head                        34456 B  data@0xffff800007d60a00
  - bin/p_ls                          34704 B  data@0xffff800007d69400
  - bin/p_grep                        34600 B  data@0xffff800007d71e00
  - lib/ld-toby.so                    5672 B  data@0xffff800007d7a800
  - lib/libtoby.so                    42464 B  data@0xffff800007d7c200
  - repo/helloapp.tpkg                13977 B  data@0xffff800007d86a00
  - repo/helloapp_v2.tpkg             14034 B  data@0xffff800007d8a400
  - etc/motd                          297 B  data@0xffff800007d8de00
  - readme.txt                        922 B  data@0xffff800007d8e200
[safe] no /etc/safemode_now -- normal boot
[760] INFO  safe    : boot mode = normal
[tobyfs] mount of '/data' clean: inodes=10/256 blocks=6/1013
[790] INFO  fs      : mount /data clean (i=10/256 b=6/1013)
[tobyfs] mounted '/data' on ide0:master: 10/255 inodes, 6/1013 data blocks (4028 KiB free)
[boot] mounted /data on whole disk 'ide0:master' (legacy LBA-0 layout)
[boot] no FAT32 partition discovered -- /fat unmounted
[boot] no FAT32-on-USB discovered -- /usb unmounted
[boot] no ext4 partition discovered -- /ext unmounted
[installer] live install image registered: 4194304 bytes @ 0xffff800007856000
[vfs] mount table (2 entries):
  /            -> ops=0xffffffff8006e040 mnt=0xffffffff8008ded0
  /data        -> ops=0xffffffff8006e5f0 mnt=0xffffd00000012e90
[proc] table initialised (16 slots), pid 0 = 'kernel_main' RUNNING
[sched] per-CPU round-robin scheduler ready (BSP cur=pid 0)
[signal] subsystem up (SIGINT=2, SIGTERM=15)
[boot] spawning first userspace process from /bin/hello...
[elf] phdr[0] LOAD vaddr=0x0000000000400000 memsz=0x34 filesz=0x34 flags=R-X U -> pages [0x0000000000400000..0x0000000000401000)
[elf] phdr[1] LOAD vaddr=0x0000000000401000 memsz=0x45 filesz=0x45 flags=R-- U -> pages [0x0000000000401000..0x0000000000402000)
[elf] load OK (user): type=ET_EXEC, 2 segment(s), base=0x0000000000000000, entry=0x0000000000400000, phdr=0x0000000000000000 (2 entries)
[proc] created pid=1 ppid=0 'hello-boot' entry=0x0000000000400000 rsp=0x00007fffffffff50 cr3=0x14b000 kstack=0xffffd0000001d0b0 argc=0 envc=0 cwd='/'
hello from user mode
user_hello: about to SYS_EXIT(0x55)
[sys_exit] user requested exit, code=85 (0x55)
[proc] pid=1 'hello-boot' exit code=85 (0x55) cpu=0 ms syscalls=3
[proc] reaped pid=1, slot recycled
[boot] /bin/hello (pid=1) finished, exit code=85 (0x55)
[elf] phdr[0] LOAD vaddr=0x0000000000400000 memsz=0xd22 filesz=0xd22 flags=R-X U -> pages [0x0000000000400000..0x0000000000401000)
[elf] phdr[1] LOAD vaddr=0x0000000000401000 memsz=0x374 filesz=0x374 flags=R-- U -> pages [0x0000000000401000..0x0000000000402000)
[elf] phdr[2] LOAD vaddr=0x0000000000402000 memsz=0x18 filesz=0x18 flags=RW- U -> pages [0x0000000000402000..0x0000000000403000)
[elf] load OK (user): type=ET_EXEC, 3 segment(s), base=0x0000000000000000, entry=0x0000000000400000, phdr=0x0000000000000000 (3 entries)
[proc] created pid=1 ppid=0 'abi-test-boot' entry=0x0000000000400000 rsp=0x00007fffffffff50 cr3=0x14b000 kstack=0xffffd0000001d0b0 argc=0 envc=0 cwd='/'
[abi-test] starting Milestone 25A ABI surface check
[abi-test] argc = 0
[abi-test] abi_version = 1
[abi-test] pid = 1
[abi-test] ppid = 0
[abi-test] clock_ms_delta = 1
[abi-test] cwd_len = 1
[abi-test] cwd = /
[abi-test] brk_initial = 268435456
[abi-test] brk_after_grow = 268451840
[abi-test] heap pages writable + zero-initialised OK
[abi-test] open_fd = 3
[abi-test] write_bytes = 10
[abi-test] lseek_set = 0
[abi-test] read_bytes = 10
[abi-test] fstat_rc = 0
[abi-test] fstat_size = 10
[abi-test] fstat_mode = 33188
[abi-test] stat_rc = 0
[abi-test] stat_size = 10
[abi-test] dup_fd = 4
[abi-test] dup2_fd = 9
[abi-test] unlink_rc = 0
[abi-test] chdir_rc = 0
[abi-test] new cwd = /data/abi_test_dir
[abi-test] getenv_PATH_rc = 0
[abi-test] ALL OK
[sys_exit] user requested exit, code=0 (0x0)
[proc] pid=1 'abi-test-boot' exit code=0 (0x0) cpu=0 ms syscalls=152
[proc] reaped pid=1, slot recycled
[boot] M25A: /bin/abi_test (pid=1) finished, exit code=0 (PASS)
[elf] phdr[0] LOAD vaddr=0x0000000000400000 memsz=0x3ed6 filesz=0x3ed6 flags=R-X U -> pages [0x0000000000400000..0x0000000000404000)
[elf] phdr[1] LOAD vaddr=0x0000000000404000 memsz=0x7d0 filesz=0x7d0 flags=R-- U -> pages [0x0000000000404000..0x0000000000405000)
[elf] phdr[2] LOAD vaddr=0x0000000000405000 memsz=0x1cc filesz=0x80 flags=RW- U -> pages [0x0000000000405000..0x0000000000406000)
[elf] load OK (user): type=ET_EXEC, 3 segment(s), base=0x0000000000000000, entry=0x0000000000400000, phdr=0x0000000000000000 (3 entries)
[proc] created pid=1 ppid=0 'c_hello-boot' entry=0x0000000000400000 rsp=0x00007fffffffff50 cr3=0x14b000 kstack=0xffffd0000001d0b0 argc=0 envc=0 cwd='/'
[c_hello] hello from libtoby (argc=0)
[c_hello] ALL OK
[_exit] code=0 caller=0x0000000000400124
[sys_exit] user requested exit, code=0 (0x0)
[proc] pid=1 'c_hello-boot' exit code=0 (0x0) cpu=0 ms syscalls=6
[proc] reaped pid=1, slot recycled
[boot] M25B: /bin/c_hello (pid=1) exit=0 (PASS)
[elf] phdr[0] LOAD vaddr=0x0000000000400000 memsz=0x3fe6 filesz=0x3fe6 flags=R-X U -> pages [0x0000000000400000..0x0000000000404000)
[elf] phdr[1] LOAD vaddr=0x0000000000404000 memsz=0x860 filesz=0x860 flags=R-- U -> pages [0x0000000000404000..0x0000000000405000)
[elf] phdr[2] LOAD vaddr=0x0000000000405000 memsz=0x1cc filesz=0x80 flags=RW- U -> pages [0x0000000000405000..0x0000000000406000)
[elf] load OK (user): type=ET_EXEC, 3 segment(s), base=0x0000000000000000, entry=0x0000000000400000, phdr=0x0000000000000000 (3 entries)
[proc] created pid=1 ppid=0 'c_args-boot' entry=0x0000000000400000 rsp=0x00007fffffffff50 cr3=0x14b000 kstack=0xffffd0000001d0b0 argc=0 envc=0 cwd='/'
[c_args] argc=0
[c_args] envc=0
[c_args] getenv("HOME") = (unset)
[c_args] __toby_argc=0 __toby_argv=0x7fffffffff58 __toby_envp=0x7fffffffff60
[c_args] ALL OK
[_exit] code=0 caller=0x0000000000400234
[sys_exit] user requested exit, code=0 (0x0)
[proc] pid=1 'c_args-boot' exit code=0 (0x0) cpu=0 ms syscalls=21
[proc] reaped pid=1, slot recycled
[boot] M25B: /bin/c_args (pid=1) exit=0 (PASS)
[elf] phdr[0] LOAD vaddr=0x0000000000400000 memsz=0x41a6 filesz=0x41a6 flags=R-X U -> pages [0x0000000000400000..0x0000000000405000)
[elf] phdr[1] LOAD vaddr=0x0000000000405000 memsz=0xa30 filesz=0xa30 flags=R-- U -> pages [0x0000000000405000..0x0000000000406000)
[elf] phdr[2] LOAD vaddr=0x0000000000406000 memsz=0x1d8 filesz=0x80 flags=RW- U -> pages [0x0000000000406000..0x0000000000407000)
[elf] load OK (user): type=ET_EXEC, 3 segment(s), base=0x0000000000000000, entry=0x0000000000400000, phdr=0x0000000000000000 (3 entries)
[proc] created pid=1 ppid=0 'c_filedemo-boot' entry=0x0000000000400000 rsp=0x00007fffffffff50 cr3=0x14b000 kstack=0xffffd0000001d0b0 argc=0 envc=0 cwd='/'
[c_filedemo] file size = 45 bytes (expected 45)
[c_filedemo] readback first 45 chars: hello from c_filedemo
second lin...
[c_filedemo] ALL OK
[_exit] code=0 caller=0x0000000000400b64
[sys_exit] user requested exit, code=0 (0x0)
[proc] pid=1 'c_filedemo-boot' exit code=0 (0x0) cpu=0 ms syscalls=31
[proc] reaped pid=1, slot recycled
[boot] M25B: /bin/c_filedemo (pid=1) exit=0 (PASS)
[elf] phdr[0] LOAD vaddr=0x0000000000400000 memsz=0x43f6 filesz=0x43f6 flags=R-X U -> pages [0x0000000000400000..0x0000000000405000)
[elf] phdr[1] LOAD vaddr=0x0000000000405000 memsz=0x910 filesz=0x910 flags=R-- U -> pages [0x0000000000405000..0x0000000000406000)
[elf] phdr[2] LOAD vaddr=0x0000000000406000 memsz=0x1cc filesz=0x80 flags=RW- U -> pages [0x0000000000406000..0x0000000000407000)
[elf] load OK (user): type=ET_EXEC, 3 segment(s), base=0x0000000000000000, entry=0x0000000000400000, phdr=0x0000000000000000 (3 entries)
[proc] created pid=1 ppid=0 'c_alloctest-boot' entry=0x0000000000400000 rsp=0x00007fffffffff50 cr3=0x14b000 kstack=0xffffd0000001d0b0 argc=0 envc=0 cwd='/'
[c_alloctest] ALL OK
[_exit] code=0 caller=0x0000000000400db4
[sys_exit] user requested exit, code=0 (0x0)
[proc] pid=1 'c_alloctest-boot' exit code=0 (0x0) cpu=0 ms syscalls=9
[proc] reaped pid=1, slot recycled
[boot] M25B: /bin/c_alloctest (pid=1) exit=0 (PASS)
[boot] M25B: libtoby demos 4/4 PASS
[elf] phdr[0] LOAD vaddr=0x0000000000400000 memsz=0x3fe6 filesz=0x3fe6 flags=R-X U -> pages [0x0000000000400000..0x0000000000404000)
[elf] phdr[1] LOAD vaddr=0x0000000000404000 memsz=0x860 filesz=0x860 flags=R-- U -> pages [0x0000000000404000..0x0000000000405000)
[elf] phdr[2] LOAD vaddr=0x0000000000405000 memsz=0x1cc filesz=0x80 flags=RW- U -> pages [0x0000000000405000..0x0000000000406000)
[elf] load OK (user): type=ET_EXEC, 3 segment(s), base=0x0000000000000000, entry=0x0000000000400000, phdr=0x0000000000000000 (3 entries)
[proc] created pid=1 ppid=0 'c_args-spec' entry=0x0000000000400000 rsp=0x00007ffffffffee0 cr3=0x14b000 kstack=0xffffd0000001d0b0 argc=4 envc=3 cwd='/'
[c_args] argc=4
[c_args]   argv[0] = "c_args"
[c_args]   argv[1] = "alpha"
[c_args]   argv[2] = "beta"
[c_args]   argv[3] = "gamma"
[c_args] envc=3
[c_args]   envp[0] = "PATH=/bin"
[c_args]   envp[1] = "TEST_PHASE=25C"
[c_args]   envp[2] = "BUILD=ok"
[c_args] getenv("HOME") = (unset)
[c_args] __toby_argc=4 __toby_argv=0x7ffffffffee8 __toby_envp=0x7fffffffff10
[c_args] ALL OK
[_exit] code=0 caller=0x0000000000400234
[sys_exit] user requested exit, code=0 (0x0)
[proc] pid=1 'c_args-spec' exit code=0 (0x0) cpu=0 ms syscalls=56
[proc] reaped pid=1, slot recycled
[boot] M25C: /bin/c_args (pid=1, argc=4 envc=3) exit=0 (PASS)
[elf] phdr[0] LOAD vaddr=0x0000000000400000 memsz=0x4ae6 filesz=0x4ae6 flags=R-X U -> pages [0x0000000000400000..0x0000000000405000)
[elf] phdr[1] LOAD vaddr=0x0000000000405000 memsz=0xde0 filesz=0xde0 flags=R-- U -> pages [0x0000000000405000..0x0000000000406000)
[elf] phdr[2] LOAD vaddr=0x0000000000406000 memsz=0x1f8 filesz=0xa0 flags=RW- U -> pages [0x0000000000406000..0x0000000000407000)
[elf] load OK (user): type=ET_EXEC, 3 segment(s), base=0x0000000000000000, entry=0x0000000000400000, phdr=0x0000000000000000 (3 entries)
[proc] created pid=1 ppid=0 'c_envtest-boot' entry=0x0000000000400000 rsp=0x00007fffffffff00 cr3=0x14b000 kstack=0xffffd0000001d0b0 argc=1 envc=3 cwd='/'
[c_envtest][build] M25C-debug-rev3 alive
[c_envtest] argc=1 argv[0]='c_envtest'
[c_envtest] environ has 3 initial entries
[c_envtest] getenv(PATH) = /bin
[c_envtest][diag] BEFORE system
[c_envtest] system("c_hello") starting...
[elf] phdr[0] LOAD vaddr=0x0000000000400000 memsz=0x3ed6 filesz=0x3ed6 flags=R-X U -> pages [0x0000000000400000..0x0000000000404000)
[elf] phdr[1] LOAD vaddr=0x0000000000404000 memsz=0x7d0 filesz=0x7d0 flags=R-- U -> pages [0x0000000000404000..0x0000000000405000)
[elf] phdr[2] LOAD vaddr=0x0000000000405000 memsz=0x1cc filesz=0x80 flags=RW- U -> pages [0x0000000000405000..0x0000000000406000)
[elf] load OK (user): type=ET_EXEC, 3 segment(s), base=0x0000000000000000, entry=0x0000000000400000, phdr=0x0000000000000000 (3 entries)
[proc] created pid=2 ppid=1 'c_hello' entry=0x0000000000400000 rsp=0x00007fffffffff30 cr3=0x162000 kstack=0xffffd00000008030 argc=1 envc=1 cwd='/'
[c_hello] hello from libtoby (argc=1)
[c_hello] ALL OK
[_exit] code=0 caller=0x0000000000400124
[sys_exit] user requested exit, code=0 (0x0)
[proc] pid=2 'c_hello' exit code=0 (0x0) cpu=0 ms syscalls=6
[proc] reaped pid=2, slot recycled
[c_envtest][diag] AFTER system, sr=0
[c_envtest] system("c_hello") raw status=0x0
[c_envtest][diag] AFTER printf raw status
[c_envtest][diag] AFTER system EXPECTs
[c_envtest] recursive execvp test starting...
[elf] phdr[0] LOAD vaddr=0x0000000000400000 memsz=0x4ae6 filesz=0x4ae6 flags=R-X U -> pages [0x0000000000400000..0x0000000000405000)
[elf] phdr[1] LOAD vaddr=0x0000000000405000 memsz=0xde0 filesz=0xde0 flags=R-- U -> pages [0x0000000000405000..0x0000000000406000)
[elf] phdr[2] LOAD vaddr=0x0000000000406000 memsz=0x1f8 filesz=0xa0 flags=RW- U -> pages [0x0000000000406000..0x0000000000407000)
[elf] load OK (user): type=ET_EXEC, 3 segment(s), base=0x0000000000000000, entry=0x0000000000400000, phdr=0x0000000000000000 (3 entries)
[proc] created pid=2 ppid=1 'c_envtest' entry=0x0000000000400000 rsp=0x00007fffffffff00 cr3=0x162000 kstack=0xffffd00000008030 argc=3 envc=1 cwd='/'
[c_envtest][build] M25C-debug-rev3 alive
[c_envtest] (child) execvp -> 'c_hello'
[elf] phdr[0] LOAD vaddr=0x0000000000400000 memsz=0x3ed6 filesz=0x3ed6 flags=R-X U -> pages [0x0000000000400000..0x0000000000404000)
[elf] phdr[1] LOAD vaddr=0x0000000000404000 memsz=0x7d0 filesz=0x7d0 flags=R-- U -> pages [0x0000000000404000..0x0000000000405000)
[elf] phdr[2] LOAD vaddr=0x0000000000405000 memsz=0x1cc filesz=0x80 flags=RW- U -> pages [0x0000000000405000..0x0000000000406000)
[elf] load OK (user): type=ET_EXEC, 3 segment(s), base=0x0000000000000000, entry=0x0000000000400000, phdr=0x0000000000000000 (3 entries)
[proc] created pid=3 ppid=2 'c_hello' entry=0x0000000000400000 rsp=0x00007fffffffff30 cr3=0x174000 kstack=0xffffd00000010040 argc=1 envc=1 cwd='/'
[c_hello] hello from libtoby (argc=1)
[c_hello] ALL OK
[_exit] code=0 caller=0x0000000000400124
[sys_exit] user requested exit, code=0 (0x0)
[proc] pid=3 'c_hello' exit code=0 (0x0) cpu=0 ms syscalls=6
[proc] reaped pid=3, slot recycled
[_exit] code=0 caller=0x0000000000402e0b
[sys_exit] user requested exit, code=0 (0x0)
[proc] pid=2 'c_envtest' exit code=0 (0x0) cpu=26 ms syscalls=9
[proc] reaped pid=2, slot recycled
[c_envtest] recursive child pid=2 status=0x0
[c_envtest] ALL OK
[_exit] code=0 caller=0x0000000000400f44
[sys_exit] user requested exit, code=0 (0x0)
[proc] pid=1 'c_envtest-boot' exit code=0 (0x0) cpu=83 ms syscalls=38
[proc] reaped pid=1, slot recycled
[boot] M25C: /bin/c_envtest (pid=1) exit=0 (PASS)
[elf] phdr[2] LOAD vaddr=0x0000000000500000 memsz=0x3a8 filesz=0x3a8 flags=R-- U -> pages [0x0000000000500000..0x0000000000501000)
[elf] phdr[3] LOAD vaddr=0x00000000005013b0 memsz=0xd0 filesz=0xd0 flags=R-X U -> pages [0x0000000000501000..0x0000000000502000)
[elf] phdr[4] LOAD vaddr=0x0000000000502480 memsz=0xb80 filesz=0x120 flags=RW- U -> pages [0x0000000000502000..0x0000000000503000)
[elf] phdr[5] LOAD vaddr=0x00000000005035a0 memsz=0x18 filesz=0x18 flags=RW- U -> pages [0x0000000000503000..0x0000000000504000)
[elf] load OK (user): type=ET_DYN, 4 segment(s), base=0x0000000000500000, entry=0x00000000005013b0, phdr=0x0000000000500040 (9 entries), PT_INTERP
[elf] phdr[1] LOAD vaddr=0x0000000040000000 memsz=0x499 filesz=0x499 flags=R-- U -> pages [0x0000000040000000..0x0000000040001000)
[elf] phdr[2] LOAD vaddr=0x00000000400014a0 memsz=0x9ba filesz=0x9ba flags=R-X U -> pages [0x0000000040001000..0x0000000040002000)
[elf] phdr[3] LOAD vaddr=0x0000000040002e60 memsz=0x1a0 filesz=0xa0 flags=RW- U -> pages [0x0000000040002000..0x0000000040003000)
[elf] phdr[4] LOAD vaddr=0x0000000040003f00 memsz=0x390 filesz=0x0 flags=RW- U -> pages [0x0000000040003000..0x0000000040005000)
[elf] load OK (user): type=ET_DYN, 4 segment(s), base=0x0000000040000000, entry=0x00000000400014a0, phdr=0x0000000040000040 (8 entries)
[proc] loaded interpreter '/lib/ld-toby.so' base=0x0000000040000000 entry=0x00000000400014a0
[proc] created pid=1 ppid=0 'c_dynhello-boot' entry=0x00000000400014a0 rsp=0x00007fffffffff30 cr3=0x14b000 kstack=0xffffd0000001d0b0 argc=1 envc=1 cwd='/'
[elf] phdr[1] LOAD vaddr=0x0000000060000000 memsz=0x2a50 filesz=0x2a50 flags=R-- U -> pages [0x0000000060000000..0x0000000060003000)
[elf] phdr[2] LOAD vaddr=0x0000000060003a50 memsz=0x59a7 filesz=0x59a7 flags=R-X U -> pages [0x0000000060003000..0x000000006000a000)
[elf] phdr[3] LOAD vaddr=0x000000006000a3f8 memsz=0xc08 filesz=0x1a0 flags=RW- U -> pages [0x000000006000a000..0x000000006000b000)
[elf] phdr[4] LOAD vaddr=0x000000006000b598 memsz=0x1f0 filesz=0x7c flags=RW- U -> pages [0x000000006000b000..0x000000006000c000)
[elf] load OK (user): type=ET_DYN, 4 segment(s), base=0x0000000060000000, entry=0x0000000060000000, phdr=0x0000000060000040 (8 entries)
[c_dynhello] hello from DYNAMIC libtoby (argc=1)
[c_dynhello] ALL OK
[_exit] code=0 caller=0x0000000060004374
[sys_exit] user requested exit, code=0 (0x0)
[proc] pid=1 'c_dynhello-boot' exit code=0 (0x0) cpu=0 ms syscalls=7
[proc] reaped pid=1, slot recycled
[boot] M25D: /bin/c_dynhello (pid=1) exit=0 (PASS)
[elf] phdr[0] LOAD vaddr=0x0000000000400000 memsz=0x4246 filesz=0x4246 flags=R-X U -> pages [0x0000000000400000..0x0000000000405000)
[elf] phdr[1] LOAD vaddr=0x0000000000405000 memsz=0x7e0 filesz=0x7e0 flags=R-- U -> pages [0x0000000000405000..0x0000000000406000)
[elf] phdr[2] LOAD vaddr=0x0000000000406000 memsz=0x1e8 filesz=0x88 flags=RW- U -> pages [0x0000000000406000..0x0000000000407000)
[elf] load OK (user): type=ET_EXEC, 3 segment(s), base=0x0000000000000000, entry=0x0000000000400000, phdr=0x0000000000000000 (3 entries)
[proc] created pid=1 ppid=0 'p_echo-boot' entry=0x0000000000400000 rsp=0x00007fffffffff10 cr3=0x14b000 kstack=0xffffd0000001d0b0 argc=3 envc=1 cwd='/'
hello from-port-echo
[_exit] code=0 caller=0x0000000000400c04
[sys_exit] user requested exit, code=0 (0x0)
[proc] pid=1 'p_echo-boot' exit code=0 (0x0) cpu=0 ms syscalls=6
[proc] reaped pid=1, slot recycled
[boot] M25E: /bin/p_echo (pid=1) exit=0 (PASS)
[elf] phdr[0] LOAD vaddr=0x0000000000400000 memsz=0x4276 filesz=0x4276 flags=R-X U -> pages [0x0000000000400000..0x0000000000405000)
[elf] phdr[1] LOAD vaddr=0x0000000000405000 memsz=0x7d0 filesz=0x7d0 flags=R-- U -> pages [0x0000000000405000..0x0000000000406000)
[elf] phdr[2] LOAD vaddr=0x0000000000406000 memsz=0x1e8 filesz=0x88 flags=RW- U -> pages [0x0000000000406000..0x0000000000407000)
[elf] load OK (user): type=ET_EXEC, 3 segment(s), base=0x0000000000000000, entry=0x0000000000400000, phdr=0x0000000000000000 (3 entries)
[proc] created pid=1 ppid=0 'p_cat-boot' entry=0x0000000000400000 rsp=0x00007fffffffff20 cr3=0x14b000 kstack=0xffffd0000001d0b0 argc=2 envc=1 cwd='/'
==============================================
  Welcome to tobyOS -- milestone 4
==============================================

The kernel mounted this file from /etc/motd
on a read-only ramfs backed by a USTAR initrd.

Try:
    ls
    ls /bin
    cat /readme.txt
    run /bin/hello
[_exit] code=0 caller=0x0000000000400c34
[sys_exit] user requested exit, code=0 (0x0)
[proc] pid=1 'p_cat-boot' exit code=0 (0x0) cpu=0 ms syscalls=7
[proc] reaped pid=1, slot recycled
[boot] M25E: /bin/p_cat (pid=1) exit=0 (PASS)
[elf] phdr[0] LOAD vaddr=0x0000000000400000 memsz=0x4aca filesz=0x4aca flags=R-X U -> pages [0x0000000000400000..0x0000000000405000)
[elf] phdr[1] LOAD vaddr=0x0000000000405000 memsz=0x840 filesz=0x840 flags=R-- U -> pages [0x0000000000405000..0x0000000000406000)
[elf] phdr[2] LOAD vaddr=0x0000000000406000 memsz=0x208 filesz=0x94 flags=RW- U -> pages [0x0000000000406000..0x0000000000407000)
[elf] load OK (user): type=ET_EXEC, 3 segment(s), base=0x0000000000000000, entry=0x0000000000400000, phdr=0x0000000000000000 (3 entries)
[proc] created pid=1 ppid=0 'p_wc-boot' entry=0x0000000000400000 rsp=0x00007fffffffff20 cr3=0x14b000 kstack=0xffffd0000001d0b0 argc=2 envc=1 cwd='/'
      12      32     297 /etc/motd
[_exit] code=0 caller=0x00000000004011f4
[sys_exit] user requested exit, code=0 (0x0)
[proc] pid=1 'p_wc-boot' exit code=0 (0x0) cpu=0 ms syscalls=29
[proc] reaped pid=1, slot recycled
[boot] M25E: /bin/p_wc (pid=1) exit=0 (PASS)
[elf] phdr[0] LOAD vaddr=0x0000000000400000 memsz=0x46ba filesz=0x46ba flags=R-X U -> pages [0x0000000000400000..0x0000000000405000)
[elf] phdr[1] LOAD vaddr=0x0000000000405000 memsz=0x840 filesz=0x840 flags=R-- U -> pages [0x0000000000405000..0x0000000000406000)
[elf] phdr[2] LOAD vaddr=0x0000000000406000 memsz=0x208 filesz=0x9c flags=RW- U -> pages [0x0000000000406000..0x0000000000407000)
[elf] load OK (user): type=ET_EXEC, 3 segment(s), base=0x0000000000000000, entry=0x0000000000400000, phdr=0x0000000000000000 (3 entries)
[proc] created pid=1 ppid=0 'p_head-boot' entry=0x0000000000400000 rsp=0x00007fffffffff10 cr3=0x14b000 kstack=0xffffd0000001d0b0 argc=4 envc=1 cwd='/'
==============================================
  Welcome to tobyOS -- milestone 4
[_exit] code=0 caller=0x0000000000400de4
[sys_exit] user requested exit, code=0 (0x0)
[proc] pid=1 'p_head-boot' exit code=0 (0x0) cpu=0 ms syscalls=7
[proc] reaped pid=1, slot recycled
[boot] M25E: /bin/p_head (pid=1) exit=0 (PASS)
[elf] phdr[0] LOAD vaddr=0x0000000000400000 memsz=0x4d5a filesz=0x4d5a flags=R-X U -> pages [0x0000000000400000..0x0000000000405000)
[elf] phdr[1] LOAD vaddr=0x0000000000405000 memsz=0x850 filesz=0x850 flags=R-- U -> pages [0x0000000000405000..0x0000000000406000)
[elf] phdr[2] LOAD vaddr=0x0000000000406000 memsz=0x208 filesz=0x94 flags=RW- U -> pages [0x0000000000406000..0x0000000000407000)
[elf] load OK (user): type=ET_EXEC, 3 segment(s), base=0x0000000000000000, entry=0x0000000000400000, phdr=0x0000000000000000 (3 entries)
[proc] created pid=1 ppid=0 'p_ls-boot' entry=0x0000000000400000 rsp=0x00007fffffffff20 cr3=0x14b000 kstack=0xffffd0000001d0b0 argc=2 envc=1 cwd='/'
abi_test
audiotest
bad
batterytest
c_alloctest
c_args
c_dynhello
c_envtest
c_filedemo
c_hello
cat
crashinfo
devlist
displayinfo
drawtest
drvtest
echo
fonttest
fscheck
gui_about
gui_clock
gui_demo
gui_files
gui_settings
gui_term
gui_viewer
gui_widgets
hello
login
logview
long_task
netecho
p_cat
p_echo
p_grep
p_head
p_ls
p_wc
rendertest
safesh
services
stabilitytest
svc_crasher
usbtest
wdogtest
[_exit] code=0 caller=0x0000000000401194
[sys_exit] user requested exit, code=0 (0x0)
[proc] pid=1 'p_ls-boot' exit code=0 (0x0) cpu=0 ms syscalls=144
[proc] reaped pid=1, slot recycled
[boot] M25E: /bin/p_ls (pid=1) exit=0 (PASS)
[elf] phdr[0] LOAD vaddr=0x0000000000400000 memsz=0x480a filesz=0x480a flags=R-X U -> pages [0x0000000000400000..0x0000000000405000)
[elf] phdr[1] LOAD vaddr=0x0000000000405000 memsz=0x8e0 filesz=0x8e0 flags=R-- U -> pages [0x0000000000405000..0x0000000000406000)
[elf] phdr[2] LOAD vaddr=0x0000000000406000 memsz=0x228 filesz=0x94 flags=RW- U -> pages [0x0000000000406000..0x0000000000407000)
[elf] load OK (user): type=ET_EXEC, 3 segment(s), base=0x0000000000000000, entry=0x0000000000400000, phdr=0x0000000000000000 (3 entries)
[proc] created pid=1 ppid=0 'p_grep-boot' entry=0x0000000000400000 rsp=0x00007fffffffff10 cr3=0x14b000 kstack=0xffffd0000001d0b0 argc=3 envc=1 cwd='/'
  Welcome to tobyOS -- milestone 4
[_exit] code=0 caller=0x0000000000400f34
[sys_exit] user requested exit, code=0 (0x0)
[proc] pid=1 'p_grep-boot' exit code=0 (0x0) cpu=0 ms syscalls=305
[proc] reaped pid=1, slot recycled
[boot] M25E: /bin/p_grep (pid=1) exit=0 (PASS)
[boot] M25E: ports 6/6 PASS
[boot] BSP LAPIC timer @ 100 Hz live (vec=0x40)
[smp] 4 CPU(s) total: BSP apic_id=0
[smp]   cpu0: apic_id=0 (BSP)
[smp]   cpu1: apic_id=1
[smp]   cpu2: apic_id=2
[smp]   cpu3: apic_id=3
CPU 0 online
  apic_id=0 (BSP)  stack=bootloader-provided
[smp] trampoline installed: phys=0x0000000000070000 virt=0xffff800000070000 len=1024 bytes
[smp] cpu1: INIT-SIPI-SIPI to apic_id=1 (tramp_vector=0x70, stack=0xffffd00000018f30)
CPU 1 online
  apic_id=1 (acpi said 1)  stack_top=0xffffd00000018f30
  cpu1: LAPIC timer @ 100 Hz live (vec=0x40)
[smp] cpu2: INIT-SIPI-SIPI to apic_id=2 (tramp_vector=0x70, stack=0xffffd0000001cf40)
CPU 2 online
  apic_id=2 (acpi said 2)  stack_top=0xffffd0000001cf40
  cpu2: LAPIC timer @ 100 Hz live (vec=0x40)
[smp] cpu3: INIT-SIPI-SIPI to apic_id=3 (tramp_vector=0x70, stack=0xffffd000000217a0)
CPU 3 online
  apic_id=3 (acpi said 3)  stack_top=0xffffd000000217a0
  cpu3: LAPIC timer @ 100 Hz live (vec=0x40)
[smp] 3/3 APs online (total 4 CPUs)
[net] nic=e1000:00:03.0 mac=52:54:00:12:34:56 -- starting up
[dhcp] DISCOVER xid=0x9902faa7
[dhcp] OFFER  yiaddr=10.0.2.15 server=10.0.2.2
[dhcp] REQUEST requested=10.0.2.15
[dhcp] ACK    bound: ip=10.0.2.15 mask=255.255.255.0 gw=10.0.2.2 dns=10.0.2.3 lease=86400s (server=10.0.2.2)
[net] DHCP lease applied: ip=10.0.2.15 mask=255.255.255.0 gw=10.0.2.2 dns=10.0.2.3
[net] up: nic=e1000:00:03.0 ip=10.0.2.15 gw=10.0.2.2 mac=52:54:00:12:34:56
[net] gateway 10.0.2.2 -> 52:55:0a:00:02:02 (cached)
[net] dns     10.0.2.3 -> 52:55:0a:00:02:03 (cached)
[dns-test] >>> resolving example.com (boot smoke test)
[dns] query  id=0xc47e example.com @ 10.0.2.3 (qbytes=29)
[dns] reply  id=0xc47e example.com -> 104.20.23.154 (ttl=27s)
[dns-test]     example.com -> 104.20.23.154 (ttl=27s)
[dns-test] >>> resolving tobyos.invalid (NXDOMAIN probe)
[dns] query  id=0x2121 tobyos.invalid @ 10.0.2.3 (qbytes=32)
[dns] reply id=0x2121 rcode=3 (NXDOMAIN)
[dns] 'tobyos.invalid' failed: rcode=3 (NXDOMAIN)
[dns-test]     tobyos.invalid: failed as expected
[dns-test] <<< done
[tcp-test] >>> opening TCP connection to example.com:80
[dns] query  id=0x1d2a example.com @ 10.0.2.3 (qbytes=29)
[dns] reply  id=0x1d2a example.com -> 172.66.147.243 (ttl=27s)
[tcp] connect 172.66.147.243:80  lp=49152 isn=0x07d0445b
[tcp] ESTABLISHED  lp=49152 rp=80
[tcp-test]     handshake OK -- sending HTTP/1.0 probe
[tcp-test]     tcp_send returned 80
[tcp-test]     first bytes: "HTTP/1.1 200 OK 
Date: Fri, 24 Apr 2026 20:30:30 GMT 
Content-Type: text/html 
C"
[tcp-test]     server FIN; total bytes=797
[tcp] CLOSED       lp=49152 rp=80  (final state=CLOSED)
[tcp-test]     teardown OK.
[tcp-test] <<< done
[http-test] >>> GET http://example.com/
[dns] query  id=0x94a4 example.com @ 10.0.2.3 (qbytes=29)
[dns] reply  id=0x94a4 example.com -> 104.20.23.154 (ttl=27s)
[http] example.com -> 104.20.23.154:80/
[tcp] connect 104.20.23.154:80  lp=49153 isn=0x5e853229
[tcp] ESTABLISHED  lp=49153 rp=80
[tcp] CLOSED       lp=49153 rp=80  (final state=CLOSED)
[http] 200 OK; body=528 bytes; type="text/html"
[http-test]     status=200 reason="OK" type="text/html" body=528 bytes
[http-test]     body[0..80]: "<!doctype html><html lang="en"><head><title>Example Domain</title><meta name="vi"
[http-test] <<< done
[gfx] back buffer 1280x800 (4000 KiB) ready, fb_pitch=1280 px, backend=limine-fb
[mouse] PS/2 driver up (IRQ12 routed via IO APIC)
[gui] window manager ready (max 8 windows, 18-px title bar)
[term] session pool ready (4 sessions, 4096-byte rings)
Welcome to tobyOS
milestone 14: services + settings + login. Boot drops into the GUI desktop with /bin/login.

[settings] loading /data/settings.conf (209 bytes)
[settings] cache:
  desktop.bg=0x00204060
  desktop.title=tobyOS
  desktop.greeting=Welcome to tobyOS
  user.last=toby
  user.greeting=Hello, friend!
  session.autostart=
[users] loading /data/users (86 bytes)
[users] cache (3 entries):
  root             uid=0 gid=0
  toby             uid=1000 gid=1000
  guest            uid=1001 gid=1001
[svc] service manager up (max 8 services)
[4710] INFO  svc      pid=0: manager up max=8 backoff_base=100ms cap=6400ms disable_at=5
[svc] registered builtin 'input'
[4730] INFO  svc      pid=0: registered builtin 'input'
[svc] registered builtin 'network'
[4740] INFO  svc      pid=0: registered builtin 'network'
[svc] registered builtin 'desktop'
[4750] INFO  svc      pid=0: registered builtin 'desktop'
[svc] registered builtin 'session'
[4770] INFO  svc      pid=0: registered builtin 'session'
[trace] level 0 -> 1
[gui] auto-enabled trace (level=1) for desktop session
[trace t=479 pid=0] gui_set_desktop_mode: off -> on
[gui] entering graphical mode
[session] init: last user='toby' (will be pre-filled at login)
[svc] registered program 'login' -> /bin/login (autorestart=1)
[4800] INFO  svc      pid=0: registered program 'login' path='/bin/login' autorestart=1
[trace t=480 pid=0] launch_enqueue '/bin/login' sandbox='' (head=1 tail=0)
[svc] 'login' enqueued (restart #1, crashes=0)
[4800] INFO  svc      pid=0: 'login' enqueued restart=1 crashes=0
[svc] 5 services registered
  name         kind    state    auto pid rcnt  ccnt  ccon  path
  input        builtin running  0    0   0     0     0     (builtin)
  network      builtin running  0    0   0     0     0     (builtin)
  desktop      builtin running  0    0   0     0     0     (builtin)
  session      builtin running  0    0   0     0     0     (builtin)
  login        program running  1    0   1     0     0     /bin/login
[pkg] package manager ready (apps=/data/apps db=/data/packages repo=/data/repo,/repo)
[fw_cfg] QEMU fw_cfg interface present at 0x510/0x511
[battery] no ACPI battery detected (no fw_cfg mock, no PNP0C0A in AML)
[display] registered fb0 1280x800 backend=limine-fb
[boot] M26A: peripheral inventory + self-tests
[devtest] === 15 devices ===
[INFO] pci: 00:00.0 drv=- status=0x01 8086:1237 cls=06.00.00 irq=0
[INFO] pci: 00:01.0 drv=- status=0x01 8086:7000 cls=06.01.00 irq=0
[INFO] pci: 00:01.1 drv=blk_ata status=0x03 8086:7010 cls=01.01.80 irq=0
[INFO] pci: 00:01.3 drv=- status=0x01 8086:7113 cls=06.80.00 irq=9
[INFO] pci: 00:02.0 drv=- status=0x01 1234:1111 cls=03.00.00 irq=0
[INFO] pci: 00:03.0 drv=e1000 status=0x03 8086:100e cls=02.00.00 irq=11
[INFO] pci: 00:04.0 drv=xhci status=0x03 1b36:000d cls=0c.03.30 irq=11
[INFO] usb: usb1-5 drv=usb_hid status=0x03 slot=1 speed=HS mps0=64
[INFO] usb: usb1-6 drv=usb_hid status=0x03 slot=2 speed=HS mps0=64
[INFO] blk: ide0:master drv=disk status=0x03 sectors=32768 (16384 KiB) class=1
[INFO] in: kbd0 drv=ps2_kbd status=0x03 PS/2 IRQ1 chars=0 irqs=0 caps=0
[INFO] in: mouse0 drv=ps2_mouse status=0x03 PS/2 IRQ12 events=0 clicks=0 btn=0x00
[INFO] in: uhid-kbd0 drv=usb_hid_kbd status=0x03 slot=1 iface=0 ep=0x81 mps=8 frames=0 presses=0 mod=0x00
[INFO] in: uhid-mouse1 drv=usb_hid_mouse status=0x03 slot=2 iface=0 ep=0x81 mps=4 frames=0 clicks=0 btn=0x00
[INFO] fb: fb0 drv=limine-fb status=0x03 1280x800 pitch=5120 bpp=32 fmt=1 flips=0
[PASS] devtest: devtest registry alive
[PASS] pci: 7 PCI device(s), 3 driver-bound
[PASS] blk: 1 blk dev(s): disks=1 partitions=0 wrappers=0
[PASS] xhci: xHCI v1.0 slots=64 ports=8 irq=on/0
[PASS] usb: 2 USB device(s): hid=2 msc=0 other=0
[SKIP] usb_hub: no USB hub enumerated (try -device usb-hub)
[SKIP] audio: no HDA controller present (run with -device intel-hda)
[SKIP] audio_tone: no HDA controller -- run QEMU with -device intel-hda
[SKIP] battery: no ACPI battery detected (desktop or QEMU default)
[PASS] hotplug: ring=64 capacity=64 posted=2 drained=2 dropped=0
[PASS] input: ps2 kbd chars=0 irqs=0 (caps=0) | ps2 mouse events=0 clicks=0 | usb_hid devs=2 (kbd=1 mouse=1) frames=0
[PASS] usb_hid: USB HID: 2 device(s) -- kbd=1 mouse=1 frames=0
[SKIP] usb_msc: no USB MSC slots (run with -device usb-storage)
[PASS] display: 1 output(s); primary fb0 1280x800 pitch=5120 bpp=32 backend=limine-fb
[PASS] display_draw: back buffer reachable 1280x800; clip-paths OK
[PASS] display_render: backend=limine-fb flip=ok present_rect=yes describe=yes bpp=4 frames=0 flips=0 fb_pitch_px=1280 back_kib=4000
[PASS] display_alpha: src-over OK: a0=keep, a255=overwrite, a128=blend (got a02020)
[PASS] display_dirty: tracker OK: rect-inject -> 10,20 100x50, full -> 1280x800 (stats: 3 flips, 1 full, 1 partial, 1 empty)
[PASS] display_font: scaled bounds OK: 1x=24x8 2x=48x16 3x=72x24 multi=48x32
[PASS] display_multi: multi OK: 3 outputs registered, layout spans 3104x800 (auto-h-layout + override + cleanup)
[boot] M26A: 20 test(s) -- pass=15 fail=0 skip=5
type 'help' to list commands.
tobyOS> [boot] M25C: driving shell with synthetic command lines
[shell-test] $ env
PATH=/bin
HOME=/
USER=admin
PWD=/
SHELL=tobysh
[shell-test] $ setenv M25C_FROM_SHELL yes
[shell-test] $ env
PATH=/bin
HOME=/
USER=admin
PWD=/
SHELL=tobysh
M25C_FROM_SHELL=yes
[shell-test] $ c_args from-shell PATH-resolved
[elf] phdr[0] LOAD vaddr=0x0000000000400000 memsz=0x3fe6 filesz=0x3fe6 flags=R-X U -> pages [0x0000000000400000..0x0000000000404000)
[elf] phdr[1] LOAD vaddr=0x0000000000404000 memsz=0x860 filesz=0x860 flags=R-- U -> pages [0x0000000000404000..0x0000000000405000)
[elf] phdr[2] LOAD vaddr=0x0000000000405000 memsz=0x1cc filesz=0x80 flags=RW- U -> pages [0x0000000000405000..0x0000000000406000)
[elf] load OK (user): type=ET_EXEC, 3 segment(s), base=0x0000000000000000, entry=0x0000000000400000, phdr=0x0000000000000000 (3 entries)
[proc] created pid=1 ppid=0 'c_args' entry=0x0000000000400000 rsp=0x00007ffffffffea0 cr3=0x562000 kstack=0xffffd000004162d0 argc=3 envc=6 cwd='/'
[c_args] argc=3
[c_args]   argv[0] = "c_args"
[c_args]   argv[1] = "from-shell"
[c_args]   argv[2] = "PATH-resolved"
[c_args] envc=6
[c_args]   envp[0] = "PATH=/bin"
[c_args]   envp[1] = "HOME=/"
[c_args]   envp[2] = "USER=admin"
[c_args]   envp[3] = "PWD=/"
[c_args] getenv("HOME") = /
[c_args] __toby_argc=3 __toby_argv=0x7ffffffffea8 __toby_envp=0x7ffffffffec8
[c_args] ALL OK
[_exit] code=0 caller=0x0000000000400234
[sys_exit] user requested exit, code=0 (0x0)
[proc] pid=1 'c_args' exit code=0 (0x0) cpu=0 ms syscalls=56
[proc] reaped pid=1, slot recycled
'c_args' (pid=1) returned 0 (0x0)
[shell-test] $ unsetenv M25C_FROM_SHELL
[boot] M25C: shell smoketest done
[boot] M26A: driving shell builtins (devlist + drvtest)
[shell-test] $ echo --- M26A shell builtins ---
--- M26A shell builtins ---
[shell-test] $ devlist
[devtest] === 15 devices ===
[INFO] pci: 00:00.0 drv=- status=0x01 8086:1237 cls=06.00.00 irq=0
[INFO] pci: 00:01.0 drv=- status=0x01 8086:7000 cls=06.01.00 irq=0
[INFO] pci: 00:01.1 drv=blk_ata status=0x03 8086:7010 cls=01.01.80 irq=0
[INFO] pci: 00:01.3 drv=- status=0x01 8086:7113 cls=06.80.00 irq=9
[INFO] pci: 00:02.0 drv=- status=0x01 1234:1111 cls=03.00.00 irq=0
[INFO] pci: 00:03.0 drv=e1000 status=0x03 8086:100e cls=02.00.00 irq=11
[INFO] pci: 00:04.0 drv=xhci status=0x03 1b36:000d cls=0c.03.30 irq=11
[INFO] usb: usb1-5 drv=usb_hid status=0x03 slot=1 speed=HS mps0=64
[INFO] usb: usb1-6 drv=usb_hid status=0x03 slot=2 speed=HS mps0=64
[INFO] blk: ide0:master drv=disk status=0x03 sectors=32768 (16384 KiB) class=1
[INFO] in: kbd0 drv=ps2_kbd status=0x03 PS/2 IRQ1 chars=0 irqs=0 caps=0
[INFO] in: mouse0 drv=ps2_mouse status=0x03 PS/2 IRQ12 events=0 clicks=0 btn=0x00
[INFO] in: uhid-kbd0 drv=usb_hid_kbd status=0x03 slot=1 iface=0 ep=0x81 mps=8 frames=0 presses=0 mod=0x00
[INFO] in: uhid-mouse1 drv=usb_hid_mouse status=0x03 slot=2 iface=0 ep=0x81 mps=4 frames=0 clicks=0 btn=0x00
[INFO] fb: fb0 drv=limine-fb status=0x07 1280x800 pitch=5120 bpp=32 fmt=1 flips=3
[shell-test] $ devlist usb
[devtest] === 2 devices ===
[INFO] usb: usb1-5 drv=usb_hid status=0x03 slot=1 speed=HS mps0=64
[INFO] usb: usb1-6 drv=usb_hid status=0x03 slot=2 speed=HS mps0=64
[shell-test] $ devlist pci
[devtest] === 7 devices ===
[INFO] pci: 00:00.0 drv=- status=0x01 8086:1237 cls=06.00.00 irq=0
[INFO] pci: 00:01.0 drv=- status=0x01 8086:7000 cls=06.01.00 irq=0
[INFO] pci: 00:01.1 drv=blk_ata status=0x03 8086:7010 cls=01.01.80 irq=0
[INFO] pci: 00:01.3 drv=- status=0x01 8086:7113 cls=06.80.00 irq=9
[INFO] pci: 00:02.0 drv=- status=0x01 1234:1111 cls=03.00.00 irq=0
[INFO] pci: 00:03.0 drv=e1000 status=0x03 8086:100e cls=02.00.00 irq=11
[INFO] pci: 00:04.0 drv=xhci status=0x03 1b36:000d cls=0c.03.30 irq=11
[shell-test] $ drvtest
[PASS] devtest: devtest registry alive
[PASS] pci: 7 PCI device(s), 3 driver-bound
[PASS] blk: 1 blk dev(s): disks=1 partitions=0 wrappers=0
[PASS] xhci: xHCI v1.0 slots=64 ports=8 irq=on/0
[PASS] usb: 2 USB device(s): hid=2 msc=0 other=0
[SKIP] usb_hub: no USB hub enumerated (try -device usb-hub)
[SKIP] audio: no HDA controller present (run with -device intel-hda)
[SKIP] audio_tone: no HDA controller -- run QEMU with -device intel-hda
[SKIP] battery: no ACPI battery detected (desktop or QEMU default)
[PASS] hotplug: ring=64 capacity=64 posted=2 drained=2 dropped=0
[PASS] input: ps2 kbd chars=0 irqs=0 (caps=0) | ps2 mouse events=0 clicks=0 | usb_hid devs=2 (kbd=1 mouse=1) frames=0
[PASS] usb_hid: USB HID: 2 device(s) -- kbd=1 mouse=1 frames=0
[SKIP] usb_msc: no USB MSC slots (run with -device usb-storage)
[PASS] display: 1 output(s); primary fb0 1280x800 pitch=5120 bpp=32 backend=limine-fb
[PASS] display_draw: back buffer reachable 1280x800; clip-paths OK
[PASS] display_render: backend=limine-fb flip=ok present_rect=yes describe=yes bpp=4 frames=0 flips=3 fb_pitch_px=1280 back_kib=4000
[PASS] display_alpha: src-over OK: a0=keep, a255=overwrite, a128=blend (got a02020)
[PASS] display_dirty: tracker OK: rect-inject -> 10,20 100x50, full -> 1280x800 (stats: 6 flips, 2 full, 2 partial, 2 empty)
[PASS] display_font: scaled bounds OK: 1x=24x8 2x=48x16 3x=72x24 multi=48x32
[PASS] display_multi: multi OK: 3 outputs registered, layout spans 3104x800 (auto-h-layout + override + cleanup)
drvtest: 20 test(s) -- pass=15 fail=0 skip=5
[shell-test] $ drvtest pci
[PASS] pci: 7 PCI device(s), 3 driver-bound
drvtest: 1 test(s) -- pass=1 fail=0 skip=0
[shell-test] $ drvtest xhci
[PASS] xhci: xHCI v1.0 slots=64 ports=8 irq=on/0
drvtest: 1 test(s) -- pass=1 fail=0 skip=0
[shell-test] $ echo --- M26B shell builtins ---
--- M26B shell builtins ---
[shell-test] $ devlist hub
[devtest] === 0 devices ===
[shell-test] $ drvtest usb_hub
[SKIP] usb_hub: no USB hub enumerated (try -device usb-hub)
drvtest: 1 test(s) -- pass=0 fail=0 skip=1
[elf] phdr[0] LOAD vaddr=0x0000000000400000 memsz=0x4675 filesz=0x4675 flags=R-X U -> pages [0x0000000000400000..0x0000000000405000)
[elf] phdr[1] LOAD vaddr=0x0000000000405000 memsz=0xa78 filesz=0xa78 flags=R-- U -> pages [0x0000000000405000..0x0000000000406000)
[elf] phdr[2] LOAD vaddr=0x0000000000406000 memsz=0x21d8 filesz=0x80 flags=RW- U -> pages [0x0000000000406000..0x0000000000409000)
[elf] load OK (user): type=ET_EXEC, 3 segment(s), base=0x0000000000000000, entry=0x0000000000400000, phdr=0x0000000000000000 (3 entries)
[proc] created pid=1 ppid=0 'devlist-boot' entry=0x0000000000400000 rsp=0x00007fffffffff20 cr3=0x562000 kstack=0xffffd00000416270 argc=2 envc=1 cwd='/'
BUS     NAME             DRIVER       STAT   INFO
---     ----             ------       ----   ----
pci     00:00.0          -            P----  8086:1237 cls=06.00.00 irq=0
pci     00:01.0          -            P----  8086:7000 cls=06.01.00 irq=0
pci     00:01.1          blk_ata      PB---  8086:7010 cls=01.01.80 irq=0
pci     00:01.3          -            P----  8086:7113 cls=06.80.00 irq=9
pci     00:02.0          -            P----  1234:1111 cls=03.00.00 irq=0
pci     00:03.0          e1000        PB---  8086:100e cls=02.00.00 irq=11
pci     00:04.0          xhci         PB---  1b36:000d cls=0c.03.30 irq=11
usb     usb1-5           usb_hid      PB---  slot=1 speed=HS mps0=64
usb     usb1-6           usb_hid      PB---  slot=2 speed=HS mps0=64
blk     ide0:master      disk         PB---  sectors=32768 (16384 KiB) class=1
input   kbd0             ps2_kbd      PB---  PS/2 IRQ1 chars=0 irqs=0 caps=0
input   mouse0           ps2_mouse    PB---  PS/2 IRQ12 events=0 clicks=0 btn=0x00
input   uhid-kbd0        usb_hid_kbd  PB---  slot=1 iface=0 ep=0x81 mps=8 frames=0 presses=0 mod=0x00
input   uhid-mouse1      usb_hid_mouse PB---  slot=2 iface=0 ep=0x81 mps=4 frames=0 clicks=0 btn=0x00
display fb0              limine-fb    PBA--  1280x800 pitch=5120 bpp=32 fmt=1 flips=6
PASS: devlist: 15 device(s)
[_exit] code=0 caller=0x0000000000400a54
[sys_exit] user requested exit, code=0 (0x0)
[proc] pid=1 'devlist-boot' exit code=0 (0x0) cpu=0 ms syscalls=516
[proc] reaped pid=1, slot recycled
[boot] M26A: /bin/devlist (pid=1) exit=0 (PASS)
[elf] phdr[0] LOAD vaddr=0x0000000000400000 memsz=0x4675 filesz=0x4675 flags=R-X U -> pages [0x0000000000400000..0x0000000000405000)
[elf] phdr[1] LOAD vaddr=0x0000000000405000 memsz=0xa78 filesz=0xa78 flags=R-- U -> pages [0x0000000000405000..0x0000000000406000)
[elf] phdr[2] LOAD vaddr=0x0000000000406000 memsz=0x21d8 filesz=0x80 flags=RW- U -> pages [0x0000000000406000..0x0000000000409000)
[elf] load OK (user): type=ET_EXEC, 3 segment(s), base=0x0000000000000000, entry=0x0000000000400000, phdr=0x0000000000000000 (3 entries)
[proc] created pid=1 ppid=0 'devlist-usb-boot' entry=0x0000000000400000 rsp=0x00007fffffffff20 cr3=0x562000 kstack=0xffffd00000416270 argc=2 envc=1 cwd='/'
BUS     NAME             DRIVER       STAT   INFO
---     ----             ------       ----   ----
usb     usb1-5           usb_hid      PB---  slot=1 speed=HS mps0=64
usb     usb1-6           usb_hid      PB---  slot=2 speed=HS mps0=64
PASS: devlist: 2 device(s)
[_exit] code=0 caller=0x0000000000400a54
[sys_exit] user requested exit, code=0 (0x0)
[proc] pid=1 'devlist-usb-boot' exit code=0 (0x0) cpu=0 ms syscalls=134
[proc] reaped pid=1, slot recycled
[boot] M26A: /bin/devlist (pid=1) exit=0 (PASS)
[elf] phdr[0] LOAD vaddr=0x0000000000400000 memsz=0x4675 filesz=0x4675 flags=R-X U -> pages [0x0000000000400000..0x0000000000405000)
[elf] phdr[1] LOAD vaddr=0x0000000000405000 memsz=0xa78 filesz=0xa78 flags=R-- U -> pages [0x0000000000405000..0x0000000000406000)
[elf] phdr[2] LOAD vaddr=0x0000000000406000 memsz=0x21d8 filesz=0x80 flags=RW- U -> pages [0x0000000000406000..0x0000000000409000)
[elf] load OK (user): type=ET_EXEC, 3 segment(s), base=0x0000000000000000, entry=0x0000000000400000, phdr=0x0000000000000000 (3 entries)
[proc] created pid=1 ppid=0 'devlist-hub-boot' entry=0x0000000000400000 rsp=0x00007fffffffff20 cr3=0x562000 kstack=0xffffd00000416270 argc=2 envc=1 cwd='/'
BUS     NAME             DRIVER       STAT   INFO
---     ----             ------       ----   ----
INFO: devlist: 0 devices
[_exit] code=0 caller=0x0000000000400a54
[sys_exit] user requested exit, code=0 (0x0)
[proc] pid=1 'devlist-hub-boot' exit code=0 (0x0) cpu=0 ms syscalls=72
[proc] reaped pid=1, slot recycled
[boot] M26A: /bin/devlist (pid=1) exit=0 (PASS)
[elf] phdr[0] LOAD vaddr=0x0000000000400000 memsz=0x46a5 filesz=0x46a5 flags=R-X U -> pages [0x0000000000400000..0x0000000000405000)
[elf] phdr[1] LOAD vaddr=0x0000000000405000 memsz=0xa58 filesz=0xa58 flags=R-- U -> pages [0x0000000000405000..0x0000000000406000)
[elf] phdr[2] LOAD vaddr=0x0000000000406000 memsz=0x1d8 filesz=0x80 flags=RW- U -> pages [0x0000000000406000..0x0000000000407000)
[elf] load OK (user): type=ET_EXEC, 3 segment(s), base=0x0000000000000000, entry=0x0000000000400000, phdr=0x0000000000000000 (3 entries)
[proc] created pid=1 ppid=0 'drvtest-boot' entry=0x0000000000400000 rsp=0x00007fffffffff30 cr3=0x562000 kstack=0xffffd00000416270 argc=1 envc=1 cwd='/'
[PASS] devtest: devtest registry alive
[PASS] pci: 7 PCI device(s), 3 driver-bound
[PASS] blk: 1 blk dev(s): disks=1 partitions=0 wrappers=0
[PASS] xhci: xHCI v1.0 slots=64 ports=8 irq=on/0
[PASS] usb: 2 USB device(s): hid=2 msc=0 other=0
[SKIP] usb_hub: no USB hub enumerated (try -device usb-hub)
[SKIP] audio: no HDA controller present (run with -device intel-hda)
[SKIP] battery: no ACPI battery detected (desktop or QEMU default)
PASS: drvtest: pass=5 skip=3 fail=0 (total=8)
[_exit] code=0 caller=0x0000000000400314
[sys_exit] user requested exit, code=0 (0x0)
[proc] pid=1 'drvtest-boot' exit code=0 (0x0) cpu=0 ms syscalls=60
[proc] reaped pid=1, slot recycled
[boot] M26A: /bin/drvtest (pid=1) exit=0 (PASS)
[elf] phdr[0] LOAD vaddr=0x0000000000400000 memsz=0x46a5 filesz=0x46a5 flags=R-X U -> pages [0x0000000000400000..0x0000000000405000)
[elf] phdr[1] LOAD vaddr=0x0000000000405000 memsz=0xa58 filesz=0xa58 flags=R-- U -> pages [0x0000000000405000..0x0000000000406000)
[elf] phdr[2] LOAD vaddr=0x0000000000406000 memsz=0x1d8 filesz=0x80 flags=RW- U -> pages [0x0000000000406000..0x0000000000407000)
[elf] load OK (user): type=ET_EXEC, 3 segment(s), base=0x0000000000000000, entry=0x0000000000400000, phdr=0x0000000000000000 (3 entries)
[proc] created pid=1 ppid=0 'drvtest-named' entry=0x0000000000400000 rsp=0x00007fffffffff10 cr3=0x562000 kstack=0xffffd00000416270 argc=4 envc=1 cwd='/'
[PASS] pci: 7 PCI device(s), 3 driver-bound
[PASS] xhci: xHCI v1.0 slots=64 ports=8 irq=on/0
[PASS] usb: 2 USB device(s): hid=2 msc=0 other=0
PASS: drvtest: pass=3 skip=0 fail=0 (total=3)
[_exit] code=0 caller=0x0000000000400314
[sys_exit] user requested exit, code=0 (0x0)
[proc] pid=1 'drvtest-named' exit code=0 (0x0) cpu=0 ms syscalls=30
[proc] reaped pid=1, slot recycled
[boot] M26A: /bin/drvtest (pid=1) exit=0 (PASS)
[elf] phdr[0] LOAD vaddr=0x0000000000400000 memsz=0x51d5 filesz=0x51d5 flags=R-X U -> pages [0x0000000000400000..0x0000000000406000)
[elf] phdr[1] LOAD vaddr=0x0000000000406000 memsz=0xf98 filesz=0xf98 flags=R-- U -> pages [0x0000000000406000..0x0000000000407000)
[elf] phdr[2] LOAD vaddr=0x0000000000407000 memsz=0xb3d8 filesz=0x80 flags=RW- U -> pages [0x0000000000407000..0x0000000000413000)
[elf] load OK (user): type=ET_EXEC, 3 segment(s), base=0x0000000000000000, entry=0x0000000000400000, phdr=0x0000000000000000 (3 entries)
[proc] created pid=1 ppid=0 'usbtest-list' entry=0x0000000000400000 rsp=0x00007fffffffff20 cr3=0x562000 kstack=0xffffd00000416270 argc=2 envc=1 cwd='/'
BUS     NAME             DRIVER       STAT   INFO
---     ----             ------       ----   ----
usb     usb1-5           usb_hid      PB---  slot=1 speed=HS mps0=64
usb     usb1-6           usb_hid      PB---  slot=2 speed=HS mps0=64
PASS: usbtest list: 2 USB device(s)
[_exit] code=0 caller=0x00000000004015b4
[sys_exit] user requested exit, code=0 (0x0)
[proc] pid=1 'usbtest-list' exit code=0 (0x0) cpu=0 ms syscalls=134
[proc] reaped pid=1, slot recycled
[boot] M26A: /bin/usbtest (pid=1) exit=0 (PASS)
[elf] phdr[0] LOAD vaddr=0x0000000000400000 memsz=0x51d5 filesz=0x51d5 flags=R-X U -> pages [0x0000000000400000..0x0000000000406000)
[elf] phdr[1] LOAD vaddr=0x0000000000406000 memsz=0xf98 filesz=0xf98 flags=R-- U -> pages [0x0000000000406000..0x0000000000407000)
[elf] phdr[2] LOAD vaddr=0x0000000000407000 memsz=0xb3d8 filesz=0x80 flags=RW- U -> pages [0x0000000000407000..0x0000000000413000)
[elf] load OK (user): type=ET_EXEC, 3 segment(s), base=0x0000000000000000, entry=0x0000000000400000, phdr=0x0000000000000000 (3 entries)
[proc] created pid=1 ppid=0 'usbtest-ctrl' entry=0x0000000000400000 rsp=0x00007fffffffff20 cr3=0x562000 kstack=0xffffd00000416270 argc=2 envc=1 cwd='/'
PASS: usbtest controller: xHCI v1.0 slots=64 ports=8 irq=on/0
[_exit] code=0 caller=0x00000000004015b4
[sys_exit] user requested exit, code=0 (0x0)
[proc] pid=1 'usbtest-ctrl' exit code=0 (0x0) cpu=0 ms syscalls=9
[proc] reaped pid=1, slot recycled
[boot] M26A: /bin/usbtest (pid=1) exit=0 (PASS)
[elf] phdr[0] LOAD vaddr=0x0000000000400000 memsz=0x51d5 filesz=0x51d5 flags=R-X U -> pages [0x0000000000400000..0x0000000000406000)
[elf] phdr[1] LOAD vaddr=0x0000000000406000 memsz=0xf98 filesz=0xf98 flags=R-- U -> pages [0x0000000000406000..0x0000000000407000)
[elf] phdr[2] LOAD vaddr=0x0000000000407000 memsz=0xb3d8 filesz=0x80 flags=RW- U -> pages [0x0000000000407000..0x0000000000413000)
[elf] load OK (user): type=ET_EXEC, 3 segment(s), base=0x0000000000000000, entry=0x0000000000400000, phdr=0x0000000000000000 (3 entries)
[proc] created pid=1 ppid=0 'usbtest-devs' entry=0x0000000000400000 rsp=0x00007fffffffff20 cr3=0x562000 kstack=0xffffd00000416270 argc=2 envc=1 cwd='/'
PASS: usbtest devices: 2 USB device(s): hid=2 msc=0 other=0
[_exit] code=0 caller=0x00000000004015b4
[sys_exit] user requested exit, code=0 (0x0)
[proc] pid=1 'usbtest-devs' exit code=0 (0x0) cpu=0 ms syscalls=9
[proc] reaped pid=1, slot recycled
[boot] M26A: /bin/usbtest (pid=1) exit=0 (PASS)
[elf] phdr[0] LOAD vaddr=0x0000000000400000 memsz=0x51d5 filesz=0x51d5 flags=R-X U -> pages [0x0000000000400000..0x0000000000406000)
[elf] phdr[1] LOAD vaddr=0x0000000000406000 memsz=0xf98 filesz=0xf98 flags=R-- U -> pages [0x0000000000406000..0x0000000000407000)
[elf] phdr[2] LOAD vaddr=0x0000000000407000 memsz=0xb3d8 filesz=0x80 flags=RW- U -> pages [0x0000000000407000..0x0000000000413000)
[elf] load OK (user): type=ET_EXEC, 3 segment(s), base=0x0000000000000000, entry=0x0000000000400000, phdr=0x0000000000000000 (3 entries)
[proc] created pid=1 ppid=0 'usbtest-hub' entry=0x0000000000400000 rsp=0x00007fffffffff20 cr3=0x562000 kstack=0xffffd00000416270 argc=2 envc=1 cwd='/'
INFO: usbtest hub: no USB hub registered
INFO: usbtest hub: 2 USB dev(s) total: 2 root, 0 behind hub
SKIP: usbtest hub: no USB hub enumerated (try -device usb-hub)
[_exit] code=0 caller=0x00000000004015b4
[sys_exit] user requested exit, code=0 (0x0)
[proc] pid=1 'usbtest-hub' exit code=0 (0x0) cpu=0 ms syscalls=17
[proc] reaped pid=1, slot recycled
[boot] M26A: /bin/usbtest (pid=1) exit=0 (PASS)
[elf] phdr[0] LOAD vaddr=0x0000000000400000 memsz=0x51d5 filesz=0x51d5 flags=R-X U -> pages [0x0000000000400000..0x0000000000406000)
[elf] phdr[1] LOAD vaddr=0x0000000000406000 memsz=0xf98 filesz=0xf98 flags=R-- U -> pages [0x0000000000406000..0x0000000000407000)
[elf] phdr[2] LOAD vaddr=0x0000000000407000 memsz=0xb3d8 filesz=0x80 flags=RW- U -> pages [0x0000000000407000..0x0000000000413000)
[elf] load OK (user): type=ET_EXEC, 3 segment(s), base=0x0000000000000000, entry=0x0000000000400000, phdr=0x0000000000000000 (3 entries)
[proc] created pid=1 ppid=0 'usbtest-hotplug' entry=0x0000000000400000 rsp=0x00007fffffffff20 cr3=0x562000 kstack=0xffffd00000416270 argc=2 envc=1 cwd='/'
PASS: usbtest hotplug ring: ring=64 capacity=64 posted=2 drained=2 dropped=0
INFO: usbtest hotplug drain: no live events queued
[_exit] code=0 caller=0x00000000004015b4
[sys_exit] user requested exit, code=0 (0x0)
[proc] pid=1 'usbtest-hotplug' exit code=0 (0x0) cpu=0 ms syscalls=9
[proc] reaped pid=1, slot recycled
[boot] M26A: /bin/usbtest (pid=1) exit=0 (PASS)
[elf] phdr[0] LOAD vaddr=0x0000000000400000 memsz=0x51d5 filesz=0x51d5 flags=R-X U -> pages [0x0000000000400000..0x0000000000406000)
[elf] phdr[1] LOAD vaddr=0x0000000000406000 memsz=0xf98 filesz=0xf98 flags=R-- U -> pages [0x0000000000406000..0x0000000000407000)
[elf] phdr[2] LOAD vaddr=0x0000000000407000 memsz=0xb3d8 filesz=0x80 flags=RW- U -> pages [0x0000000000407000..0x0000000000413000)
[elf] load OK (user): type=ET_EXEC, 3 segment(s), base=0x0000000000000000, entry=0x0000000000400000, phdr=0x0000000000000000 (3 entries)
[proc] created pid=1 ppid=0 'usbtest-hid' entry=0x0000000000400000 rsp=0x00007fffffffff20 cr3=0x562000 kstack=0xffffd00000416270 argc=2 envc=1 cwd='/'
INFO: usbtest hid: 4 INPUT dev(s): 2 ps2 + 2 usb_hid
BUS     NAME             DRIVER       STAT   INFO
---     ----             ------       ----   ----
input   kbd0             ps2_kbd      PB---  PS/2 IRQ1 chars=0 irqs=0 caps=0
input   mouse0           ps2_mouse    PB---  PS/2 IRQ12 events=0 clicks=0 btn=0x00
input   uhid-kbd0        usb_hid_kbd  PB---  slot=1 iface=0 ep=0x81 mps=8 frames=0 presses=0 mod=0x00
input   uhid-mouse1      usb_hid_mouse PB---  slot=2 iface=0 ep=0x81 mps=4 frames=0 clicks=0 btn=0x00
PASS: usbtest hid input: ps2 kbd chars=0 irqs=0 (caps=0) | ps2 mouse events=0 clicks=0 | usb_hid devs=2 (kbd=1 mouse=1) frames=0
PASS: usbtest hid usb_hid: USB HID: 2 device(s) -- kbd=1 mouse=1 frames=0
[_exit] code=0 caller=0x00000000004015b4
[sys_exit] user requested exit, code=0 (0x0)
[proc] pid=1 'usbtest-hid' exit code=0 (0x0) cpu=0 ms syscalls=183
[proc] reaped pid=1, slot recycled
[boot] M26A: /bin/usbtest (pid=1) exit=0 (PASS)
[elf] phdr[0] LOAD vaddr=0x0000000000400000 memsz=0x51d5 filesz=0x51d5 flags=R-X U -> pages [0x0000000000400000..0x0000000000406000)
[elf] phdr[1] LOAD vaddr=0x0000000000406000 memsz=0xf98 filesz=0xf98 flags=R-- U -> pages [0x0000000000406000..0x0000000000407000)
[elf] phdr[2] LOAD vaddr=0x0000000000407000 memsz=0xb3d8 filesz=0x80 flags=RW- U -> pages [0x0000000000407000..0x0000000000413000)
[elf] load OK (user): type=ET_EXEC, 3 segment(s), base=0x0000000000000000, entry=0x0000000000400000, phdr=0x0000000000000000 (3 entries)
[proc] created pid=1 ppid=0 'usbtest-storage' entry=0x0000000000400000 rsp=0x00007fffffffff20 cr3=0x562000 kstack=0xffffd00000416270 argc=2 envc=1 cwd='/'
INFO: usbtest storage: 1 BLK dev(s): 1 disk + 0 part, 0 gone, 0 mounted
BUS     NAME             DRIVER       STAT   INFO
---     ----             ------       ----   ----
blk     ide0:master      disk         PB---  sectors=32768 (16384 KiB) class=1
SKIP: usbtest storage: no USB MSC slots (run with -device usb-storage)
INFO: usbtest storage: no live USB mount -- skipping FAT32 roundtrip
[_exit] code=0 caller=0x00000000004015b4
[sys_exit] user requested exit, code=0 (0x0)
[proc] pid=1 'usbtest-storage' exit code=0 (0x0) cpu=0 ms syscalls=116
[proc] reaped pid=1, slot recycled
[boot] M26A: /bin/usbtest (pid=1) exit=0 (PASS)
[elf] phdr[0] LOAD vaddr=0x0000000000400000 memsz=0x4615 filesz=0x4615 flags=R-X U -> pages [0x0000000000400000..0x0000000000405000)
[elf] phdr[1] LOAD vaddr=0x0000000000405000 memsz=0xb18 filesz=0xb18 flags=R-- U -> pages [0x0000000000405000..0x0000000000406000)
[elf] phdr[2] LOAD vaddr=0x0000000000406000 memsz=0x21d8 filesz=0x80 flags=RW- U -> pages [0x0000000000406000..0x0000000000409000)
[elf] load OK (user): type=ET_EXEC, 3 segment(s), base=0x0000000000000000, entry=0x0000000000400000, phdr=0x0000000000000000 (3 entries)
[proc] created pid=1 ppid=0 'audiotest-boot' entry=0x0000000000400000 rsp=0x00007fffffffff30 cr3=0x562000 kstack=0xffffd00000416270 argc=1 envc=1 cwd='/'
INFO: audiotest: no AUDIO bus devices reported by kernel
SKIP: audiotest controller: no HDA controller present (run with -device intel-hda)
SKIP: audiotest tone: no HDA controller -- run QEMU with -device intel-hda
INFO: audiotest: tone path skipped -- attach a codec via `-device hda-output` to exercise stream descriptors
[_exit] code=0 caller=0x0000000000400284
[sys_exit] user requested exit, code=0 (0x0)
[proc] pid=1 'audiotest-boot' exit code=0 (0x0) cpu=0 ms syscalls=15
[proc] reaped pid=1, slot recycled
[boot] M26A: /bin/audiotest (pid=1) exit=0 (PASS)
[elf] phdr[0] LOAD vaddr=0x0000000000400000 memsz=0x45e5 filesz=0x45e5 flags=R-X U -> pages [0x0000000000400000..0x0000000000405000)
[elf] phdr[1] LOAD vaddr=0x0000000000405000 memsz=0xc78 filesz=0xc78 flags=R-- U -> pages [0x0000000000405000..0x0000000000406000)
[elf] phdr[2] LOAD vaddr=0x0000000000406000 memsz=0x21d8 filesz=0x80 flags=RW- U -> pages [0x0000000000406000..0x0000000000409000)
[elf] load OK (user): type=ET_EXEC, 3 segment(s), base=0x0000000000000000, entry=0x0000000000400000, phdr=0x0000000000000000 (3 entries)
[proc] created pid=1 ppid=0 'batterytest-boot' entry=0x0000000000400000 rsp=0x00007fffffffff30 cr3=0x562000 kstack=0xffffd00000416270 argc=1 envc=1 cwd='/'
INFO: batterytest: no battery devices reported by kernel
INFO: batterytest: this is expected on desktops and on QEMU x86 without -fw_cfg name=opt/tobyos/battery_mock,...
SKIP: batterytest: no ACPI battery detected (desktop or QEMU default)
INFO: batterytest: kernel reports no battery; harness treats this as success
INFO: batterytest: to inject a mock battery in QEMU, add: -fw_cfg name=opt/tobyos/battery_mock,string=state=charging,percent=75,design=50000,remaining=37500,rate=1500
[_exit] code=0 caller=0x0000000000400254
[sys_exit] user requested exit, code=0 (0x0)
[proc] pid=1 'batterytest-boot' exit code=0 (0x0) cpu=0 ms syscalls=12
[proc] reaped pid=1, slot recycled
[boot] M26A: /bin/batterytest (pid=1) exit=0 (PASS)
[boot] M26A: userland 14 PASS / 0 FAIL / 0 missing of 14
[boot] M27A: driving display test harness (displayinfo + drawtest + rendertest)
[elf] phdr[0] LOAD vaddr=0x0000000000400000 memsz=0x48f5 filesz=0x48f5 flags=R-X U -> pages [0x0000000000400000..0x0000000000405000)
[elf] phdr[1] LOAD vaddr=0x0000000000405000 memsz=0xc38 filesz=0xc38 flags=R-- U -> pages [0x0000000000405000..0x0000000000406000)
[elf] phdr[2] LOAD vaddr=0x0000000000406000 memsz=0x358 filesz=0x80 flags=RW- U -> pages [0x0000000000406000..0x0000000000407000)
[elf] load OK (user): type=ET_EXEC, 3 segment(s), base=0x0000000000000000, entry=0x0000000000400000, phdr=0x0000000000000000 (3 entries)
[proc] created pid=1 ppid=0 'displayinfo-boot' entry=0x0000000000400000 rsp=0x00007fffffffff30 cr3=0x562000 kstack=0xffffd00000416270 argc=1 envc=1 cwd='/'
IDX NAME       BACKEND      RES        BPP   PITCH     FORMAT    ORIGIN       FLAGS
--- ----       -------      ---        ---   -----     ------    ------       -----
0   fb0        limine-fb    1280x800   32    5120      XRGB8888  (0,0)        P*A flips=6
PASS: displayinfo: 1 output(s); primary fb0 1280x800 backend=limine-fb layout=1280x800
[_exit] code=0 caller=0x0000000000400cd4
[sys_exit] user requested exit, code=0 (0x0)
[proc] pid=1 'displayinfo-boot' exit code=0 (0x0) cpu=0 ms syscalls=170
[proc] reaped pid=1, slot recycled
[boot] M27A: /bin/displayinfo (pid=1) exit=0 (PASS)
[elf] phdr[0] LOAD vaddr=0x0000000000400000 memsz=0x48f5 filesz=0x48f5 flags=R-X U -> pages [0x0000000000400000..0x0000000000405000)
[elf] phdr[1] LOAD vaddr=0x0000000000405000 memsz=0xc38 filesz=0xc38 flags=R-- U -> pages [0x0000000000405000..0x0000000000406000)
[elf] phdr[2] LOAD vaddr=0x0000000000406000 memsz=0x358 filesz=0x80 flags=RW- U -> pages [0x0000000000406000..0x0000000000407000)
[elf] load OK (user): type=ET_EXEC, 3 segment(s), base=0x0000000000000000, entry=0x0000000000400000, phdr=0x0000000000000000 (3 entries)
[proc] created pid=1 ppid=0 'displayinfo-json' entry=0x0000000000400000 rsp=0x00007fffffffff20 cr3=0x562000 kstack=0xffffd00000416270 argc=2 envc=1 cwd='/'
{"idx":0,"name":"fb0","backend":"limine-fb","backend_id":1,"width":1280,"height":800,"bpp":32,"pitch_bytes":5120,"pixel_format":1,"origin_x":0,"origin_y":0,"flags":"P*A","flips":6}
{"layout":{"x":0,"y":0,"w":1280,"h":800,"count":1}}
PASS: displayinfo: 1 output(s) layout=1280x800
[_exit] code=0 caller=0x0000000000400cd4
[sys_exit] user requested exit, code=0 (0x0)
[proc] pid=1 'displayinfo-json' exit code=0 (0x0) cpu=0 ms syscalls=48
[proc] reaped pid=1, slot recycled
[boot] M27A: /bin/displayinfo (pid=1) exit=0 (PASS)
[elf] phdr[0] LOAD vaddr=0x0000000000400000 memsz=0x4bb5 filesz=0x4bb5 flags=R-X U -> pages [0x0000000000400000..0x0000000000405000)
[elf] phdr[1] LOAD vaddr=0x0000000000405000 memsz=0xcb8 filesz=0xcb8 flags=R-- U -> pages [0x0000000000405000..0x0000000000406000)
[elf] phdr[2] LOAD vaddr=0x0000000000406000 memsz=0x4e8 filesz=0x80 flags=RW- U -> pages [0x0000000000406000..0x0000000000407000)
[elf] load OK (user): type=ET_EXEC, 3 segment(s), base=0x0000000000000000, entry=0x0000000000400000, phdr=0x0000000000000000 (3 entries)
[proc] created pid=1 ppid=0 'drawtest-boot' entry=0x0000000000400000 rsp=0x00007fffffffff30 cr3=0x562000 kstack=0xffffd00000416270 argc=1 envc=1 cwd='/'
[trace t=534 pid=1] window_create wid=1 owner_pid=1 size=320x240 pos=(60,40) title='drawtest'
PASS: drawtest: 49 primitive(s) ran cleanly; 320x240 window flipped
[_exit] code=0 caller=0x0000000000400f94
[sys_exit] user requested exit, code=0 (0x0)
[trace t=534 pid=1] window_close wid=1 owner_pid=1 title='drawtest'
[proc] pid=1 'drawtest-boot' exit code=0 (0x0) cpu=0 ms syscalls=61
[proc] reaped pid=1, slot recycled
[boot] M27A: /bin/drawtest (pid=1) exit=0 (PASS)
[elf] phdr[0] LOAD vaddr=0x0000000000400000 memsz=0x54c5 filesz=0x54c5 flags=R-X U -> pages [0x0000000000400000..0x0000000000406000)
[elf] phdr[1] LOAD vaddr=0x0000000000406000 memsz=0x11a8 filesz=0x11a8 flags=R-- U -> pages [0x0000000000406000..0x0000000000408000)
[elf] phdr[2] LOAD vaddr=0x0000000000408000 memsz=0x35c filesz=0x80 flags=RW- U -> pages [0x0000000000408000..0x0000000000409000)
[elf] load OK (user): type=ET_EXEC, 3 segment(s), base=0x0000000000000000, entry=0x0000000000400000, phdr=0x0000000000000000 (3 entries)
[proc] created pid=1 ppid=0 'rendertest-boot' entry=0x0000000000400000 rsp=0x00007fffffffff30 cr3=0x562000 kstack=0xffffd0000043f1b0 argc=1 envc=1 cwd='/'
[PASS] rendertest basic      -- fb0 1280x800 backend=limine-fb flips=6
[PASS] rendertest geometry   -- bpp=32 pitch=5120 (>=min 5120)
[trace t=537 pid=1] window_create wid=1 owner_pid=1 size=160x100 pos=(88,68) title='rt-prim'
[trace t=537 pid=1] window_close wid=1 owner_pid=1 title='rt-prim'
[PASS] rendertest primitives -- 5 primitives + flip + close OK
[trace t=537 pid=1] window_create wid=1 owner_pid=1 size=120x80 pos=(116,96) title='rt-back'
[trace t=537 pid=1] window_create wid=2 owner_pid=1 size=120x80 pos=(144,124) title='rt-front'
[trace t=537 pid=1] window_close wid=2 owner_pid=1 title='rt-front'
[trace t=537 pid=1] window_close wid=1 owner_pid=1 title='rt-back'
[PASS] rendertest overlap    -- two stacked 120x80 windows flipped + closed
[SKIP] rendertest cursor     -- compositor has not produced any frames yet (boot harness, cmp=0) -- skipping cursor advance check
[PASS] rendertest backend    -- backend=limine-fb id=1 (mapped=limine-fb) bpp=32 pitch=5120
[trace t=538 pid=1] window_create wid=1 owner_pid=1 size=320x220 pos=(172,152) title='rt-alpha'
[trace t=538 pid=1] window_close wid=1 owner_pid=1 title='rt-alpha'
[PASS] rendertest alpha      -- 6 ARGB overlays committed (3 translucent + 3 edge cases)
[SKIP] rendertest font       -- anti-aliased / large fonts arrive in M27D
[trace t=538 pid=1] window_create wid=1 owner_pid=1 size=160x100 pos=(200,180) title='rt-dirty'
[trace t=538 pid=1] window_close wid=1 owner_pid=1 title='rt-dirty'
[PASS] rendertest dirty      -- flips +0 (full+0 partial+0); compositor frames +0 (baseline: total=6 partial=2)
PASS: rendertest: pass=7 skip=2 fail=0 (total=9)
[_exit] code=0 caller=0x00000000004018a4
[sys_exit] user requested exit, code=0 (0x0)
[proc] pid=1 'rendertest-boot' exit code=0 (0x0) cpu=0 ms syscalls=152
[proc] reaped pid=1, slot recycled
[boot] M27A: /bin/rendertest (pid=1) exit=0 (PASS)
[elf] phdr[0] LOAD vaddr=0x0000000000400000 memsz=0x4416 filesz=0x4416 flags=R-X U -> pages [0x0000000000400000..0x0000000000405000)
[elf] phdr[1] LOAD vaddr=0x0000000000405000 memsz=0x920 filesz=0x920 flags=R-- U -> pages [0x0000000000405000..0x0000000000406000)
[elf] phdr[2] LOAD vaddr=0x0000000000406000 memsz=0x1dc filesz=0x80 flags=RW- U -> pages [0x0000000000406000..0x0000000000407000)
[elf] load OK (user): type=ET_EXEC, 3 segment(s), base=0x0000000000000000, entry=0x0000000000400000, phdr=0x0000000000000000 (3 entries)
[proc] created pid=1 ppid=0 'fonttest-boot' entry=0x0000000000400000 rsp=0x00007fffffffff30 cr3=0x562000 kstack=0xffffd0000048b1b0 argc=1 envc=1 cwd='/'
[trace t=541 pid=1] window_create wid=1 owner_pid=1 size=320x200 pos=(228,208) title='ft-bitmap'
[trace t=541 pid=1] window_close wid=1 owner_pid=1 title='ft-bitmap'
[PASS] fonttest bitmap     -- 8x8 legacy path
[trace t=541 pid=1] window_create wid=1 owner_pid=1 size=320x200 pos=(256,236) title='ft-s2'
[trace t=541 pid=1] window_close wid=1 owner_pid=1 title='ft-s2'
[PASS] fonttest scale2     -- 16x16 cell
[trace t=541 pid=1] window_create wid=1 owner_pid=1 size=320x200 pos=(284,264) title='ft-s4'
[trace t=541 pid=1] window_close wid=1 owner_pid=1 title='ft-s4'
[PASS] fonttest scale4     -- 32x32 cell
[trace t=541 pid=1] window_create wid=1 owner_pid=1 size=320x200 pos=(312,292) title='ft-sm'
[trace t=541 pid=1] window_close wid=1 owner_pid=1 title='ft-sm'
[PASS] fonttest smooth     -- 32x32 + corner smoothing
[trace t=541 pid=1] window_create wid=1 owner_pid=1 size=320x200 pos=(340,320) title='ft-mixed'
[trace t=542 pid=1] window_close wid=1 owner_pid=1 title='ft-mixed'
[PASS] fonttest mixed      -- letters/numbers/symbols + multiline
[trace t=542 pid=1] window_create wid=1 owner_pid=1 size=320x200 pos=(368,348) title='ft-clamp'
[trace t=542 pid=1] window_close wid=1 owner_pid=1 title='ft-clamp'
[PASS] fonttest clamp      -- scale=0 -> 1, scale=99 -> 32
[fonttest] 6/6 PASS (0 FAIL)
[_exit] code=0 caller=0x0000000000400664
[sys_exit] user requested exit, code=0 (0x0)
[proc] pid=1 'fonttest-boot' exit code=0 (0x0) cpu=0 ms syscalls=114
[proc] reaped pid=1, slot recycled
[boot] M27A: /bin/fonttest (pid=1) exit=0 (PASS)
[boot] M27A: display 5 PASS / 0 FAIL / 0 missing of 5
[display] 1 output(s) registered (primary idx=0) layout=1280x800@(0,0)
[INFO] display: fb0 (primary) 1280x800@(0,0) pitch=5120 bpp=32 fmt=1 backend=limine-fb flips=6
[boot] M28A: driving logging harness (slog ring + logview)
[5430] INFO  kernel   pid=0: M28A_TAG kernel info trace
[5430] WARN  fs       pid=0: M28A_TAG fs warn trace
[5430] ERROR net      pid=0: M28A_TAG net error trace
[5430] INFO  gui      pid=0: M28A_TAG gui info trace
[5430] INFO  driver   pid=0: M28A_TAG driver info trace
[5430] INFO  display  pid=0: M28A_TAG display info trace
[5430] INFO  audio    pid=0: M28A_TAG audio info trace
[5430] WARN  svc      pid=0: M28A_TAG svc warn trace
[5430] ERROR panic    pid=0: M28A_TAG panic-test (synthetic, no halt)
[boot] M28A: slog persist PASS path=/data/system.log
[boot] M28A: slog stats emitted=22 dropped=0 in_use=22 depth=256 err=2 warn=2 info=17 debug=1
[elf] phdr[0] LOAD vaddr=0x0000000000400000 memsz=0x4bff filesz=0x4bff flags=R-X U -> pages [0x0000000000400000..0x0000000000405000)
[elf] phdr[1] LOAD vaddr=0x0000000000405000 memsz=0xc70 filesz=0xc70 flags=R-- U -> pages [0x0000000000405000..0x0000000000406000)
[elf] phdr[2] LOAD vaddr=0x0000000000406000 memsz=0x101d8 filesz=0x80 flags=RW- U -> pages [0x0000000000406000..0x0000000000417000)
[elf] load OK (user): type=ET_EXEC, 3 segment(s), base=0x0000000000000000, entry=0x0000000000400000, phdr=0x0000000000000000 (3 entries)
[proc] created pid=1 ppid=0 'logview-boot' entry=0x0000000000400000 rsp=0x00007fffffffff20 cr3=0x562000 kstack=0xffffd0000048b1b0 argc=2 envc=1 cwd='/'
M28A_LOGVIEW: ring=22 tags=10 kernel=1 fs=1 net=1 gui=1 emitted=22 dropped=0 in_use=22 depth=256
SEQ     TIME(ms)   LEVEL SUB        PID   MESSAGE
-----   --------   ----- ---        ---   -------
13      5430       INFO  kernel     0     M28A_TAG kernel info trace
14      5430       WARN  fs         0     M28A_TAG fs warn trace
15      5430       ERROR net        0     M28A_TAG net error trace
16      5430       INFO  gui        0     M28A_TAG gui info trace
17      5430       INFO  driver     0     M28A_TAG driver info trace
18      5430       DEBUG proc       0     M28A_TAG proc debug trace (gated)
19      5430       INFO  display    0     M28A_TAG display info trace
20      5430       INFO  audio      0     M28A_TAG audio info trace
21      5430       WARN  svc        0     M28A_TAG svc warn trace
22      5430       ERROR panic      0     M28A_TAG panic-test (synthetic, no halt)
[5490] INFO  user     pid=1: M28A_TAG logview boot write
M28A_LOGVIEW: PASS
[_exit] code=0 caller=0x00000000004011d4
[sys_exit] user requested exit, code=0 (0x0)
[proc] pid=1 'logview-boot' exit code=0 (0x0) cpu=0 ms syscalls=412
[proc] reaped pid=1, slot recycled
[boot] M28A: /bin/logview (pid=1) exit=0 (PASS)
[boot] M28A: logging harness complete
[boot] M28B: crash dump present (1782 bytes) -- running crashinfo
[elf] phdr[0] LOAD vaddr=0x0000000000400000 memsz=0x4536 filesz=0x4536 flags=R-X U -> pages [0x0000000000400000..0x0000000000405000)
[elf] phdr[1] LOAD vaddr=0x0000000000405000 memsz=0xb70 filesz=0xb70 flags=R-- U -> pages [0x0000000000405000..0x0000000000406000)
[elf] phdr[2] LOAD vaddr=0x0000000000406000 memsz=0x401d8 filesz=0x80 flags=RW- U -> pages [0x0000000000406000..0x0000000000447000)
[elf] load OK (user): type=ET_EXEC, 3 segment(s), base=0x0000000000000000, entry=0x0000000000400000, phdr=0x0000000000000000 (3 entries)
[proc] created pid=1 ppid=0 'crashinfo-boot' entry=0x0000000000400000 rsp=0x00007fffffffff20 cr3=0x562000 kstack=0xffffd0000048b1b0 argc=2 envc=1 cwd='/'
M28B_CRASHINFO: header.magic=0x48535243 version=1 body_bytes=1590 boot_seq=1 pid=0
M28B_CRASHINFO: reason="crashtest: direct kpanic_self_test('kpanic')"
M28B_CRASHINFO: body_preview_begin
tobyOS crash dump
  panic at: src/panic.c:401
  reason  : crashtest: direct kpanic_self_test('kpanic')
  pid     : 0 (kernel_main)
  regs:
  rax=0000000000000000 rbx=ffffffff8005e828 rcx=ffffffff8005e828 rdx=ffffffff8006b845
  rsi=0000000000000191 rdi=ffffffff8005ea41 rbp=ffff800007f8cbc0 rsp=ffff800007f8b970
  r8 =ffffd00000483000 r9 =0000000000000000 r10=0000000000000008 r11=00000000000ee81a
  r12=ffffffff8006c900 r13=0000000000000001 r14=ffffffff8005ea41 r15=0000000000000191
  rip=ffffffff8000805d rfl=0000000000000097
  cr0=0000000080010011 cr2=0000000000000000 cr3=0000000000062000 cr4=0000
M28B_CRASHINFO: body_preview_end
M28B_CRASHINFO: heuristics regs=1 slog=1
M28B_CRASHINFO: PASS
[_exit] code=0 caller=0x0000000000400ef4
[sys_exit] user requested exit, code=0 (0x0)
[proc] pid=1 'crashinfo-boot' exit code=0 (0x0) cpu=0 ms syscalls=628
[proc] reaped pid=1, slot recycled
[boot] M28B: /bin/crashinfo (pid=1) exit=0 (PASS)
[boot] M28E: /data mounted -- spawning /bin/fscheck --boot
[elf] phdr[0] LOAD vaddr=0x0000000000400000 memsz=0x44f9 filesz=0x44f9 flags=R-X U -> pages [0x0000000000400000..0x0000000000405000)
[elf] phdr[1] LOAD vaddr=0x0000000000405000 memsz=0xb80 filesz=0xb80 flags=R-- U -> pages [0x0000000000405000..0x0000000000406000)
[elf] phdr[2] LOAD vaddr=0x0000000000406000 memsz=0x1d8 filesz=0x80 flags=RW- U -> pages [0x0000000000406000..0x0000000000407000)
[elf] load OK (user): type=ET_EXEC, 3 segment(s), base=0x0000000000000000, entry=0x0000000000400000, phdr=0x0000000000000000 (3 entries)
[proc] created pid=1 ppid=0 'fscheck-boot' entry=0x0000000000400000 rsp=0x00007fffffffff10 cr3=0x562000 kstack=0xffffd0000048b1b0 argc=3 envc=1 cwd='/'
M28E_FSCHECK: path=/data fs_type=tobyfs status=OK errors_found=0 errors_repaired=0 total_bytes=4194304 free_bytes=4124672
M28E_FSCHECK: detail=""
M28E_FSCHECK: PASS
[_exit] code=0 caller=0x0000000000400e34
[sys_exit] user requested exit, code=0 (0x0)
[proc] pid=1 'fscheck-boot' exit code=0 (0x0) cpu=0 ms syscalls=21
[proc] reaped pid=1, slot recycled
[boot] M28E: /bin/fscheck (pid=1) exit=0 (PASS)
[elf] phdr[0] LOAD vaddr=0x0000000000400000 memsz=0x45b2 filesz=0x45b2 flags=R-X U -> pages [0x0000000000400000..0x0000000000405000)
[elf] phdr[1] LOAD vaddr=0x0000000000405000 memsz=0xd38 filesz=0xd38 flags=R-- U -> pages [0x0000000000405000..0x0000000000406000)
[elf] phdr[2] LOAD vaddr=0x0000000000406000 memsz=0x1d8 filesz=0x80 flags=RW- U -> pages [0x0000000000406000..0x0000000000407000)
[elf] load OK (user): type=ET_EXEC, 3 segment(s), base=0x0000000000000000, entry=0x0000000000400000, phdr=0x0000000000000000 (3 entries)
[proc] created pid=1 ppid=0 'services-boot' entry=0x0000000000400000 rsp=0x00007fffffffff20 cr3=0x562000 kstack=0xffffd0000048b1b0 argc=2 envc=1 cwd='/'
M28F_SERVICES: name=input state=running kind=builtin pid=0 rcnt=0 ccnt=0 last_exit=0 backoff_until_ms=0
M28F_SERVICES: name=network state=running kind=builtin pid=0 rcnt=0 ccnt=0 last_exit=0 backoff_until_ms=0
M28F_SERVICES: name=desktop state=running kind=builtin pid=0 rcnt=0 ccnt=0 last_exit=0 backoff_until_ms=0
M28F_SERVICES: name=session state=running kind=builtin pid=0 rcnt=0 ccnt=0 last_exit=0 backoff_until_ms=0
M28F_SERVICES: name=login state=running kind=program pid=0 rcnt=1 ccnt=0 last_exit=0 backoff_until_ms=0
M28F_SERVICES: PASS (registry has 5 records, no crash test)
[_exit] code=0 caller=0x0000000000400ed4
[sys_exit] user requested exit, code=0 (0x0)
[proc] pid=1 'services-boot' exit code=0 (0x0) cpu=0 ms syscalls=91
[proc] reaped pid=1, slot recycled
[boot] M28F: /bin/services (pid=1) exit=0 (PASS)
[elf] phdr[0] LOAD vaddr=0x0000000000400000 memsz=0x4987 filesz=0x4987 flags=R-X U -> pages [0x0000000000400000..0x0000000000405000)
[elf] phdr[1] LOAD vaddr=0x0000000000405000 memsz=0xdf0 filesz=0xdf0 flags=R-- U -> pages [0x0000000000405000..0x0000000000406000)
[elf] phdr[2] LOAD vaddr=0x0000000000406000 memsz=0x1d8 filesz=0x80 flags=RW- U -> pages [0x0000000000406000..0x0000000000407000)
[elf] load OK (user): type=ET_EXEC, 3 segment(s), base=0x0000000000000000, entry=0x0000000000400000, phdr=0x0000000000000000 (3 entries)
[proc] created pid=1 ppid=0 'stabilitytest-boot' entry=0x0000000000400000 rsp=0x00007fffffffff20 cr3=0x562000 kstack=0xffffd0000048b1b0 argc=2 envc=1 cwd='/'
M28G_STAB: probe=boot verdict=PASS
M28G_STAB: probe=log verdict=PASS
M28G_STAB: probe=panic verdict=PASS
M28G_STAB: probe=watchdog verdict=PASS
M28G_STAB: probe=filesystem verdict=PASS
M28G_STAB: probe=services verdict=PASS
M28G_STAB: probe=gui verdict=PASS
M28G_STAB: probe=terminal verdict=PASS
M28G_STAB: probe=network verdict=PASS
M28G_STAB: probe=input verdict=PASS
M28G_STAB: probe=safe_mode verdict=PASS
M28G_STAB: probe=display verdict=PASS
M28G_STAB: detail=boot:normal log:emit=23 drop=0 panic:ready wdog:age=0/to=10000 fs:ok i=10/256 b=6/1013 svc:n=5 bad=0 gui:active term:ok net:up input:up safe:ready disp:1 
M28G_STAB: stress=skipped safe_mode=0 boot_ms=2756
M28G_STAB: PASS pass=12 fail=0
[_exit] code=0 caller=0x00000000004011d4
[sys_exit] user requested exit, code=0 (0x0)
[proc] pid=1 'stabilitytest-boot' exit code=0 (0x0) cpu=0 ms syscalls=78
[proc] reaped pid=1, slot recycled
[boot] M28G: /bin/stabilitytest --boot pid=1 exit=0 (PASS)
[5650] INFO  kernel   pid=0: M28G stability self-test PASS (pid=1)
[trace t=565 pid=0] drain_launch_queue: spawning '/bin/login' sandbox='default'
[elf] phdr[0] LOAD vaddr=0x0000000000400000 memsz=0xe11 filesz=0xe11 flags=R-X U -> pages [0x0000000000400000..0x0000000000401000)
[elf] phdr[1] LOAD vaddr=0x0000000000401000 memsz=0x194 filesz=0x194 flags=R-- U -> pages [0x0000000000401000..0x0000000000402000)
[elf] phdr[2] LOAD vaddr=0x0000000000402000 memsz=0x30 filesz=0x18 flags=RW- U -> pages [0x0000000000402000..0x0000000000403000)
[elf] load OK (user): type=ET_EXEC, 3 segment(s), base=0x0000000000000000, entry=0x0000000000400000, phdr=0x0000000000000000 (3 entries)
[proc] created pid=1 ppid=0 'login' entry=0x0000000000400000 rsp=0x00007fffffffff50 cr3=0x562000 kstack=0xffffd0000048b1b0 argc=0 envc=0 cwd='/'
[cap] pid=1 'login' sandbox='default' caps=FILE_READ,FILE_WRITE,EXEC,NET,GUI,TERM,SETTINGS_WRITE root=(none)
[trace t=567 pid=0] track_pid pid=1 slot=0
[gui] launched /bin/login as pid 1 (session=0)
[trace t=567 pid=0] drain_launch_queue: spawned '/bin/login' as pid=1 session=0
[svc] 'login' pid=1 (backfilled)
[trace t=567 pid=0] heartbeat windows=0 apps_alive=1 cursor=(640,400) btn=0x00 dirty=1 menu=0 desktop=1
[trace t=568 pid=1] window_create wid=1 owner_pid=1 size=380x220 pos=(396,376) title='tobyOS login'
