[boot] serial up
[boot] framebuffer: 1280x800 pitch=5120 bpp=32 addr=0xffff8000fd000000
[boot] console up
[gdt] loaded: base=0xffffffff80055500 limit=55 entries=7
[gdt] CS=0x08 DS=0x10 (expected CS=0x08 DS=0x10)
[gdt] user CS=0x23 DS=0x1b  TSS sel=0x28 (TSS slot empty until tss_init)
[idt] loaded: base=0xffffffff80055550 limit=4095 (256 gates wired)
[boot] firing int3 to exercise IDT round-trip...
[isr] breakpoint hit at rip=0xffffffff8000107b (rflags=0x82)
[boot] int3 returned cleanly, IDT round-trip OK
[pit] channel 0 -> 100 Hz (divisor=11931)
[kbd] PS/2 driver up (IRQ1 unmasked)
[boot] interrupts enabled (IRQ0 timer + IRQ1 keyboard, via legacy PIC for early boot)
[perf] TSC calibrated: 4301 MHz (215087505 cycles in 50000000 ns)
[boot] HHDM offset = 0xffff800000000000
[pmm] Limine memmap (19 entries):
  0x0000000000001000..0x0000000000061000       384 KiB  bootloader
  0x0000000000061000..0x000000000009f000       248 KiB  usable
  0x000000000009fc00..0x00000000000a0000         1 KiB  reserved
  0x00000000000f0000..0x0000000000100000        64 KiB  reserved
  0x0000000000100000..0x00000000079f2000    123848 KiB  usable
  0x00000000079f2000..0x0000000007df2000      4096 KiB  kernel
  0x0000000007df2000..0x0000000007df3000         4 KiB  bootloader
  0x0000000007df3000..0x0000000007e57000       400 KiB  kernel
  0x0000000007e57000..0x0000000007e58000         4 KiB  bootloader
  0x0000000007e58000..0x0000000007e5b000        12 KiB  usable
  0x0000000007e5b000..0x0000000007e61000        24 KiB  bootloader
  0x0000000007e61000..0x0000000007ee4000       524 KiB  kernel
  0x0000000007ee4000..0x0000000007f4b000       412 KiB  bootloader
  0x0000000007f4b000..0x0000000007f66000       108 KiB  usable
  0x0000000007f66000..0x0000000007fe0000       488 KiB  bootloader
  0x0000000007fe0000..0x0000000008000000       128 KiB  reserved
  0x00000000fd000000..0x00000000fd3e8000      4000 KiB  framebuffer
  0x00000000fffc0000..0x0000000100000000       256 KiB  reserved
  0x000000fd00000000..0x0000010000000000  12582912 KiB  reserved
[pmm] managed:  32614 pages (127 MiB) up to 0x0000000007f66000
[pmm] usable:   124216 KiB across 19 regions
[pmm] bitmap:   4077 bytes at phys 0x0000000000061000 (virt 0xffff800000061000), 1 pages
[pmm] free:     31053 pages (121 MiB) -- used: 1561 pages
[pmm] test: allocated 0x0000000000062000 0x0000000000063000 0x0000000000064000 0x0000000000065000 (free now=31049)
[pmm] test: read-back a=0xdeadbeefcafebabe d=0x1122334455667788
[pmm] test: alloc/free balanced (free=31053 before & after)
[boot] reserved AP trampoline page at phys 0x0000000000070000
[vmm] kernel image: virt 0xffffffff80000000..0xffffffff80083000 -> phys 0x0000000007e61000 (524 KiB)
[vmm] hhdm mirror:  132 MiB across memmap, top phys 0x00000000fd400000, 2M pages
[vmm] new PML4 at phys 0x0000000000062000, switching CR3...
[vmm] CR3 switched. Running on tobyOS page tables.
[vmm] test: __text_start 0xffffffff80001000 -> phys 0x0000000007e62000
[vmm] test: __data_start 0xffffffff80055000 -> phys 0x0000000007eb6000
[vmm] test: HHDM r/w through new PML4 at phys 0x0000000000069000 OK
[vmm] test: new mapping at 0xffffc00000000000 <-> phys 0x0000000000069000 verified
[vmm] test: unmap clears translation, scratch page freed
[vmm] test: ok
[heap] up: initial arena 17 pages (67 KiB)
[heap] start: arenas=1 total=69600 used=0 free=69600  brk=0xffffd00000011000 (region 0xffffd00000000000..0xffffd10000000000)
[heap] after 8 allocs: arenas=2 used=85616 free=65872 allocs=8
[heap] after 8 frees: arenas=2 used=0 free=151488 frees=8
[heap] test: ok (region OK, fragmented 80 KiB alloc OK, round-trip balanced, kcalloc zero-verified)
[heap] brk now 0xffffd00000025000 (148 KiB virt consumed)
[tss] installed: tss=0xffffffff8005c300 rsp0=0xffffffff8005c300 (irq stack 16 KiB)
[sys] EFER.SCE on, STAR=0x0010000800000000, LSTAR=0xffffffff8003f520, FMASK=0x700
[sys] kernel syscall rsp = 0xffffffff8005c300
[sys] available syscalls: 0=exit  1=write  2=read  3=pipe  4=close  5=yield
[sys]                     6=socket 7=bind 8=sendto 9=recvfrom
[sys]                     10=gui_create 11=gui_fill 12=gui_text 13=gui_flip 14=gui_poll_event
[sys]                     15=term_open 16=term_write 17=term_read 18=fs_readdir 19=fs_readfile 20=exec
[sys]                     21=setting_get 22=setting_set 23=login 24=logout 25=session_info
[sys]                     26=getuid 27=getgid 28=username 29=chmod 30=chown
[sys]   M25A: 31=getpid 32=getppid 33=spawn 34=waitpid 35=open 36=lseek 37=stat 38=fstat
[sys]         39=dup 40=dup2 41=unlink 42=mkdir 43=brk 44=getcwd 45=chdir 46=getenv
[sys]         47=nanosleep 48=clock_ms 49=abi_version (ABI v1)
[acpi] using RSDT @ 0x0000000007fe244c (entries=4)
[acpi] MADT: lapic_phys (32-bit field) = 0x00000000fee00000, legacy_pic=yes
[acpi]   CPU0: acpi_id=0 apic_id=0 flags=0x1 enabled 
[acpi]   CPU1: acpi_id=1 apic_id=1 flags=0x1 enabled 
[acpi]   CPU2: acpi_id=2 apic_id=2 flags=0x1 enabled 
[acpi]   CPU3: acpi_id=3 apic_id=3 flags=0x1 enabled 
[acpi]   IOAPIC 0: mmio=0x00000000fec00000 gsi_base=0
[acpi]   ISO: ISA IRQ0 -> GSI 2 (flags=0x0)
[acpi]   ISO: ISA IRQ5 -> GSI 5 (flags=0xd)
[acpi]   ISO: ISA IRQ9 -> GSI 9 (flags=0xd)
[acpi]   ISO: ISA IRQ10 -> GSI 10 (flags=0xd)
[acpi]   ISO: ISA IRQ11 -> GSI 11 (flags=0xd)
[acpi]   LAPIC NMI: acpi_proc=255 lint=1 flags=0x0
[acpi] enumerated 4 CPU(s) (SMP), 1 IO APIC(s), 5 override(s), 1 NMI source(s)
[acpi] FADT: pm1a_cnt=0x604 pm1b_cnt=0x0 smi_cmd=0xb2 acpi_enable=0xf1 sci_int=9
[acpi] FADT: reset_reg not supported (flags=0x80a5)
[acpi] DSDT _S5_: SLP_TYPa=0 SLP_TYPb=0 (DSDT 8872 bytes)
[apic] BSP local APIC: phys=0x00000000fee00000 virt=0xffffd20000000000 id=0 ver=0x14
[apic] SVR=0x1ff  spurious_vec=0xff  timer_vec=0x40 (masked)
[apic] timer calibrated: ~11122800 ticks/10ms (~1112280 kHz, ~1112280000 Hz/sec)
[ioapic] chip 0: phys=0x00000000fec00000 virt=0xffffd20000010000 gsi=[0..23] ver=0x20 entries=24
[irq]   re-route ISA IRQ 0 -> GSI 2 vec=0x20 edge/ahigh
[irq]   re-route ISA IRQ 1 (identity, edge/ahigh) -> vec=0x21
[irq] facade: switched to IO APIC mode (2 IRQs re-routed)
[pci] enumerating bus 0...
[pci] 6 device(s):
[pci] 00:00.0  8086:1237  bridge.host       
[pci] 00:01.0  8086:7000  bridge.isa        
[pci] 00:01.1  8086:7010  storage.ide         BAR4 io 16
[pci] 00:01.3  8086:7113  bridge              IRQ 9
[pci] 00:02.0  1234:1111  display.vga         BAR0 mem 16384K  BAR2 mem 4K
[pci] 00:03.0  8086:100e  network.ethernet    IRQ 11  BAR0 mem 128K  BAR1 io 64
[ata] primary master: 32768 sectors (16384 KiB) -- PIO LBA28 (PCI 00:01.1)
[blk] registered 'ide0:master' [disk] (32768 sectors, 16384 KiB)
[pci] driver blk_ata  bound to 00:01.1  (8086:7010)
[e1000] probing 00:03.0  (vid:did 8086:100e)
[e1000] MMIO BAR0 phys=0x00000000febc0000 virt=0xffff8000febc0000 (128 KiB UC)
[e1000] no MSI cap -- staying polled (vec 0x50 is now idle)
[net] +nic e1000:00:03.0 mac=52:54:00:12:34:56 (slot 0)
[pci] driver e1000    bound to 00:03.0  (8086:100e)
[pci] bind complete -- 2 of 6 device(s) bound  (2 newly this pass)
[blk] 1 device(s) registered:
  [0] ide0:master          disk    32768 sectors ( 16384 KiB)
[net] 1 nic(s) registered:
  [0] e1000:00:03.0 mac=52:54:00:12:34:56
[boot] Limine modules (2):
  [0] /boot/initrd.tar  size=409600  addr=0xffff800007df3000
  [1] /boot/install.img  size=4194304  addr=0xffff8000079f2000
[initrd] using '/boot/initrd.tar' (size=409600, addr=0xffff800007df3000)
[ramfs] mounted: 25 entries from 409600-byte tar at 0xffff800007df3000
  - bin/hello                         8848 B  data@0xffff800007df3200
  - bin/bad                           8800 B  data@0xffff800007df5800
  - bin/echo                          13032 B  data@0xffff800007df7e00
  - bin/cat                           8864 B  data@0xffff800007dfb400
  - bin/long_task                     8864 B  data@0xffff800007dfda00
  - bin/netecho                       17232 B  data@0xffff800007e00000
  - bin/gui_demo                      13080 B  data@0xffff800007e04600
  - bin/gui_clock                     13032 B  data@0xffff800007e07c00
  - bin/gui_widgets                   13672 B  data@0xffff800007e0b200
  - bin/gui_about                     13632 B  data@0xffff800007e0ea00
  - bin/gui_term                      13232 B  data@0xffff800007e12200
  - bin/gui_files                     13624 B  data@0xffff800007e15800
  - bin/gui_viewer                    13304 B  data@0xffff800007e19000
  - bin/login                         13664 B  data@0xffff800007e1c600
  - bin/gui_settings                  13760 B  data@0xffff800007e1fe00
  - bin/abi_test                      13064 B  data@0xffff800007e23600
  - bin/c_hello                       29648 B  data@0xffff800007e26c00
  - bin/c_args                        29648 B  data@0xffff800007e2e200
  - bin/c_filedemo                    33744 B  data@0xffff800007e35800
  - bin/c_alloctest                   33744 B  data@0xffff800007e3de00
  - bin/c_envtest                     34104 B  data@0xffff800007e46400
  - repo/helloapp.tpkg                13977 B  data@0xffff800007e4ec00
  - repo/helloapp_v2.tpkg             14034 B  data@0xffff800007e52600
  - etc/motd                          297 B  data@0xffff800007e56000
  - readme.txt                        922 B  data@0xffff800007e56400
[tobyfs] mounted '/data' on ide0:master: 7/255 inodes, 3/1013 data blocks (4040 KiB free)
[boot] mounted /data on whole disk 'ide0:master' (legacy LBA-0 layout)
[boot] no FAT32 partition discovered -- /fat unmounted
[boot] no FAT32-on-USB discovered -- /usb unmounted
[boot] no ext4 partition discovered -- /ext unmounted
[installer] live install image registered: 4194304 bytes @ 0xffff8000079f2000
[vfs] mount table (2 entries):
  /            -> ops=0xffffffff800515b0 mnt=0xffffffff8005d8e0
  /data        -> ops=0xffffffff80051b60 mnt=0xffffd00000011f20
[proc] table initialised (16 slots), pid 0 = 'kernel_main' RUNNING
[sched] per-CPU round-robin scheduler ready (BSP cur=pid 0)
[signal] subsystem up (SIGINT=2, SIGTERM=15)
[boot] spawning first userspace process from /bin/hello...
[elf] phdr[0] LOAD vaddr=0x0000000000400000 memsz=0x34 filesz=0x34 flags=R-X U -> pages [0x0000000000400000..0x0000000000401000)
[elf] phdr[1] LOAD vaddr=0x0000000000401000 memsz=0x45 filesz=0x45 flags=R-- U -> pages [0x0000000000401000..0x0000000000402000)
[elf] load OK (user): 2 segment(s), entry=0x0000000000400000
[proc] created pid=1 ppid=0 'hello-boot' entry=0x0000000000400000 rsp=0x00007fffffffffd0 cr3=0x13c000 kstack=0xffffd00000018140 argc=0 envc=0 cwd='/'
hello from user mode
user_hello: about to SYS_EXIT(0x55)
[sys_exit] user requested exit, code=85 (0x55)
[proc] pid=1 'hello-boot' exit code=85 (0x55) cpu=0 ms syscalls=3
[proc] reaped pid=1, slot recycled
[boot] /bin/hello (pid=1) finished, exit code=85 (0x55)
[elf] phdr[0] LOAD vaddr=0x0000000000400000 memsz=0xd22 filesz=0xd22 flags=R-X U -> pages [0x0000000000400000..0x0000000000401000)
[elf] phdr[1] LOAD vaddr=0x0000000000401000 memsz=0x374 filesz=0x374 flags=R-- U -> pages [0x0000000000401000..0x0000000000402000)
[elf] phdr[2] LOAD vaddr=0x0000000000402000 memsz=0x18 filesz=0x18 flags=RW- U -> pages [0x0000000000402000..0x0000000000403000)
[elf] load OK (user): 3 segment(s), entry=0x0000000000400000
[proc] created pid=1 ppid=0 'abi-test-boot' entry=0x0000000000400000 rsp=0x00007fffffffffd0 cr3=0x13c000 kstack=0xffffd00000018140 argc=0 envc=0 cwd='/'
[abi-test] starting Milestone 25A ABI surface check
[abi-test] argc = 0
[abi-test] abi_version = 1
[abi-test] pid = 1
[abi-test] ppid = 0
[abi-test] clock_ms_delta = 1
[abi-test] cwd_len = 1
[abi-test] cwd = /
[abi-test] brk_initial = 268435456
[abi-test] brk_after_grow = 268451840
[abi-test] heap pages writable + zero-initialised OK
[abi-test] open_fd = 3
[abi-test] write_bytes = 10
[abi-test] lseek_set = 0
[abi-test] read_bytes = 10
[abi-test] fstat_rc = 0
[abi-test] fstat_size = 10
[abi-test] fstat_mode = 33188
[abi-test] stat_rc = 0
[abi-test] stat_size = 10
[abi-test] dup_fd = 4
[abi-test] dup2_fd = 9
[abi-test] unlink_rc = 0
[abi-test] chdir_rc = 0
[abi-test] new cwd = /data/abi_test_dir
[abi-test] getenv_PATH_rc = 0
[abi-test] ALL OK
[sys_exit] user requested exit, code=0 (0x0)
[proc] pid=1 'abi-test-boot' exit code=0 (0x0) cpu=0 ms syscalls=152
[proc] reaped pid=1, slot recycled
[boot] M25A: /bin/abi_test (pid=1) finished, exit code=0 (PASS)
[elf] phdr[0] LOAD vaddr=0x0000000000400000 memsz=0x3ed6 filesz=0x3ed6 flags=R-X U -> pages [0x0000000000400000..0x0000000000404000)
[elf] phdr[1] LOAD vaddr=0x0000000000404000 memsz=0x7d0 filesz=0x7d0 flags=R-- U -> pages [0x0000000000404000..0x0000000000405000)
[elf] phdr[2] LOAD vaddr=0x0000000000405000 memsz=0x1cc filesz=0x80 flags=RW- U -> pages [0x0000000000405000..0x0000000000406000)
[elf] load OK (user): 3 segment(s), entry=0x0000000000400000
[proc] created pid=1 ppid=0 'c_hello-boot' entry=0x0000000000400000 rsp=0x00007fffffffffd0 cr3=0x13c000 kstack=0xffffd00000018140 argc=0 envc=0 cwd='/'
[c_hello] hello from libtoby (argc=0)
[c_hello] ALL OK
[_exit] code=0 caller=0x0000000000400124
[sys_exit] user requested exit, code=0 (0x0)
[proc] pid=1 'c_hello-boot' exit code=0 (0x0) cpu=0 ms syscalls=6
[proc] reaped pid=1, slot recycled
[boot] M25B: /bin/c_hello (pid=1) exit=0 (PASS)
[elf] phdr[0] LOAD vaddr=0x0000000000400000 memsz=0x3fe6 filesz=0x3fe6 flags=R-X U -> pages [0x0000000000400000..0x0000000000404000)
[elf] phdr[1] LOAD vaddr=0x0000000000404000 memsz=0x860 filesz=0x860 flags=R-- U -> pages [0x0000000000404000..0x0000000000405000)
[elf] phdr[2] LOAD vaddr=0x0000000000405000 memsz=0x1cc filesz=0x80 flags=RW- U -> pages [0x0000000000405000..0x0000000000406000)
[elf] load OK (user): 3 segment(s), entry=0x0000000000400000
[proc] created pid=1 ppid=0 'c_args-boot' entry=0x0000000000400000 rsp=0x00007fffffffffd0 cr3=0x13c000 kstack=0xffffd00000018140 argc=0 envc=0 cwd='/'
[c_args] argc=0
[c_args] envc=0
[c_args] getenv("HOME") = (unset)
[c_args] __toby_argc=0 __toby_argv=0x7fffffffffd8 __toby_envp=0x7fffffffffe0
[c_args] ALL OK
[_exit] code=0 caller=0x0000000000400234
[sys_exit] user requested exit, code=0 (0x0)
[proc] pid=1 'c_args-boot' exit code=0 (0x0) cpu=0 ms syscalls=21
[proc] reaped pid=1, slot recycled
[boot] M25B: /bin/c_args (pid=1) exit=0 (PASS)
[elf] phdr[0] LOAD vaddr=0x0000000000400000 memsz=0x41a6 filesz=0x41a6 flags=R-X U -> pages [0x0000000000400000..0x0000000000405000)
[elf] phdr[1] LOAD vaddr=0x0000000000405000 memsz=0xa30 filesz=0xa30 flags=R-- U -> pages [0x0000000000405000..0x0000000000406000)
[elf] phdr[2] LOAD vaddr=0x0000000000406000 memsz=0x1d8 filesz=0x80 flags=RW- U -> pages [0x0000000000406000..0x0000000000407000)
[elf] load OK (user): 3 segment(s), entry=0x0000000000400000
[proc] created pid=1 ppid=0 'c_filedemo-boot' entry=0x0000000000400000 rsp=0x00007fffffffffd0 cr3=0x13c000 kstack=0xffffd00000018140 argc=0 envc=0 cwd='/'
[c_filedemo] file size = 45 bytes (expected 45)
[c_filedemo] readback first 45 chars: hello from c_filedemo
second lin...
[c_filedemo] ALL OK
[_exit] code=0 caller=0x0000000000400b64
[sys_exit] user requested exit, code=0 (0x0)
[proc] pid=1 'c_filedemo-boot' exit code=0 (0x0) cpu=0 ms syscalls=31
[proc] reaped pid=1, slot recycled
[boot] M25B: /bin/c_filedemo (pid=1) exit=0 (PASS)
[elf] phdr[0] LOAD vaddr=0x0000000000400000 memsz=0x43f6 filesz=0x43f6 flags=R-X U -> pages [0x0000000000400000..0x0000000000405000)
[elf] phdr[1] LOAD vaddr=0x0000000000405000 memsz=0x910 filesz=0x910 flags=R-- U -> pages [0x0000000000405000..0x0000000000406000)
[elf] phdr[2] LOAD vaddr=0x0000000000406000 memsz=0x1cc filesz=0x80 flags=RW- U -> pages [0x0000000000406000..0x0000000000407000)
[elf] load OK (user): 3 segment(s), entry=0x0000000000400000
[proc] created pid=1 ppid=0 'c_alloctest-boot' entry=0x0000000000400000 rsp=0x00007fffffffffd0 cr3=0x13c000 kstack=0xffffd00000018140 argc=0 envc=0 cwd='/'
[c_alloctest] ALL OK
[_exit] code=0 caller=0x0000000000400db4
[sys_exit] user requested exit, code=0 (0x0)
[proc] pid=1 'c_alloctest-boot' exit code=0 (0x0) cpu=0 ms syscalls=9
[proc] reaped pid=1, slot recycled
[boot] M25B: /bin/c_alloctest (pid=1) exit=0 (PASS)
[boot] M25B: libtoby demos 4/4 PASS
[elf] phdr[0] LOAD vaddr=0x0000000000400000 memsz=0x3fe6 filesz=0x3fe6 flags=R-X U -> pages [0x0000000000400000..0x0000000000404000)
[elf] phdr[1] LOAD vaddr=0x0000000000404000 memsz=0x860 filesz=0x860 flags=R-- U -> pages [0x0000000000404000..0x0000000000405000)
[elf] phdr[2] LOAD vaddr=0x0000000000405000 memsz=0x1cc filesz=0x80 flags=RW- U -> pages [0x0000000000405000..0x0000000000406000)
[elf] load OK (user): 3 segment(s), entry=0x0000000000400000
[proc] created pid=1 ppid=0 'c_args-spec' entry=0x0000000000400000 rsp=0x00007fffffffff60 cr3=0x13c000 kstack=0xffffd00000018140 argc=4 envc=3 cwd='/'
[c_args] argc=4
[c_args]   argv[0] = "c_args"
[c_args]   argv[1] = "alpha"
[c_args]   argv[2] = "beta"
[c_args]   argv[3] = "gamma"
[c_args] envc=3
[c_args]   envp[0] = "PATH=/bin"
[c_args]   envp[1] = "TEST_PHASE=25C"
[c_args]   envp[2] = "BUILD=ok"
[c_args] getenv("HOME") = (unset)
[c_args] __toby_argc=4 __toby_argv=0x7fffffffff68 __toby_envp=0x7fffffffff90
[c_args] ALL OK
[_exit] code=0 caller=0x0000000000400234
[sys_exit] user requested exit, code=0 (0x0)
[proc] pid=1 'c_args-spec' exit code=0 (0x0) cpu=0 ms syscalls=56
[proc] reaped pid=1, slot recycled
[boot] M25C: /bin/c_args (pid=1, argc=4 envc=3) exit=0 (PASS)
[elf] phdr[0] LOAD vaddr=0x0000000000400000 memsz=0x4ae6 filesz=0x4ae6 flags=R-X U -> pages [0x0000000000400000..0x0000000000405000)
[elf] phdr[1] LOAD vaddr=0x0000000000405000 memsz=0xde0 filesz=0xde0 flags=R-- U -> pages [0x0000000000405000..0x0000000000406000)
[elf] phdr[2] LOAD vaddr=0x0000000000406000 memsz=0x1f8 filesz=0xa0 flags=RW- U -> pages [0x0000000000406000..0x0000000000407000)
[elf] load OK (user): 3 segment(s), entry=0x0000000000400000
[proc] created pid=1 ppid=0 'c_envtest-boot' entry=0x0000000000400000 rsp=0x00007fffffffff80 cr3=0x13c000 kstack=0xffffd00000018140 argc=1 envc=3 cwd='/'
[c_envtest][build] M25C-debug-rev3 alive
[c_envtest] argc=1 argv[0]='c_envtest'
[c_envtest] environ has 3 initial entries
[c_envtest] getenv(PATH) = /bin
[c_envtest][diag] BEFORE system
[c_envtest] system("c_hello") starting...
[elf] phdr[0] LOAD vaddr=0x0000000000400000 memsz=0x3ed6 filesz=0x3ed6 flags=R-X U -> pages [0x0000000000400000..0x0000000000404000)
[elf] phdr[1] LOAD vaddr=0x0000000000404000 memsz=0x7d0 filesz=0x7d0 flags=R-- U -> pages [0x0000000000404000..0x0000000000405000)
[elf] phdr[2] LOAD vaddr=0x0000000000405000 memsz=0x1cc filesz=0x80 flags=RW- U -> pages [0x0000000000405000..0x0000000000406000)
[elf] load OK (user): 3 segment(s), entry=0x0000000000400000
[proc] created pid=2 ppid=1 'c_hello' entry=0x0000000000400000 rsp=0x00007fffffffffb0 cr3=0x153000 kstack=0xffffd0000001c4d0 argc=1 envc=1 cwd='/'
[c_hello] hello from libtoby (argc=1)
[c_hello] ALL OK
[_exit] code=0 caller=0x0000000000400124
[sys_exit] user requested exit, code=0 (0x0)
[proc] pid=2 'c_hello' exit code=0 (0x0) cpu=0 ms syscalls=6
[proc] reaped pid=2, slot recycled
[c_envtest][diag] AFTER system, sr=0
[c_envtest] system("c_hello") raw status=0x0
[c_envtest][diag] AFTER printf raw status
[c_envtest][diag] AFTER system EXPECTs
[c_envtest] recursive execvp test starting...
[elf] phdr[0] LOAD vaddr=0x0000000000400000 memsz=0x4ae6 filesz=0x4ae6 flags=R-X U -> pages [0x0000000000400000..0x0000000000405000)
[elf] phdr[1] LOAD vaddr=0x0000000000405000 memsz=0xde0 filesz=0xde0 flags=R-- U -> pages [0x0000000000405000..0x0000000000406000)
[elf] phdr[2] LOAD vaddr=0x0000000000406000 memsz=0x1f8 filesz=0xa0 flags=RW- U -> pages [0x0000000000406000..0x0000000000407000)
[elf] load OK (user): 3 segment(s), entry=0x0000000000400000
[proc] created pid=2 ppid=1 'c_envtest' entry=0x0000000000400000 rsp=0x00007fffffffff80 cr3=0x153000 kstack=0xffffd0000001c6b0 argc=3 envc=1 cwd='/'
[c_envtest][build] M25C-debug-rev3 alive
[c_envtest] (child) execvp -> 'c_hello'
[elf] phdr[0] LOAD vaddr=0x0000000000400000 memsz=0x3ed6 filesz=0x3ed6 flags=R-X U -> pages [0x0000000000400000..0x0000000000404000)
[elf] phdr[1] LOAD vaddr=0x0000000000404000 memsz=0x7d0 filesz=0x7d0 flags=R-- U -> pages [0x0000000000404000..0x0000000000405000)
[elf] phdr[2] LOAD vaddr=0x0000000000405000 memsz=0x1cc filesz=0x80 flags=RW- U -> pages [0x0000000000405000..0x0000000000406000)
[elf] load OK (user): 3 segment(s), entry=0x0000000000400000
[proc] created pid=3 ppid=2 'c_hello' entry=0x0000000000400000 rsp=0x00007fffffffffb0 cr3=0x165000 kstack=0xffffd000000209c0 argc=1 envc=1 cwd='/'
[c_hello] hello from libtoby (argc=1)
[c_hello] ALL OK
[_exit] code=0 caller=0x0000000000400124
[sys_exit] user requested exit, code=0 (0x0)
[proc] pid=3 'c_hello' exit code=0 (0x0) cpu=0 ms syscalls=6
[proc] reaped pid=3, slot recycled
[_exit] code=0 caller=0x0000000000402e0b
[sys_exit] user requested exit, code=0 (0x0)
[proc] pid=2 'c_envtest' exit code=0 (0x0) cpu=27 ms syscalls=9
[proc] reaped pid=2, slot recycled
[c_envtest] recursive child pid=2 status=0x0
[c_envtest] ALL OK
[_exit] code=0 caller=0x0000000000400f44
[sys_exit] user requested exit, code=0 (0x0)
[proc] pid=1 'c_envtest-boot' exit code=0 (0x0) cpu=87 ms syscalls=38
[proc] reaped pid=1, slot recycled
[boot] M25C: /bin/c_envtest (pid=1) exit=0 (PASS)
[boot] BSP LAPIC timer @ 100 Hz live (vec=0x40)
[smp] 4 CPU(s) total: BSP apic_id=0
[smp]   cpu0: apic_id=0 (BSP)
[smp]   cpu1: apic_id=1
[smp]   cpu2: apic_id=2
[smp]   cpu3: apic_id=3
CPU 0 online
  apic_id=0 (BSP)  stack=bootloader-provided
[smp] trampoline installed: phys=0x0000000000070000 virt=0xffff800000070000 len=1024 bytes
[smp] cpu1: INIT-SIPI-SIPI to apic_id=1 (tramp_vector=0x70, stack=0xffffd00000017fc0)
CPU 1 online
  apic_id=1 (acpi said 1)  stack_top=0xffffd00000017fc0
  cpu1: LAPIC timer @ 100 Hz live (vec=0x40)
[smp] cpu2: INIT-SIPI-SIPI to apic_id=2 (tramp_vector=0x70, stack=0xffffd0000001c530)
CPU 2 online
  apic_id=2 (acpi said 2)  stack_top=0xffffd0000001c530
  cpu2: LAPIC timer @ 100 Hz live (vec=0x40)
[smp] cpu3: INIT-SIPI-SIPI to apic_id=3 (tramp_vector=0x70, stack=0xffffd00000020840)
CPU 3 online
  apic_id=3 (acpi said 3)  stack_top=0xffffd00000020840
  cpu3: LAPIC timer @ 100 Hz live (vec=0x40)
[smp] 3/3 APs online (total 4 CPUs)
[net] nic=e1000:00:03.0 mac=52:54:00:12:34:56 -- starting up
[dhcp] DISCOVER xid=0x4ec9273d
[dhcp] OFFER  yiaddr=10.0.2.15 server=10.0.2.2
[dhcp] REQUEST requested=10.0.2.15
[dhcp] ACK    bound: ip=10.0.2.15 mask=255.255.255.0 gw=10.0.2.2 dns=10.0.2.3 lease=86400s (server=10.0.2.2)
[net] DHCP lease applied: ip=10.0.2.15 mask=255.255.255.0 gw=10.0.2.2 dns=10.0.2.3
[net] up: nic=e1000:00:03.0 ip=10.0.2.15 gw=10.0.2.2 mac=52:54:00:12:34:56
[net] gateway 10.0.2.2 -> 52:55:0a:00:02:02 (cached)
[net] dns     10.0.2.3 -> 52:55:0a:00:02:03 (cached)
[dns-test] >>> resolving example.com (boot smoke test)
[dns] query  id=0x9c8e example.com @ 10.0.2.3 (qbytes=29)
[dns] reply  id=0x9c8e example.com -> 104.20.23.154 (ttl=247s)
[dns-test]     example.com -> 104.20.23.154 (ttl=247s)
[dns-test] >>> resolving tobyos.invalid (NXDOMAIN probe)
[dns] query  id=0xc708 tobyos.invalid @ 10.0.2.3 (qbytes=32)
[dns] reply id=0xc708 rcode=3 (NXDOMAIN)
[dns] 'tobyos.invalid' failed: rcode=3 (NXDOMAIN)
[dns-test]     tobyos.invalid: failed as expected
[dns-test] <<< done
[tcp-test] >>> opening TCP connection to example.com:80
[dns] query  id=0x5034 example.com @ 10.0.2.3 (qbytes=29)
[dns] reply  id=0x5034 example.com -> 172.66.147.243 (ttl=247s)
[tcp] connect 172.66.147.243:80  lp=49152 isn=0x1c65967b
[tcp] ESTABLISHED  lp=49152 rp=80
[tcp-test]     handshake OK -- sending HTTP/1.0 probe
[tcp-test]     tcp_send returned 80
[tcp-test]     first bytes: "HTTP/1.1 200 OK 
Date: Fri, 24 Apr 2026 01:30:22 GMT 
Content-Type: text/html 
C"
[tcp-test]     server FIN; total bytes=797
[tcp] CLOSED       lp=49152 rp=80  (final state=CLOSED)
[tcp-test]     teardown OK.
[tcp-test] <<< done
[http-test] >>> GET http://example.com/
[dns] query  id=0xc786 example.com @ 10.0.2.3 (qbytes=29)
[dns] reply  id=0xc786 example.com -> 104.20.23.154 (ttl=246s)
[http] example.com -> 104.20.23.154:80/
[tcp] connect 104.20.23.154:80  lp=49153 isn=0x50168f6e
[tcp] ESTABLISHED  lp=49153 rp=80
[tcp] CLOSED       lp=49153 rp=80  (final state=CLOSED)
[http] 200 OK; body=528 bytes; type="text/html"
[http-test]     status=200 reason="OK" type="text/html" body=528 bytes
[http-test]     body[0..80]: "<!doctype html><html lang="en"><head><title>Example Domain</title><meta name="vi"
[http-test] <<< done
[gfx] back buffer 1280x800 (4000 KiB) ready, fb_pitch=1280 px, backend=limine-fb
[mouse] PS/2 driver up (IRQ12 routed via IO APIC)
[gui] window manager ready (max 8 windows, 18-px title bar)
[term] session pool ready (4 sessions, 4096-byte rings)
Welcome to tobyOS
milestone 14: services + settings + login. Boot drops into the GUI desktop with /bin/login.

[settings] loading /data/settings.conf (209 bytes)
[settings] cache:
  desktop.bg=0x00204060
  desktop.title=tobyOS
  desktop.greeting=Welcome to tobyOS
  user.last=toby
  user.greeting=Hello, friend!
  session.autostart=
[users] loading /data/users (86 bytes)
[users] cache (3 entries):
  root             uid=0 gid=0
  toby             uid=1000 gid=1000
  guest            uid=1001 gid=1001
[svc] service manager up (max 8 services)
[svc] registered builtin 'input'
[svc] registered builtin 'network'
[svc] registered builtin 'desktop'
[svc] registered builtin 'session'
[trace] level 0 -> 1
[gui] auto-enabled trace (level=1) for desktop session
[trace t=322 pid=0] gui_set_desktop_mode: off -> on
[gui] entering graphical mode
[session] init: last user='toby' (will be pre-filled at login)
[svc] registered program 'login' -> /bin/login (autorestart=1)
[trace t=323 pid=0] launch_enqueue '/bin/login' sandbox='' (head=1 tail=0)
[svc] 'login' enqueued (restart #1)
[svc] 5 services registered
  name         kind    state   auto pid rcnt  path
  input        builtin running 0    0   0     (builtin)
  network      builtin running 0    0   0     (builtin)
  desktop      builtin running 0    0   0     (builtin)
  session      builtin running 0    0   0     (builtin)
  login        program running 1    0   1     /bin/login
[pkg] package manager ready (apps=/data/apps db=/data/packages repo=/data/repo,/repo)
type 'help' to list commands.
tobyOS> [boot] M25C: driving shell with synthetic command lines
[shell-test] $ env
PATH=/bin
HOME=/
USER=admin
PWD=/
SHELL=tobysh
[shell-test] $ setenv M25C_FROM_SHELL yes
[shell-test] $ env
PATH=/bin
HOME=/
USER=admin
PWD=/
SHELL=tobysh
M25C_FROM_SHELL=yes
[shell-test] $ c_args from-shell PATH-resolved
[elf] phdr[0] LOAD vaddr=0x0000000000400000 memsz=0x3fe6 filesz=0x3fe6 flags=R-X U -> pages [0x0000000000400000..0x0000000000404000)
[elf] phdr[1] LOAD vaddr=0x0000000000404000 memsz=0x860 filesz=0x860 flags=R-- U -> pages [0x0000000000404000..0x0000000000405000)
[elf] phdr[2] LOAD vaddr=0x0000000000405000 memsz=0x1cc filesz=0x80 flags=RW- U -> pages [0x0000000000405000..0x0000000000406000)
[elf] load OK (user): 3 segment(s), entry=0x0000000000400000
[proc] created pid=1 ppid=0 'c_args' entry=0x0000000000400000 rsp=0x00007fffffffff20 cr3=0x553000 kstack=0xffffd000004122d0 argc=3 envc=6 cwd='/'
[c_args] argc=3
[c_args]   argv[0] = "c_args"
[c_args]   argv[1] = "from-shell"
[c_args]   argv[2] = "PATH-resolved"
[c_args] envc=6
[c_args]   envp[0] = "PATH=/bin"
[c_args]   envp[1] = "HOME=/"
[c_args]   envp[2] = "USER=admin"
[c_args]   envp[3] = "PWD=/"
[c_args] getenv("HOME") = /
[c_args] __toby_argc=3 __toby_argv=0x7fffffffff28 __toby_envp=0x7fffffffff48
[c_args] ALL OK
[_exit] code=0 caller=0x0000000000400234
[sys_exit] user requested exit, code=0 (0x0)
[proc] pid=1 'c_args' exit code=0 (0x0) cpu=0 ms syscalls=56
[proc] reaped pid=1, slot recycled
'c_args' (pid=1) returned 0 (0x0)
[shell-test] $ unsetenv M25C_FROM_SHELL
[boot] M25C: shell smoketest done
[trace t=327 pid=0] drain_launch_queue: spawning '/bin/login' sandbox='default'
[elf] phdr[0] LOAD vaddr=0x0000000000400000 memsz=0xe11 filesz=0xe11 flags=R-X U -> pages [0x0000000000400000..0x0000000000401000)
[elf] phdr[1] LOAD vaddr=0x0000000000401000 memsz=0x194 filesz=0x194 flags=R-- U -> pages [0x0000000000401000..0x0000000000402000)
[elf] phdr[2] LOAD vaddr=0x0000000000402000 memsz=0x30 filesz=0x18 flags=RW- U -> pages [0x0000000000402000..0x0000000000403000)
[elf] load OK (user): 3 segment(s), entry=0x0000000000400000
[proc] created pid=1 ppid=0 'login' entry=0x0000000000400000 rsp=0x00007fffffffffd0 cr3=0x553000 kstack=0xffffd00000412270 argc=0 envc=0 cwd='/'
[cap] pid=1 'login' sandbox='default' caps=FILE_READ,FILE_WRITE,EXEC,NET,GUI,TERM,SETTINGS_WRITE root=(none)
[trace t=328 pid=0] track_pid pid=1 slot=0
[gui] launched /bin/login as pid 1 (session=0)
[trace t=328 pid=0] drain_launch_queue: spawned '/bin/login' as pid=1 session=0
[svc] 'login' pid=1 (backfilled)
[trace t=328 pid=0] heartbeat windows=0 apps_alive=1 cursor=(640,400) btn=0x00 dirty=1 menu=0 desktop=1
[trace t=329 pid=1] window_create wid=1 owner_pid=1 size=380x220 pos=(60,40) title='tobyOS login'
[trace t=428 pid=0] heartbeat windows=1 apps_alive=1 cursor=(640,400) btn=0x00 dirty=0 menu=0 desktop=1
[trace t=528 pid=0] heartbeat windows=1 apps_alive=1 cursor=(640,400) btn=0x00 dirty=0 menu=0 desktop=1
[trace t=628 pid=0] heartbeat windows=1 apps_alive=1 cursor=(640,400) btn=0x00 dirty=0 menu=0 desktop=1
[trace t=728 pid=0] heartbeat windows=1 apps_alive=1 cursor=(640,400) btn=0x00 dirty=0 menu=0 desktop=1
[trace t=828 pid=0] heartbeat windows=1 apps_alive=1 cursor=(640,400) btn=0x00 dirty=0 menu=0 desktop=1
[trace t=928 pid=0] heartbeat windows=1 apps_alive=1 cursor=(640,400) btn=0x00 dirty=0 menu=0 desktop=1
[trace t=1028 pid=0] heartbeat windows=1 apps_alive=1 cursor=(640,400) btn=0x00 dirty=0 menu=0 desktop=1
[trace t=1128 pid=0] heartbeat windows=1 apps_alive=1 cursor=(640,400) btn=0x00 dirty=0 menu=0 desktop=1
[trace t=1228 pid=0] heartbeat windows=1 apps_alive=1 cursor=(640,400) btn=0x00 dirty=0 menu=0 desktop=1
[trace t=1328 pid=0] heartbeat windows=1 apps_alive=1 cursor=(640,400) btn=0x00 dirty=0 menu=0 desktop=1
[trace t=1428 pid=0] heartbeat windows=1 apps_alive=1 cursor=(640,400) btn=0x00 dirty=0 menu=0 desktop=1
[trace t=1528 pid=0] heartbeat windows=1 apps_alive=1 cursor=(640,400) btn=0x00 dirty=0 menu=0 desktop=1
[trace t=1628 pid=0] heartbeat windows=1 apps_alive=1 cursor=(640,400) btn=0x00 dirty=0 menu=0 desktop=1
[trace t=1728 pid=0] heartbeat windows=1 apps_alive=1 cursor=(640,400) btn=0x00 dirty=0 menu=0 desktop=1
[trace t=1828 pid=0] heartbeat windows=1 apps_alive=1 cursor=(640,400) btn=0x00 dirty=0 menu=0 desktop=1
[trace t=1928 pid=0] heartbeat windows=1 apps_alive=1 cursor=(640,400) btn=0x00 dirty=0 menu=0 desktop=1
[trace t=2028 pid=0] heartbeat windows=1 apps_alive=1 cursor=(640,400) btn=0x00 dirty=0 menu=0 desktop=1
[trace t=2128 pid=0] heartbeat windows=1 apps_alive=1 cursor=(640,400) btn=0x00 dirty=0 menu=0 desktop=1
[trace t=2228 pid=0] heartbeat windows=1 apps_alive=1 cursor=(640,400) btn=0x00 dirty=0 menu=0 desktop=1
[trace t=2328 pid=0] heartbeat windows=1 apps_alive=1 cursor=(640,400) btn=0x00 dirty=0 menu=0 desktop=1
[trace t=2428 pid=0] heartbeat windows=1 apps_alive=1 cursor=(640,400) btn=0x00 dirty=0 menu=0 desktop=1
[trace t=2528 pid=0] heartbeat windows=1 apps_alive=1 cursor=(640,400) btn=0x00 dirty=0 menu=0 desktop=1
[trace t=2628 pid=0] heartbeat windows=1 apps_alive=1 cursor=(640,400) btn=0x00 dirty=0 menu=0 desktop=1
[trace t=2728 pid=0] heartbeat windows=1 apps_alive=1 cursor=(640,400) btn=0x00 dirty=0 menu=0 desktop=1
[trace t=2828 pid=0] heartbeat windows=1 apps_alive=1 cursor=(640,400) btn=0x00 dirty=0 menu=0 desktop=1
[trace t=2928 pid=0] heartbeat windows=1 apps_alive=1 cursor=(640,400) btn=0x00 dirty=0 menu=0 desktop=1
[trace t=3028 pid=0] heartbeat windows=1 apps_alive=1 cursor=(640,400) btn=0x00 dirty=0 menu=0 desktop=1
[trace t=3128 pid=0] heartbeat windows=1 apps_alive=1 cursor=(640,400) btn=0x00 dirty=0 menu=0 desktop=1
[trace t=3228 pid=0] heartbeat windows=1 apps_alive=1 cursor=(640,400) btn=0x00 dirty=0 menu=0 desktop=1
[trace t=3328 pid=0] heartbeat windows=1 apps_alive=1 cursor=(640,400) btn=0x00 dirty=0 menu=0 desktop=1
[trace t=3428 pid=0] heartbeat windows=1 apps_alive=1 cursor=(640,400) btn=0x00 dirty=0 menu=0 desktop=1
[trace t=3528 pid=0] heartbeat windows=1 apps_alive=1 cursor=(640,400) btn=0x00 dirty=0 menu=0 desktop=1
[trace t=3628 pid=0] heartbeat windows=1 apps_alive=1 cursor=(640,400) btn=0x00 dirty=0 menu=0 desktop=1
[trace t=3728 pid=0] heartbeat windows=1 apps_alive=1 cursor=(640,400) btn=0x00 dirty=0 menu=0 desktop=1
[trace t=3828 pid=0] heartbeat windows=1 apps_alive=1 cursor=(640,400) btn=0x00 dirty=0 menu=0 desktop=1
[trace t=3928 pid=0] heartbeat windows=1 apps_alive=1 cursor=(640,400) btn=0x00 dirty=0 menu=0 desktop=1
[trace t=4028 pid=0] heartbeat windows=1 apps_alive=1 cursor=(640,400) btn=0x00 dirty=0 menu=0 desktop=1
[trace t=4128 pid=0] heartbeat windows=1 apps_alive=1 cursor=(640,400) btn=0x00 dirty=0 menu=0 desktop=1
[trace t=4228 pid=0] heartbeat windows=1 apps_alive=1 cursor=(640,400) btn=0x00 dirty=0 menu=0 desktop=1
[trace t=4328 pid=0] heartbeat windows=1 apps_alive=1 cursor=(640,400) btn=0x00 dirty=0 menu=0 desktop=1
[trace t=4428 pid=0] heartbeat windows=1 apps_alive=1 cursor=(640,400) btn=0x00 dirty=0 menu=0 desktop=1
[trace t=4528 pid=0] heartbeat windows=1 apps_alive=1 cursor=(640,400) btn=0x00 dirty=0 menu=0 desktop=1
[trace t=4628 pid=0] heartbeat windows=1 apps_alive=1 cursor=(640,400) btn=0x00 dirty=0 menu=0 desktop=1
[trace t=4728 pid=0] heartbeat windows=1 apps_alive=1 cursor=(640,400) btn=0x00 dirty=0 menu=0 desktop=1
[trace t=4828 pid=0] heartbeat windows=1 apps_alive=1 cursor=(640,400) btn=0x00 dirty=0 menu=0 desktop=1
[trace t=4928 pid=0] heartbeat windows=1 apps_alive=1 cursor=(640,400) btn=0x00 dirty=0 menu=0 desktop=1
[trace t=5028 pid=0] heartbeat windows=1 apps_alive=1 cursor=(640,400) btn=0x00 dirty=0 menu=0 desktop=1
[trace t=5128 pid=0] heartbeat windows=1 apps_alive=1 cursor=(640,400) btn=0x00 dirty=0 menu=0 desktop=1
[trace t=5228 pid=0] heartbeat windows=1 apps_alive=1 cursor=(640,400) btn=0x00 dirty=0 menu=0 desktop=1
